26-Sep-2024 10:59:05.339 INFO [main] org.apache.catalina.startup.VersionLoggerListener.log Server version name:   Apache Tomcat/9.0.95
26-Sep-2024 10:59:05.342 INFO [main] org.apache.catalina.startup.VersionLoggerListener.log Server built:          Sep 13 2024 18:07:47 UTC
26-Sep-2024 10:59:05.342 INFO [main] org.apache.catalina.startup.VersionLoggerListener.log Server version number: 9.0.95.0
26-Sep-2024 10:59:05.342 INFO [main] org.apache.catalina.startup.VersionLoggerListener.log OS Name:               Windows 11
26-Sep-2024 10:59:05.342 INFO [main] org.apache.catalina.startup.VersionLoggerListener.log OS Version:            10.0
26-Sep-2024 10:59:05.342 INFO [main] org.apache.catalina.startup.VersionLoggerListener.log Architecture:          amd64
26-Sep-2024 10:59:05.342 INFO [main] org.apache.catalina.startup.VersionLoggerListener.log Java Home:             C:\Users\MZiad\.jdks\corretto-11.0.24
26-Sep-2024 10:59:05.342 INFO [main] org.apache.catalina.startup.VersionLoggerListener.log JVM Version:           11.0.24+8-LTS
26-Sep-2024 10:59:05.343 INFO [main] org.apache.catalina.startup.VersionLoggerListener.log JVM Vendor:            Amazon.com Inc.
26-Sep-2024 10:59:05.343 INFO [main] org.apache.catalina.startup.VersionLoggerListener.log CATALINA_BASE:         C:\Users\MZiad\IdeaProjects\call-center
26-Sep-2024 10:59:05.343 INFO [main] org.apache.catalina.startup.VersionLoggerListener.log CATALINA_HOME:         C:\Program Files\Tomcat\apache-tomcat-9.0.95
26-Sep-2024 10:59:05.353 INFO [main] org.apache.catalina.startup.VersionLoggerListener.log Command line argument: --add-opens=java.base/java.lang=ALL-UNNAMED
26-Sep-2024 10:59:05.353 INFO [main] org.apache.catalina.startup.VersionLoggerListener.log Command line argument: --add-opens=java.base/java.io=ALL-UNNAMED
26-Sep-2024 10:59:05.353 INFO [main] org.apache.catalina.startup.VersionLoggerListener.log Command line argument: --add-opens=java.base/java.util=ALL-UNNAMED
26-Sep-2024 10:59:05.353 INFO [main] org.apache.catalina.startup.VersionLoggerListener.log Command line argument: --add-opens=java.base/java.util.concurrent=ALL-UNNAMED
26-Sep-2024 10:59:05.353 INFO [main] org.apache.catalina.startup.VersionLoggerListener.log Command line argument: --add-opens=java.rmi/sun.rmi.transport=ALL-UNNAMED
26-Sep-2024 10:59:05.353 INFO [main] org.apache.catalina.startup.VersionLoggerListener.log Command line argument: -Dcatalina.home=C:\Program Files\Tomcat\apache-tomcat-9.0.95
26-Sep-2024 10:59:05.354 INFO [main] org.apache.catalina.startup.VersionLoggerListener.log Command line argument: -Dcatalina.base=C:\Users\MZiad\IdeaProjects\call-center
26-Sep-2024 10:59:05.354 INFO [main] org.apache.catalina.startup.VersionLoggerListener.log Command line argument: -Djava.io.tmpdir=C:\Users\MZiad\IdeaProjects\call-center\temp
26-Sep-2024 10:59:05.354 INFO [main] org.apache.catalina.startup.VersionLoggerListener.log Command line argument: -Djava.util.logging.config.file=C:\Users\MZiad\IdeaProjects\call-center\conf\logging.properties
26-Sep-2024 10:59:05.354 INFO [main] org.apache.catalina.startup.VersionLoggerListener.log Command line argument: -Djava.util.logging.manager=org.apache.juli.ClassLoaderLogManager
26-Sep-2024 10:59:05.354 INFO [main] org.apache.catalina.startup.VersionLoggerListener.log Command line argument: -javaagent:C:\Program Files\JetBrains\IntelliJ IDEA 2024.2.1\lib\idea_rt.jar=52758:C:\Program Files\JetBrains\IntelliJ IDEA 2024.2.1\bin
26-Sep-2024 10:59:05.354 INFO [main] org.apache.catalina.startup.VersionLoggerListener.log Command line argument: -Dfile.encoding=UTF-8
26-Sep-2024 10:59:05.370 INFO [main] org.apache.catalina.core.AprLifecycleListener.lifecycleEvent Loaded Apache Tomcat Native library [1.3.1] using APR version [1.7.4].
26-Sep-2024 10:59:05.371 INFO [main] org.apache.catalina.core.AprLifecycleListener.lifecycleEvent APR capabilities: IPv6 [true], sendfile [true], accept filters [false], random [true], UDS [true].
26-Sep-2024 10:59:05.371 INFO [main] org.apache.catalina.core.AprLifecycleListener.lifecycleEvent APR/OpenSSL configuration: useAprConnector [false], useOpenSSL [true]
26-Sep-2024 10:59:05.377 INFO [main] org.apache.catalina.core.AprLifecycleListener.initializeSSL OpenSSL successfully initialized [OpenSSL 3.0.14 4 Jun 2024]
26-Sep-2024 10:59:05.670 INFO [main] org.apache.coyote.AbstractProtocol.init Initializing ProtocolHandler ["http-nio-8080"]
26-Sep-2024 10:59:05.697 INFO [main] org.apache.catalina.startup.Catalina.load Server initialization in [594] milliseconds
26-Sep-2024 10:59:05.814 INFO [main] org.apache.catalina.core.StandardService.startInternal Starting service [Catalina]
26-Sep-2024 10:59:05.814 INFO [main] org.apache.catalina.core.StandardEngine.startInternal Starting Servlet engine: [Apache Tomcat/9.0.95]
26-Sep-2024 10:59:05.823 INFO [main] org.apache.catalina.startup.HostConfig.deployDescriptor Deploying deployment descriptor [C:\Users\MZiad\IdeaProjects\call-center\conf\Catalina\localhost\call-center.xml]
26-Sep-2024 10:59:09.101 INFO [main] org.apache.jasper.servlet.TldScanner.scanJars At least one JAR was scanned for TLDs yet contained no TLDs. Enable debug logging for this logger for a complete list of JARs that were scanned but no TLDs were found in them. Skipping unneeded JARs during scanning can improve startup time and JSP compilation time.
26-Sep-2024 10:59:09.387 INFO [main] com.sun.faces.config.ConfigureListener.contextInitialized Initializing Mojarra 2.3.9 ( 20190401-1936 77894020e94a338c9701619b7ef6e9871c5a9079) for context '/call-center'
26-Sep-2024 10:59:09.603 INFO [main] com.sun.faces.spi.InjectionProviderFactory.createInstance JSF1048: PostConstruct/PreDestroy annotations present.  ManagedBeans methods marked with these annotations will have said annotations processed.
26-Sep-2024 10:59:11.208 INFO [main] org.primefaces.webapp.PostConstructApplicationEventListener.processEvent Running on PrimeFaces 10.0.0
26-Sep-2024 10:59:11.213 INFO [main] org.springframework.web.context.ContextLoader.initWebApplicationContext Root WebApplicationContext: initialization started
26-Sep-2024 10:59:12.441 INFO [main] org.springframework.web.context.ContextLoader.initWebApplicationContext Root WebApplicationContext initialized in 1227 ms
26-Sep-2024 10:59:12.642 WARNING [main] org.apache.catalina.util.SessionIdGeneratorBase.createSecureRandom Creation of SecureRandom instance for session ID generation using [SHA1PRNG] took [201] milliseconds.
26-Sep-2024 10:59:12.673 INFO [main] org.springframework.web.servlet.FrameworkServlet.initServletBean Initializing Servlet 'dispatcher'
26-Sep-2024 10:59:12.987 INFO [main] org.springframework.web.servlet.FrameworkServlet.initServletBean Completed initialization in 314 ms
26-Sep-2024 10:59:12.996 INFO [main] org.apache.catalina.startup.HostConfig.deployDescriptor Deployment of deployment descriptor [C:\Users\MZiad\IdeaProjects\call-center\conf\Catalina\localhost\call-center.xml] has finished in [7,174] ms
26-Sep-2024 10:59:13.003 INFO [main] org.apache.coyote.AbstractProtocol.start Starting ProtocolHandler ["http-nio-8080"]
26-Sep-2024 10:59:13.016 INFO [main] org.apache.catalina.startup.Catalina.start Server startup in [7318] milliseconds
26-Sep-2024 11:00:24.097 INFO [Thread-1] org.apache.coyote.AbstractProtocol.pause Pausing ProtocolHandler ["http-nio-8080"]
26-Sep-2024 11:00:24.489 INFO [Thread-1] org.apache.catalina.core.StandardService.stopInternal Stopping service [Catalina]
26-Sep-2024 11:00:24.505 WARNING [Thread-1] org.apache.catalina.loader.WebappClassLoaderBase.clearReferencesJdbc The web application [call-center] registered the JDBC driver [com.microsoft.sqlserver.jdbc.SQLServerDriver] but failed to unregister it when the web application was stopped. To prevent a memory leak, the JDBC Driver has been forcibly unregistered.
26-Sep-2024 11:00:24.520 INFO [Thread-1] org.apache.coyote.AbstractProtocol.stop Stopping ProtocolHandler ["http-nio-8080"]
26-Sep-2024 11:00:24.536 INFO [Thread-1] org.apache.coyote.AbstractProtocol.destroy Destroying ProtocolHandler ["http-nio-8080"]
26-Sep-2024 11:24:18.265 INFO [main] org.apache.catalina.startup.VersionLoggerListener.log Server version name:   Apache Tomcat/9.0.95
26-Sep-2024 11:24:18.269 INFO [main] org.apache.catalina.startup.VersionLoggerListener.log Server built:          Sep 13 2024 18:07:47 UTC
26-Sep-2024 11:24:18.269 INFO [main] org.apache.catalina.startup.VersionLoggerListener.log Server version number: 9.0.95.0
26-Sep-2024 11:24:18.269 INFO [main] org.apache.catalina.startup.VersionLoggerListener.log OS Name:               Windows 11
26-Sep-2024 11:24:18.269 INFO [main] org.apache.catalina.startup.VersionLoggerListener.log OS Version:            10.0
26-Sep-2024 11:24:18.269 INFO [main] org.apache.catalina.startup.VersionLoggerListener.log Architecture:          amd64
26-Sep-2024 11:24:18.269 INFO [main] org.apache.catalina.startup.VersionLoggerListener.log Java Home:             C:\Users\MZiad\.jdks\corretto-11.0.24
26-Sep-2024 11:24:18.269 INFO [main] org.apache.catalina.startup.VersionLoggerListener.log JVM Version:           11.0.24+8-LTS
26-Sep-2024 11:24:18.270 INFO [main] org.apache.catalina.startup.VersionLoggerListener.log JVM Vendor:            Amazon.com Inc.
26-Sep-2024 11:24:18.270 INFO [main] org.apache.catalina.startup.VersionLoggerListener.log CATALINA_BASE:         C:\Users\MZiad\IdeaProjects\call-center
26-Sep-2024 11:24:18.270 INFO [main] org.apache.catalina.startup.VersionLoggerListener.log CATALINA_HOME:         C:\Program Files\Tomcat\apache-tomcat-9.0.95
26-Sep-2024 11:24:18.281 INFO [main] org.apache.catalina.startup.VersionLoggerListener.log Command line argument: --add-opens=java.base/java.lang=ALL-UNNAMED
26-Sep-2024 11:24:18.281 INFO [main] org.apache.catalina.startup.VersionLoggerListener.log Command line argument: --add-opens=java.base/java.io=ALL-UNNAMED
26-Sep-2024 11:24:18.282 INFO [main] org.apache.catalina.startup.VersionLoggerListener.log Command line argument: --add-opens=java.base/java.util=ALL-UNNAMED
26-Sep-2024 11:24:18.282 INFO [main] org.apache.catalina.startup.VersionLoggerListener.log Command line argument: --add-opens=java.base/java.util.concurrent=ALL-UNNAMED
26-Sep-2024 11:24:18.282 INFO [main] org.apache.catalina.startup.VersionLoggerListener.log Command line argument: --add-opens=java.rmi/sun.rmi.transport=ALL-UNNAMED
26-Sep-2024 11:24:18.283 INFO [main] org.apache.catalina.startup.VersionLoggerListener.log Command line argument: -Dcatalina.home=C:\Program Files\Tomcat\apache-tomcat-9.0.95
26-Sep-2024 11:24:18.283 INFO [main] org.apache.catalina.startup.VersionLoggerListener.log Command line argument: -Dcatalina.base=C:\Users\MZiad\IdeaProjects\call-center
26-Sep-2024 11:24:18.283 INFO [main] org.apache.catalina.startup.VersionLoggerListener.log Command line argument: -Djava.io.tmpdir=C:\Users\MZiad\IdeaProjects\call-center\temp
26-Sep-2024 11:24:18.283 INFO [main] org.apache.catalina.startup.VersionLoggerListener.log Command line argument: -Djava.util.logging.config.file=C:\Users\MZiad\IdeaProjects\call-center\conf\logging.properties
26-Sep-2024 11:24:18.283 INFO [main] org.apache.catalina.startup.VersionLoggerListener.log Command line argument: -Djava.util.logging.manager=org.apache.juli.ClassLoaderLogManager
26-Sep-2024 11:24:18.283 INFO [main] org.apache.catalina.startup.VersionLoggerListener.log Command line argument: -javaagent:C:\Program Files\JetBrains\IntelliJ IDEA 2024.2.1\lib\idea_rt.jar=53002:C:\Program Files\JetBrains\IntelliJ IDEA 2024.2.1\bin
26-Sep-2024 11:24:18.283 INFO [main] org.apache.catalina.startup.VersionLoggerListener.log Command line argument: -Dfile.encoding=UTF-8
26-Sep-2024 11:24:18.307 INFO [main] org.apache.catalina.core.AprLifecycleListener.lifecycleEvent Loaded Apache Tomcat Native library [1.3.1] using APR version [1.7.4].
26-Sep-2024 11:24:18.307 INFO [main] org.apache.catalina.core.AprLifecycleListener.lifecycleEvent APR capabilities: IPv6 [true], sendfile [true], accept filters [false], random [true], UDS [true].
26-Sep-2024 11:24:18.307 INFO [main] org.apache.catalina.core.AprLifecycleListener.lifecycleEvent APR/OpenSSL configuration: useAprConnector [false], useOpenSSL [true]
26-Sep-2024 11:24:18.317 INFO [main] org.apache.catalina.core.AprLifecycleListener.initializeSSL OpenSSL successfully initialized [OpenSSL 3.0.14 4 Jun 2024]
26-Sep-2024 11:24:18.634 INFO [main] org.apache.coyote.AbstractProtocol.init Initializing ProtocolHandler ["http-nio-8080"]
26-Sep-2024 11:24:18.654 INFO [main] org.apache.catalina.startup.Catalina.load Server initialization in [589] milliseconds
26-Sep-2024 11:24:18.740 INFO [main] org.apache.catalina.core.StandardService.startInternal Starting service [Catalina]
26-Sep-2024 11:24:18.740 INFO [main] org.apache.catalina.core.StandardEngine.startInternal Starting Servlet engine: [Apache Tomcat/9.0.95]
26-Sep-2024 11:24:18.748 INFO [main] org.apache.catalina.startup.HostConfig.deployDescriptor Deploying deployment descriptor [C:\Users\MZiad\IdeaProjects\call-center\conf\Catalina\localhost\call-center.xml]
26-Sep-2024 11:24:22.393 INFO [main] org.apache.jasper.servlet.TldScanner.scanJars At least one JAR was scanned for TLDs yet contained no TLDs. Enable debug logging for this logger for a complete list of JARs that were scanned but no TLDs were found in them. Skipping unneeded JARs during scanning can improve startup time and JSP compilation time.
26-Sep-2024 11:24:22.658 INFO [main] com.sun.faces.config.ConfigureListener.contextInitialized Initializing Mojarra 2.3.9 ( 20190401-1936 77894020e94a338c9701619b7ef6e9871c5a9079) for context '/call-center'
26-Sep-2024 11:24:22.838 INFO [main] com.sun.faces.spi.InjectionProviderFactory.createInstance JSF1048: PostConstruct/PreDestroy annotations present.  ManagedBeans methods marked with these annotations will have said annotations processed.
26-Sep-2024 11:24:24.407 INFO [main] org.primefaces.webapp.PostConstructApplicationEventListener.processEvent Running on PrimeFaces 10.0.0
26-Sep-2024 11:24:24.409 INFO [main] org.springframework.web.context.ContextLoader.initWebApplicationContext Root WebApplicationContext: initialization started
26-Sep-2024 11:24:25.409 INFO [main] org.springframework.web.context.ContextLoader.initWebApplicationContext Root WebApplicationContext initialized in 1000 ms
26-Sep-2024 11:24:25.604 WARNING [main] org.apache.catalina.util.SessionIdGeneratorBase.createSecureRandom Creation of SecureRandom instance for session ID generation using [SHA1PRNG] took [193] milliseconds.
26-Sep-2024 11:24:25.628 INFO [main] org.springframework.web.servlet.FrameworkServlet.initServletBean Initializing Servlet 'dispatcher'
26-Sep-2024 11:24:25.964 INFO [main] org.springframework.web.servlet.FrameworkServlet.initServletBean Completed initialization in 336 ms
26-Sep-2024 11:24:25.975 INFO [main] org.apache.catalina.startup.HostConfig.deployDescriptor Deployment of deployment descriptor [C:\Users\MZiad\IdeaProjects\call-center\conf\Catalina\localhost\call-center.xml] has finished in [7,227] ms
26-Sep-2024 11:24:25.981 INFO [main] org.apache.coyote.AbstractProtocol.start Starting ProtocolHandler ["http-nio-8080"]
26-Sep-2024 11:24:25.997 INFO [main] org.apache.catalina.startup.Catalina.start Server startup in [7343] milliseconds
26-Sep-2024 11:24:42.159 INFO [Thread-1] org.apache.coyote.AbstractProtocol.pause Pausing ProtocolHandler ["http-nio-8080"]
26-Sep-2024 11:24:42.561 INFO [Thread-1] org.apache.catalina.core.StandardService.stopInternal Stopping service [Catalina]
26-Sep-2024 11:24:42.811 WARNING [Thread-1] org.apache.catalina.loader.WebappClassLoaderBase.clearReferencesJdbc The web application [call-center] registered the JDBC driver [com.microsoft.sqlserver.jdbc.SQLServerDriver] but failed to unregister it when the web application was stopped. To prevent a memory leak, the JDBC Driver has been forcibly unregistered.
26-Sep-2024 11:24:42.822 INFO [Thread-1] org.apache.coyote.AbstractProtocol.stop Stopping ProtocolHandler ["http-nio-8080"]
26-Sep-2024 11:24:42.826 INFO [Thread-1] org.apache.coyote.AbstractProtocol.destroy Destroying ProtocolHandler ["http-nio-8080"]
26-Sep-2024 11:24:48.435 INFO [main] org.apache.catalina.startup.VersionLoggerListener.log Server version name:   Apache Tomcat/9.0.95
26-Sep-2024 11:24:48.438 INFO [main] org.apache.catalina.startup.VersionLoggerListener.log Server built:          Sep 13 2024 18:07:47 UTC
26-Sep-2024 11:24:48.439 INFO [main] org.apache.catalina.startup.VersionLoggerListener.log Server version number: 9.0.95.0
26-Sep-2024 11:24:48.439 INFO [main] org.apache.catalina.startup.VersionLoggerListener.log OS Name:               Windows 11
26-Sep-2024 11:24:48.439 INFO [main] org.apache.catalina.startup.VersionLoggerListener.log OS Version:            10.0
26-Sep-2024 11:24:48.439 INFO [main] org.apache.catalina.startup.VersionLoggerListener.log Architecture:          amd64
26-Sep-2024 11:24:48.439 INFO [main] org.apache.catalina.startup.VersionLoggerListener.log Java Home:             C:\Users\MZiad\.jdks\corretto-11.0.24
26-Sep-2024 11:24:48.439 INFO [main] org.apache.catalina.startup.VersionLoggerListener.log JVM Version:           11.0.24+8-LTS
26-Sep-2024 11:24:48.439 INFO [main] org.apache.catalina.startup.VersionLoggerListener.log JVM Vendor:            Amazon.com Inc.
26-Sep-2024 11:24:48.439 INFO [main] org.apache.catalina.startup.VersionLoggerListener.log CATALINA_BASE:         C:\Users\MZiad\IdeaProjects\call-center
26-Sep-2024 11:24:48.440 INFO [main] org.apache.catalina.startup.VersionLoggerListener.log CATALINA_HOME:         C:\Program Files\Tomcat\apache-tomcat-9.0.95
26-Sep-2024 11:24:48.449 INFO [main] org.apache.catalina.startup.VersionLoggerListener.log Command line argument: --add-opens=java.base/java.lang=ALL-UNNAMED
26-Sep-2024 11:24:48.450 INFO [main] org.apache.catalina.startup.VersionLoggerListener.log Command line argument: --add-opens=java.base/java.io=ALL-UNNAMED
26-Sep-2024 11:24:48.450 INFO [main] org.apache.catalina.startup.VersionLoggerListener.log Command line argument: --add-opens=java.base/java.util=ALL-UNNAMED
26-Sep-2024 11:24:48.450 INFO [main] org.apache.catalina.startup.VersionLoggerListener.log Command line argument: --add-opens=java.base/java.util.concurrent=ALL-UNNAMED
26-Sep-2024 11:24:48.450 INFO [main] org.apache.catalina.startup.VersionLoggerListener.log Command line argument: --add-opens=java.rmi/sun.rmi.transport=ALL-UNNAMED
26-Sep-2024 11:24:48.450 INFO [main] org.apache.catalina.startup.VersionLoggerListener.log Command line argument: -Dcatalina.home=C:\Program Files\Tomcat\apache-tomcat-9.0.95
26-Sep-2024 11:24:48.450 INFO [main] org.apache.catalina.startup.VersionLoggerListener.log Command line argument: -Dcatalina.base=C:\Users\MZiad\IdeaProjects\call-center
26-Sep-2024 11:24:48.450 INFO [main] org.apache.catalina.startup.VersionLoggerListener.log Command line argument: -Djava.io.tmpdir=C:\Users\MZiad\IdeaProjects\call-center\temp
26-Sep-2024 11:24:48.450 INFO [main] org.apache.catalina.startup.VersionLoggerListener.log Command line argument: -Djava.util.logging.config.file=C:\Users\MZiad\IdeaProjects\call-center\conf\logging.properties
26-Sep-2024 11:24:48.450 INFO [main] org.apache.catalina.startup.VersionLoggerListener.log Command line argument: -Djava.util.logging.manager=org.apache.juli.ClassLoaderLogManager
26-Sep-2024 11:24:48.451 INFO [main] org.apache.catalina.startup.VersionLoggerListener.log Command line argument: -javaagent:C:\Program Files\JetBrains\IntelliJ IDEA 2024.2.1\lib\idea_rt.jar=53052:C:\Program Files\JetBrains\IntelliJ IDEA 2024.2.1\bin
26-Sep-2024 11:24:48.451 INFO [main] org.apache.catalina.startup.VersionLoggerListener.log Command line argument: -Dfile.encoding=UTF-8
26-Sep-2024 11:24:48.465 INFO [main] org.apache.catalina.core.AprLifecycleListener.lifecycleEvent Loaded Apache Tomcat Native library [1.3.1] using APR version [1.7.4].
26-Sep-2024 11:24:48.466 INFO [main] org.apache.catalina.core.AprLifecycleListener.lifecycleEvent APR capabilities: IPv6 [true], sendfile [true], accept filters [false], random [true], UDS [true].
26-Sep-2024 11:24:48.466 INFO [main] org.apache.catalina.core.AprLifecycleListener.lifecycleEvent APR/OpenSSL configuration: useAprConnector [false], useOpenSSL [true]
26-Sep-2024 11:24:48.474 INFO [main] org.apache.catalina.core.AprLifecycleListener.initializeSSL OpenSSL successfully initialized [OpenSSL 3.0.14 4 Jun 2024]
26-Sep-2024 11:24:48.805 INFO [main] org.apache.coyote.AbstractProtocol.init Initializing ProtocolHandler ["http-nio-8080"]
26-Sep-2024 11:24:48.840 INFO [main] org.apache.catalina.startup.Catalina.load Server initialization in [664] milliseconds
26-Sep-2024 11:24:48.961 INFO [main] org.apache.catalina.core.StandardService.startInternal Starting service [Catalina]
26-Sep-2024 11:24:48.961 INFO [main] org.apache.catalina.core.StandardEngine.startInternal Starting Servlet engine: [Apache Tomcat/9.0.95]
26-Sep-2024 11:24:48.976 INFO [main] org.apache.catalina.startup.HostConfig.deployDescriptor Deploying deployment descriptor [C:\Users\MZiad\IdeaProjects\call-center\conf\Catalina\localhost\call-center.xml]
26-Sep-2024 11:24:52.466 INFO [main] org.apache.jasper.servlet.TldScanner.scanJars At least one JAR was scanned for TLDs yet contained no TLDs. Enable debug logging for this logger for a complete list of JARs that were scanned but no TLDs were found in them. Skipping unneeded JARs during scanning can improve startup time and JSP compilation time.
26-Sep-2024 11:24:52.774 INFO [main] com.sun.faces.config.ConfigureListener.contextInitialized Initializing Mojarra 2.3.9 ( 20190401-1936 77894020e94a338c9701619b7ef6e9871c5a9079) for context '/call-center'
26-Sep-2024 11:24:52.955 INFO [main] com.sun.faces.spi.InjectionProviderFactory.createInstance JSF1048: PostConstruct/PreDestroy annotations present.  ManagedBeans methods marked with these annotations will have said annotations processed.
26-Sep-2024 11:24:54.520 INFO [main] org.primefaces.webapp.PostConstructApplicationEventListener.processEvent Running on PrimeFaces 10.0.0
26-Sep-2024 11:24:54.523 INFO [main] org.springframework.web.context.ContextLoader.initWebApplicationContext Root WebApplicationContext: initialization started
26-Sep-2024 11:24:55.647 INFO [main] org.springframework.web.context.ContextLoader.initWebApplicationContext Root WebApplicationContext initialized in 1124 ms
26-Sep-2024 11:24:55.852 WARNING [main] org.apache.catalina.util.SessionIdGeneratorBase.createSecureRandom Creation of SecureRandom instance for session ID generation using [SHA1PRNG] took [203] milliseconds.
26-Sep-2024 11:24:55.893 INFO [main] org.springframework.web.servlet.FrameworkServlet.initServletBean Initializing Servlet 'dispatcher'
26-Sep-2024 11:24:56.250 INFO [main] org.springframework.web.servlet.FrameworkServlet.initServletBean Completed initialization in 356 ms
26-Sep-2024 11:24:56.259 INFO [main] org.apache.catalina.startup.HostConfig.deployDescriptor Deployment of deployment descriptor [C:\Users\MZiad\IdeaProjects\call-center\conf\Catalina\localhost\call-center.xml] has finished in [7,283] ms
26-Sep-2024 11:24:56.266 INFO [main] org.apache.coyote.AbstractProtocol.start Starting ProtocolHandler ["http-nio-8080"]
26-Sep-2024 11:24:56.288 INFO [main] org.apache.catalina.startup.Catalina.start Server startup in [7447] milliseconds
26-Sep-2024 11:26:36.373 INFO [Catalina-utility-2] org.apache.catalina.startup.HostConfig.reload Reloading context [/call-center]
26-Sep-2024 11:26:36.375 INFO [Catalina-utility-2] org.apache.catalina.core.StandardContext.reload Reloading Context with name [/call-center] has started
26-Sep-2024 11:26:36.393 WARNING [Catalina-utility-2] org.apache.catalina.loader.WebappClassLoaderBase.clearReferencesJdbc The web application [call-center] registered the JDBC driver [com.microsoft.sqlserver.jdbc.SQLServerDriver] but failed to unregister it when the web application was stopped. To prevent a memory leak, the JDBC Driver has been forcibly unregistered.
26-Sep-2024 11:26:38.867 INFO [Catalina-utility-2] org.apache.jasper.servlet.TldScanner.scanJars At least one JAR was scanned for TLDs yet contained no TLDs. Enable debug logging for this logger for a complete list of JARs that were scanned but no TLDs were found in them. Skipping unneeded JARs during scanning can improve startup time and JSP compilation time.
26-Sep-2024 11:26:39.090 INFO [Catalina-utility-2] com.sun.faces.config.ConfigureListener.contextInitialized Initializing Mojarra 2.3.9 ( 20190401-1936 77894020e94a338c9701619b7ef6e9871c5a9079) for context '/call-center'
26-Sep-2024 11:26:39.199 INFO [Catalina-utility-2] com.sun.faces.spi.InjectionProviderFactory.createInstance JSF1048: PostConstruct/PreDestroy annotations present.  ManagedBeans methods marked with these annotations will have said annotations processed.
26-Sep-2024 11:26:40.257 INFO [Catalina-utility-2] org.primefaces.webapp.PostConstructApplicationEventListener.processEvent Running on PrimeFaces 10.0.0
26-Sep-2024 11:26:40.259 INFO [Catalina-utility-2] org.springframework.web.context.ContextLoader.initWebApplicationContext Root WebApplicationContext: initialization started
26-Sep-2024 11:26:41.048 INFO [Catalina-utility-2] org.springframework.web.context.ContextLoader.initWebApplicationContext Root WebApplicationContext initialized in 789 ms
26-Sep-2024 11:26:41.073 INFO [Catalina-utility-2] org.springframework.web.servlet.FrameworkServlet.initServletBean Initializing Servlet 'dispatcher'
26-Sep-2024 11:26:41.320 INFO [Catalina-utility-2] org.springframework.web.servlet.FrameworkServlet.initServletBean Completed initialization in 247 ms
26-Sep-2024 11:26:41.320 INFO [Catalina-utility-2] org.apache.catalina.core.StandardContext.reload Reloading Context with name [/call-center] is completed
26-Sep-2024 11:29:11.650 INFO [Thread-1] org.apache.coyote.AbstractProtocol.pause Pausing ProtocolHandler ["http-nio-8080"]
26-Sep-2024 11:29:12.015 INFO [Thread-1] org.apache.catalina.core.StandardService.stopInternal Stopping service [Catalina]
26-Sep-2024 11:29:12.030 WARNING [Thread-1] org.apache.catalina.loader.WebappClassLoaderBase.clearReferencesJdbc The web application [call-center] registered the JDBC driver [com.microsoft.sqlserver.jdbc.SQLServerDriver] but failed to unregister it when the web application was stopped. To prevent a memory leak, the JDBC Driver has been forcibly unregistered.
26-Sep-2024 11:29:12.039 INFO [Thread-1] org.apache.coyote.AbstractProtocol.stop Stopping ProtocolHandler ["http-nio-8080"]
26-Sep-2024 11:29:12.050 INFO [Thread-1] org.apache.coyote.AbstractProtocol.destroy Destroying ProtocolHandler ["http-nio-8080"]
26-Sep-2024 11:32:29.456 INFO [main] org.apache.catalina.startup.VersionLoggerListener.log Server version name:   Apache Tomcat/9.0.95
26-Sep-2024 11:32:29.459 INFO [main] org.apache.catalina.startup.VersionLoggerListener.log Server built:          Sep 13 2024 18:07:47 UTC
26-Sep-2024 11:32:29.459 INFO [main] org.apache.catalina.startup.VersionLoggerListener.log Server version number: 9.0.95.0
26-Sep-2024 11:32:29.459 INFO [main] org.apache.catalina.startup.VersionLoggerListener.log OS Name:               Windows 11
26-Sep-2024 11:32:29.459 INFO [main] org.apache.catalina.startup.VersionLoggerListener.log OS Version:            10.0
26-Sep-2024 11:32:29.459 INFO [main] org.apache.catalina.startup.VersionLoggerListener.log Architecture:          amd64
26-Sep-2024 11:32:29.459 INFO [main] org.apache.catalina.startup.VersionLoggerListener.log Java Home:             C:\Users\MZiad\.jdks\corretto-11.0.24
26-Sep-2024 11:32:29.459 INFO [main] org.apache.catalina.startup.VersionLoggerListener.log JVM Version:           11.0.24+8-LTS
26-Sep-2024 11:32:29.459 INFO [main] org.apache.catalina.startup.VersionLoggerListener.log JVM Vendor:            Amazon.com Inc.
26-Sep-2024 11:32:29.459 INFO [main] org.apache.catalina.startup.VersionLoggerListener.log CATALINA_BASE:         C:\Users\MZiad\IdeaProjects\call-center
26-Sep-2024 11:32:29.459 INFO [main] org.apache.catalina.startup.VersionLoggerListener.log CATALINA_HOME:         C:\Program Files\Tomcat\apache-tomcat-9.0.95
26-Sep-2024 11:32:29.469 INFO [main] org.apache.catalina.startup.VersionLoggerListener.log Command line argument: --add-opens=java.base/java.lang=ALL-UNNAMED
26-Sep-2024 11:32:29.469 INFO [main] org.apache.catalina.startup.VersionLoggerListener.log Command line argument: --add-opens=java.base/java.io=ALL-UNNAMED
26-Sep-2024 11:32:29.470 INFO [main] org.apache.catalina.startup.VersionLoggerListener.log Command line argument: --add-opens=java.base/java.util=ALL-UNNAMED
26-Sep-2024 11:32:29.470 INFO [main] org.apache.catalina.startup.VersionLoggerListener.log Command line argument: --add-opens=java.base/java.util.concurrent=ALL-UNNAMED
26-Sep-2024 11:32:29.470 INFO [main] org.apache.catalina.startup.VersionLoggerListener.log Command line argument: --add-opens=java.rmi/sun.rmi.transport=ALL-UNNAMED
26-Sep-2024 11:32:29.470 INFO [main] org.apache.catalina.startup.VersionLoggerListener.log Command line argument: -Dcatalina.home=C:\Program Files\Tomcat\apache-tomcat-9.0.95
26-Sep-2024 11:32:29.470 INFO [main] org.apache.catalina.startup.VersionLoggerListener.log Command line argument: -Dcatalina.base=C:\Users\MZiad\IdeaProjects\call-center
26-Sep-2024 11:32:29.470 INFO [main] org.apache.catalina.startup.VersionLoggerListener.log Command line argument: -Djava.io.tmpdir=C:\Users\MZiad\IdeaProjects\call-center\temp
26-Sep-2024 11:32:29.470 INFO [main] org.apache.catalina.startup.VersionLoggerListener.log Command line argument: -Djava.util.logging.config.file=C:\Users\MZiad\IdeaProjects\call-center\conf\logging.properties
26-Sep-2024 11:32:29.470 INFO [main] org.apache.catalina.startup.VersionLoggerListener.log Command line argument: -Djava.util.logging.manager=org.apache.juli.ClassLoaderLogManager
26-Sep-2024 11:32:29.470 INFO [main] org.apache.catalina.startup.VersionLoggerListener.log Command line argument: -javaagent:C:\Program Files\JetBrains\IntelliJ IDEA 2024.2.1\lib\idea_rt.jar=53137:C:\Program Files\JetBrains\IntelliJ IDEA 2024.2.1\bin
26-Sep-2024 11:32:29.470 INFO [main] org.apache.catalina.startup.VersionLoggerListener.log Command line argument: -Dfile.encoding=UTF-8
26-Sep-2024 11:32:29.475 INFO [main] org.apache.catalina.core.AprLifecycleListener.lifecycleEvent Loaded Apache Tomcat Native library [1.3.1] using APR version [1.7.4].
26-Sep-2024 11:32:29.475 INFO [main] org.apache.catalina.core.AprLifecycleListener.lifecycleEvent APR capabilities: IPv6 [true], sendfile [true], accept filters [false], random [true], UDS [true].
26-Sep-2024 11:32:29.475 INFO [main] org.apache.catalina.core.AprLifecycleListener.lifecycleEvent APR/OpenSSL configuration: useAprConnector [false], useOpenSSL [true]
26-Sep-2024 11:32:29.481 INFO [main] org.apache.catalina.core.AprLifecycleListener.initializeSSL OpenSSL successfully initialized [OpenSSL 3.0.14 4 Jun 2024]
26-Sep-2024 11:32:29.881 INFO [main] org.apache.coyote.AbstractProtocol.init Initializing ProtocolHandler ["http-nio-8080"]
26-Sep-2024 11:32:29.912 INFO [main] org.apache.catalina.startup.Catalina.load Server initialization in [701] milliseconds
26-Sep-2024 11:32:30.004 INFO [main] org.apache.catalina.core.StandardService.startInternal Starting service [Catalina]
26-Sep-2024 11:32:30.005 INFO [main] org.apache.catalina.core.StandardEngine.startInternal Starting Servlet engine: [Apache Tomcat/9.0.95]
26-Sep-2024 11:32:30.014 INFO [main] org.apache.catalina.startup.HostConfig.deployDescriptor Deploying deployment descriptor [C:\Users\MZiad\IdeaProjects\call-center\conf\Catalina\localhost\call-center.xml]
26-Sep-2024 11:32:33.599 INFO [main] org.apache.jasper.servlet.TldScanner.scanJars At least one JAR was scanned for TLDs yet contained no TLDs. Enable debug logging for this logger for a complete list of JARs that were scanned but no TLDs were found in them. Skipping unneeded JARs during scanning can improve startup time and JSP compilation time.
26-Sep-2024 11:32:33.891 INFO [main] com.sun.faces.config.ConfigureListener.contextInitialized Initializing Mojarra 2.3.9 ( 20190401-1936 77894020e94a338c9701619b7ef6e9871c5a9079) for context '/call-center'
26-Sep-2024 11:32:34.055 INFO [main] com.sun.faces.spi.InjectionProviderFactory.createInstance JSF1048: PostConstruct/PreDestroy annotations present.  ManagedBeans methods marked with these annotations will have said annotations processed.
26-Sep-2024 11:32:35.629 INFO [main] org.primefaces.webapp.PostConstructApplicationEventListener.processEvent Running on PrimeFaces 10.0.0
26-Sep-2024 11:32:35.633 INFO [main] org.springframework.web.context.ContextLoader.initWebApplicationContext Root WebApplicationContext: initialization started
26-Sep-2024 11:32:36.567 INFO [main] org.springframework.web.context.ContextLoader.initWebApplicationContext Root WebApplicationContext initialized in 933 ms
26-Sep-2024 11:32:36.767 WARNING [main] org.apache.catalina.util.SessionIdGeneratorBase.createSecureRandom Creation of SecureRandom instance for session ID generation using [SHA1PRNG] took [198] milliseconds.
26-Sep-2024 11:32:36.809 INFO [main] org.springframework.web.servlet.FrameworkServlet.initServletBean Initializing Servlet 'dispatcher'
26-Sep-2024 11:32:37.093 INFO [main] org.springframework.web.servlet.FrameworkServlet.initServletBean Completed initialization in 284 ms
26-Sep-2024 11:32:37.104 INFO [main] org.apache.catalina.startup.HostConfig.deployDescriptor Deployment of deployment descriptor [C:\Users\MZiad\IdeaProjects\call-center\conf\Catalina\localhost\call-center.xml] has finished in [7,090] ms
26-Sep-2024 11:32:37.110 INFO [main] org.apache.coyote.AbstractProtocol.start Starting ProtocolHandler ["http-nio-8080"]
26-Sep-2024 11:32:37.122 INFO [main] org.apache.catalina.startup.Catalina.start Server startup in [7210] milliseconds
26-Sep-2024 11:32:48.947 INFO [Thread-1] org.apache.coyote.AbstractProtocol.pause Pausing ProtocolHandler ["http-nio-8080"]
26-Sep-2024 11:32:49.283 INFO [Thread-1] org.apache.catalina.core.StandardService.stopInternal Stopping service [Catalina]
26-Sep-2024 11:32:49.299 WARNING [Thread-1] org.apache.catalina.loader.WebappClassLoaderBase.clearReferencesJdbc The web application [call-center] registered the JDBC driver [com.microsoft.sqlserver.jdbc.SQLServerDriver] but failed to unregister it when the web application was stopped. To prevent a memory leak, the JDBC Driver has been forcibly unregistered.
26-Sep-2024 11:32:49.314 INFO [Thread-1] org.apache.coyote.AbstractProtocol.stop Stopping ProtocolHandler ["http-nio-8080"]
26-Sep-2024 11:32:49.330 INFO [Thread-1] org.apache.coyote.AbstractProtocol.destroy Destroying ProtocolHandler ["http-nio-8080"]
26-Sep-2024 11:41:18.612 INFO [main] org.apache.catalina.startup.VersionLoggerListener.log Server version name:   Apache Tomcat/9.0.95
26-Sep-2024 11:41:18.615 INFO [main] org.apache.catalina.startup.VersionLoggerListener.log Server built:          Sep 13 2024 18:07:47 UTC
26-Sep-2024 11:41:18.615 INFO [main] org.apache.catalina.startup.VersionLoggerListener.log Server version number: 9.0.95.0
26-Sep-2024 11:41:18.616 INFO [main] org.apache.catalina.startup.VersionLoggerListener.log OS Name:               Windows 11
26-Sep-2024 11:41:18.616 INFO [main] org.apache.catalina.startup.VersionLoggerListener.log OS Version:            10.0
26-Sep-2024 11:41:18.616 INFO [main] org.apache.catalina.startup.VersionLoggerListener.log Architecture:          amd64
26-Sep-2024 11:41:18.616 INFO [main] org.apache.catalina.startup.VersionLoggerListener.log Java Home:             C:\Users\MZiad\.jdks\corretto-11.0.24
26-Sep-2024 11:41:18.616 INFO [main] org.apache.catalina.startup.VersionLoggerListener.log JVM Version:           11.0.24+8-LTS
26-Sep-2024 11:41:18.616 INFO [main] org.apache.catalina.startup.VersionLoggerListener.log JVM Vendor:            Amazon.com Inc.
26-Sep-2024 11:41:18.616 INFO [main] org.apache.catalina.startup.VersionLoggerListener.log CATALINA_BASE:         C:\Users\MZiad\IdeaProjects\call-center
26-Sep-2024 11:41:18.616 INFO [main] org.apache.catalina.startup.VersionLoggerListener.log CATALINA_HOME:         C:\Program Files\Tomcat\apache-tomcat-9.0.95
26-Sep-2024 11:41:18.625 INFO [main] org.apache.catalina.startup.VersionLoggerListener.log Command line argument: --add-opens=java.base/java.lang=ALL-UNNAMED
26-Sep-2024 11:41:18.626 INFO [main] org.apache.catalina.startup.VersionLoggerListener.log Command line argument: --add-opens=java.base/java.io=ALL-UNNAMED
26-Sep-2024 11:41:18.626 INFO [main] org.apache.catalina.startup.VersionLoggerListener.log Command line argument: --add-opens=java.base/java.util=ALL-UNNAMED
26-Sep-2024 11:41:18.626 INFO [main] org.apache.catalina.startup.VersionLoggerListener.log Command line argument: --add-opens=java.base/java.util.concurrent=ALL-UNNAMED
26-Sep-2024 11:41:18.626 INFO [main] org.apache.catalina.startup.VersionLoggerListener.log Command line argument: --add-opens=java.rmi/sun.rmi.transport=ALL-UNNAMED
26-Sep-2024 11:41:18.626 INFO [main] org.apache.catalina.startup.VersionLoggerListener.log Command line argument: -Dcatalina.home=C:\Program Files\Tomcat\apache-tomcat-9.0.95
26-Sep-2024 11:41:18.627 INFO [main] org.apache.catalina.startup.VersionLoggerListener.log Command line argument: -Dcatalina.base=C:\Users\MZiad\IdeaProjects\call-center
26-Sep-2024 11:41:18.627 INFO [main] org.apache.catalina.startup.VersionLoggerListener.log Command line argument: -Djava.io.tmpdir=C:\Users\MZiad\IdeaProjects\call-center\temp
26-Sep-2024 11:41:18.627 INFO [main] org.apache.catalina.startup.VersionLoggerListener.log Command line argument: -Djava.util.logging.config.file=C:\Users\MZiad\IdeaProjects\call-center\conf\logging.properties
26-Sep-2024 11:41:18.627 INFO [main] org.apache.catalina.startup.VersionLoggerListener.log Command line argument: -Djava.util.logging.manager=org.apache.juli.ClassLoaderLogManager
26-Sep-2024 11:41:18.627 INFO [main] org.apache.catalina.startup.VersionLoggerListener.log Command line argument: -javaagent:C:\Program Files\JetBrains\IntelliJ IDEA 2024.2.1\lib\idea_rt.jar=53250:C:\Program Files\JetBrains\IntelliJ IDEA 2024.2.1\bin
26-Sep-2024 11:41:18.627 INFO [main] org.apache.catalina.startup.VersionLoggerListener.log Command line argument: -Dfile.encoding=UTF-8
26-Sep-2024 11:41:18.643 INFO [main] org.apache.catalina.core.AprLifecycleListener.lifecycleEvent Loaded Apache Tomcat Native library [1.3.1] using APR version [1.7.4].
26-Sep-2024 11:41:18.643 INFO [main] org.apache.catalina.core.AprLifecycleListener.lifecycleEvent APR capabilities: IPv6 [true], sendfile [true], accept filters [false], random [true], UDS [true].
26-Sep-2024 11:41:18.643 INFO [main] org.apache.catalina.core.AprLifecycleListener.lifecycleEvent APR/OpenSSL configuration: useAprConnector [false], useOpenSSL [true]
26-Sep-2024 11:41:18.655 INFO [main] org.apache.catalina.core.AprLifecycleListener.initializeSSL OpenSSL successfully initialized [OpenSSL 3.0.14 4 Jun 2024]
26-Sep-2024 11:41:19.024 INFO [main] org.apache.coyote.AbstractProtocol.init Initializing ProtocolHandler ["http-nio-8080"]
26-Sep-2024 11:41:19.059 INFO [main] org.apache.catalina.startup.Catalina.load Server initialization in [692] milliseconds
26-Sep-2024 11:41:19.152 INFO [main] org.apache.catalina.core.StandardService.startInternal Starting service [Catalina]
26-Sep-2024 11:41:19.153 INFO [main] org.apache.catalina.core.StandardEngine.startInternal Starting Servlet engine: [Apache Tomcat/9.0.95]
26-Sep-2024 11:41:19.165 INFO [main] org.apache.catalina.startup.HostConfig.deployDescriptor Deploying deployment descriptor [C:\Users\MZiad\IdeaProjects\call-center\conf\Catalina\localhost\call-center.xml]
26-Sep-2024 11:41:22.553 INFO [main] org.apache.jasper.servlet.TldScanner.scanJars At least one JAR was scanned for TLDs yet contained no TLDs. Enable debug logging for this logger for a complete list of JARs that were scanned but no TLDs were found in them. Skipping unneeded JARs during scanning can improve startup time and JSP compilation time.
26-Sep-2024 11:41:22.851 INFO [main] com.sun.faces.config.ConfigureListener.contextInitialized Initializing Mojarra 2.3.9 ( 20190401-1936 77894020e94a338c9701619b7ef6e9871c5a9079) for context '/call-center'
26-Sep-2024 11:41:23.021 INFO [main] com.sun.faces.spi.InjectionProviderFactory.createInstance JSF1048: PostConstruct/PreDestroy annotations present.  ManagedBeans methods marked with these annotations will have said annotations processed.
26-Sep-2024 11:41:24.524 INFO [main] org.primefaces.webapp.PostConstructApplicationEventListener.processEvent Running on PrimeFaces 10.0.0
26-Sep-2024 11:41:24.527 INFO [main] org.springframework.web.context.ContextLoader.initWebApplicationContext Root WebApplicationContext: initialization started
26-Sep-2024 11:41:25.508 INFO [main] org.springframework.web.context.ContextLoader.initWebApplicationContext Root WebApplicationContext initialized in 981 ms
26-Sep-2024 11:41:25.700 WARNING [main] org.apache.catalina.util.SessionIdGeneratorBase.createSecureRandom Creation of SecureRandom instance for session ID generation using [SHA1PRNG] took [191] milliseconds.
26-Sep-2024 11:41:25.728 INFO [main] org.springframework.web.servlet.FrameworkServlet.initServletBean Initializing Servlet 'dispatcher'
26-Sep-2024 11:41:26.052 INFO [main] org.springframework.web.servlet.FrameworkServlet.initServletBean Completed initialization in 323 ms
26-Sep-2024 11:41:26.064 INFO [main] org.apache.catalina.startup.HostConfig.deployDescriptor Deployment of deployment descriptor [C:\Users\MZiad\IdeaProjects\call-center\conf\Catalina\localhost\call-center.xml] has finished in [6,900] ms
26-Sep-2024 11:41:26.071 INFO [main] org.apache.coyote.AbstractProtocol.start Starting ProtocolHandler ["http-nio-8080"]
26-Sep-2024 11:41:26.087 INFO [main] org.apache.catalina.startup.Catalina.start Server startup in [7027] milliseconds
26-Sep-2024 11:41:29.204 SEVERE [http-nio-8080-exec-2] com.sun.faces.application.view.FaceletViewHandlingStrategy.handleRenderException Error Rendering View[/views/login.xhtml]
	org.primefaces.expression.ComponentNotFoundException: Cannot find component for expression ":growl" referenced from "j_idt5:j_idt9".
		at org.primefaces.expression.SearchExpressionFacade.cannotFindComponent(SearchExpressionFacade.java:729)
		at org.primefaces.expression.SearchExpressionFacade.resolveClientIds(SearchExpressionFacade.java:263)
		at org.primefaces.util.AjaxRequestBuilder.addExpressions(AjaxRequestBuilder.java:164)
		at org.primefaces.util.AjaxRequestBuilder.update(AjaxRequestBuilder.java:157)
		at org.primefaces.renderkit.CoreRenderer.preConfiguredAjaxRequestBuilder(CoreRenderer.java:427)
		at org.primefaces.renderkit.CoreRenderer.buildAjaxRequest(CoreRenderer.java:448)
		at org.primefaces.renderkit.CoreRenderer.buildAjaxRequest(CoreRenderer.java:444)
		at org.primefaces.component.commandbutton.CommandButtonRenderer.buildRequest(CommandButtonRenderer.java:148)
		at org.primefaces.component.commandbutton.CommandButtonRenderer.encodeMarkup(CommandButtonRenderer.java:78)
		at org.primefaces.component.commandbutton.CommandButtonRenderer.encodeEnd(CommandButtonRenderer.java:63)
		at javax.faces.component.UIComponentBase.encodeEnd(UIComponentBase.java:949)
		at javax.faces.component.UIComponent.encodeAll(UIComponent.java:1912)
		at javax.faces.render.Renderer.encodeChildren(Renderer.java:176)
		at javax.faces.component.UIComponentBase.encodeChildren(UIComponentBase.java:918)
		at javax.faces.component.UIComponent.encodeAll(UIComponent.java:1905)
		at javax.faces.component.UIComponent.encodeAll(UIComponent.java:1908)
		at javax.faces.component.UIComponent.encodeAll(UIComponent.java:1908)
		at com.sun.faces.application.view.FaceletViewHandlingStrategy.renderView(FaceletViewHandlingStrategy.java:491)
		at com.sun.faces.application.view.MultiViewHandler.renderView(MultiViewHandler.java:194)
		at com.sun.faces.lifecycle.RenderResponsePhase.execute(RenderResponsePhase.java:126)
		at com.sun.faces.lifecycle.Phase.doPhase(Phase.java:100)
		at com.sun.faces.lifecycle.LifecycleImpl.render(LifecycleImpl.java:223)
		at javax.faces.webapp.FacesServlet.service(FacesServlet.java:671)
		at org.apache.catalina.core.ApplicationFilterChain.internalDoFilter(ApplicationFilterChain.java:199)
		at org.apache.catalina.core.ApplicationFilterChain.doFilter(ApplicationFilterChain.java:144)
		at org.apache.tomcat.websocket.server.WsFilter.doFilter(WsFilter.java:51)
		at org.apache.catalina.core.ApplicationFilterChain.internalDoFilter(ApplicationFilterChain.java:168)
		at org.apache.catalina.core.ApplicationFilterChain.doFilter(ApplicationFilterChain.java:144)
		at org.apache.catalina.core.StandardWrapperValve.invoke(StandardWrapperValve.java:168)
		at org.apache.catalina.core.StandardContextValve.invoke(StandardContextValve.java:90)
		at org.apache.catalina.authenticator.AuthenticatorBase.invoke(AuthenticatorBase.java:482)
		at org.apache.catalina.core.StandardHostValve.invoke(StandardHostValve.java:130)
		at org.apache.catalina.valves.ErrorReportValve.invoke(ErrorReportValve.java:93)
		at org.apache.catalina.valves.AbstractAccessLogValve.invoke(AbstractAccessLogValve.java:660)
		at org.apache.catalina.core.StandardEngineValve.invoke(StandardEngineValve.java:74)
		at org.apache.catalina.connector.CoyoteAdapter.service(CoyoteAdapter.java:346)
		at org.apache.coyote.http11.Http11Processor.service(Http11Processor.java:383)
		at org.apache.coyote.AbstractProcessorLight.process(AbstractProcessorLight.java:63)
		at org.apache.coyote.AbstractProtocol$ConnectionHandler.process(AbstractProtocol.java:937)
		at org.apache.tomcat.util.net.NioEndpoint$SocketProcessor.doRun(NioEndpoint.java:1791)
		at org.apache.tomcat.util.net.SocketProcessorBase.run(SocketProcessorBase.java:52)
		at org.apache.tomcat.util.threads.ThreadPoolExecutor.runWorker(ThreadPoolExecutor.java:1190)
		at org.apache.tomcat.util.threads.ThreadPoolExecutor$Worker.run(ThreadPoolExecutor.java:659)
		at org.apache.tomcat.util.threads.TaskThread$WrappingRunnable.run(TaskThread.java:63)
		at java.base/java.lang.Thread.run(Thread.java:829)
26-Sep-2024 11:41:50.145 INFO [Thread-1] org.apache.coyote.AbstractProtocol.pause Pausing ProtocolHandler ["http-nio-8080"]
26-Sep-2024 11:41:50.490 INFO [Thread-1] org.apache.catalina.core.StandardService.stopInternal Stopping service [Catalina]
26-Sep-2024 11:41:50.513 WARNING [Thread-1] org.apache.catalina.loader.WebappClassLoaderBase.clearReferencesJdbc The web application [call-center] registered the JDBC driver [com.microsoft.sqlserver.jdbc.SQLServerDriver] but failed to unregister it when the web application was stopped. To prevent a memory leak, the JDBC Driver has been forcibly unregistered.
26-Sep-2024 11:41:50.522 INFO [Thread-1] org.apache.coyote.AbstractProtocol.stop Stopping ProtocolHandler ["http-nio-8080"]
26-Sep-2024 11:41:50.537 INFO [Thread-1] org.apache.coyote.AbstractProtocol.destroy Destroying ProtocolHandler ["http-nio-8080"]
26-Sep-2024 11:41:53.785 INFO [main] org.apache.catalina.startup.VersionLoggerListener.log Server version name:   Apache Tomcat/9.0.95
26-Sep-2024 11:41:53.788 INFO [main] org.apache.catalina.startup.VersionLoggerListener.log Server built:          Sep 13 2024 18:07:47 UTC
26-Sep-2024 11:41:53.788 INFO [main] org.apache.catalina.startup.VersionLoggerListener.log Server version number: 9.0.95.0
26-Sep-2024 11:41:53.789 INFO [main] org.apache.catalina.startup.VersionLoggerListener.log OS Name:               Windows 11
26-Sep-2024 11:41:53.789 INFO [main] org.apache.catalina.startup.VersionLoggerListener.log OS Version:            10.0
26-Sep-2024 11:41:53.789 INFO [main] org.apache.catalina.startup.VersionLoggerListener.log Architecture:          amd64
26-Sep-2024 11:41:53.789 INFO [main] org.apache.catalina.startup.VersionLoggerListener.log Java Home:             C:\Users\MZiad\.jdks\corretto-11.0.24
26-Sep-2024 11:41:53.789 INFO [main] org.apache.catalina.startup.VersionLoggerListener.log JVM Version:           11.0.24+8-LTS
26-Sep-2024 11:41:53.789 INFO [main] org.apache.catalina.startup.VersionLoggerListener.log JVM Vendor:            Amazon.com Inc.
26-Sep-2024 11:41:53.789 INFO [main] org.apache.catalina.startup.VersionLoggerListener.log CATALINA_BASE:         C:\Users\MZiad\IdeaProjects\call-center
26-Sep-2024 11:41:53.790 INFO [main] org.apache.catalina.startup.VersionLoggerListener.log CATALINA_HOME:         C:\Program Files\Tomcat\apache-tomcat-9.0.95
26-Sep-2024 11:41:53.801 INFO [main] org.apache.catalina.startup.VersionLoggerListener.log Command line argument: --add-opens=java.base/java.lang=ALL-UNNAMED
26-Sep-2024 11:41:53.802 INFO [main] org.apache.catalina.startup.VersionLoggerListener.log Command line argument: --add-opens=java.base/java.io=ALL-UNNAMED
26-Sep-2024 11:41:53.802 INFO [main] org.apache.catalina.startup.VersionLoggerListener.log Command line argument: --add-opens=java.base/java.util=ALL-UNNAMED
26-Sep-2024 11:41:53.802 INFO [main] org.apache.catalina.startup.VersionLoggerListener.log Command line argument: --add-opens=java.base/java.util.concurrent=ALL-UNNAMED
26-Sep-2024 11:41:53.802 INFO [main] org.apache.catalina.startup.VersionLoggerListener.log Command line argument: --add-opens=java.rmi/sun.rmi.transport=ALL-UNNAMED
26-Sep-2024 11:41:53.802 INFO [main] org.apache.catalina.startup.VersionLoggerListener.log Command line argument: -Dcatalina.home=C:\Program Files\Tomcat\apache-tomcat-9.0.95
26-Sep-2024 11:41:53.802 INFO [main] org.apache.catalina.startup.VersionLoggerListener.log Command line argument: -Dcatalina.base=C:\Users\MZiad\IdeaProjects\call-center
26-Sep-2024 11:41:53.803 INFO [main] org.apache.catalina.startup.VersionLoggerListener.log Command line argument: -Djava.io.tmpdir=C:\Users\MZiad\IdeaProjects\call-center\temp
26-Sep-2024 11:41:53.803 INFO [main] org.apache.catalina.startup.VersionLoggerListener.log Command line argument: -Djava.util.logging.config.file=C:\Users\MZiad\IdeaProjects\call-center\conf\logging.properties
26-Sep-2024 11:41:53.803 INFO [main] org.apache.catalina.startup.VersionLoggerListener.log Command line argument: -Djava.util.logging.manager=org.apache.juli.ClassLoaderLogManager
26-Sep-2024 11:41:53.803 INFO [main] org.apache.catalina.startup.VersionLoggerListener.log Command line argument: -javaagent:C:\Program Files\JetBrains\IntelliJ IDEA 2024.2.1\lib\idea_rt.jar=53286:C:\Program Files\JetBrains\IntelliJ IDEA 2024.2.1\bin
26-Sep-2024 11:41:53.803 INFO [main] org.apache.catalina.startup.VersionLoggerListener.log Command line argument: -Dfile.encoding=UTF-8
26-Sep-2024 11:41:53.807 INFO [main] org.apache.catalina.core.AprLifecycleListener.lifecycleEvent Loaded Apache Tomcat Native library [1.3.1] using APR version [1.7.4].
26-Sep-2024 11:41:53.807 INFO [main] org.apache.catalina.core.AprLifecycleListener.lifecycleEvent APR capabilities: IPv6 [true], sendfile [true], accept filters [false], random [true], UDS [true].
26-Sep-2024 11:41:53.807 INFO [main] org.apache.catalina.core.AprLifecycleListener.lifecycleEvent APR/OpenSSL configuration: useAprConnector [false], useOpenSSL [true]
26-Sep-2024 11:41:53.815 INFO [main] org.apache.catalina.core.AprLifecycleListener.initializeSSL OpenSSL successfully initialized [OpenSSL 3.0.14 4 Jun 2024]
26-Sep-2024 11:41:54.131 INFO [main] org.apache.coyote.AbstractProtocol.init Initializing ProtocolHandler ["http-nio-8080"]
26-Sep-2024 11:41:54.161 INFO [main] org.apache.catalina.startup.Catalina.load Server initialization in [606] milliseconds
26-Sep-2024 11:41:54.260 INFO [main] org.apache.catalina.core.StandardService.startInternal Starting service [Catalina]
26-Sep-2024 11:41:54.260 INFO [main] org.apache.catalina.core.StandardEngine.startInternal Starting Servlet engine: [Apache Tomcat/9.0.95]
26-Sep-2024 11:41:54.277 INFO [main] org.apache.catalina.startup.HostConfig.deployDescriptor Deploying deployment descriptor [C:\Users\MZiad\IdeaProjects\call-center\conf\Catalina\localhost\call-center.xml]
26-Sep-2024 11:41:57.608 INFO [main] org.apache.jasper.servlet.TldScanner.scanJars At least one JAR was scanned for TLDs yet contained no TLDs. Enable debug logging for this logger for a complete list of JARs that were scanned but no TLDs were found in them. Skipping unneeded JARs during scanning can improve startup time and JSP compilation time.
26-Sep-2024 11:41:57.911 INFO [main] com.sun.faces.config.ConfigureListener.contextInitialized Initializing Mojarra 2.3.9 ( 20190401-1936 77894020e94a338c9701619b7ef6e9871c5a9079) for context '/call-center'
26-Sep-2024 11:41:58.106 INFO [main] com.sun.faces.spi.InjectionProviderFactory.createInstance JSF1048: PostConstruct/PreDestroy annotations present.  ManagedBeans methods marked with these annotations will have said annotations processed.
26-Sep-2024 11:41:59.714 INFO [main] org.primefaces.webapp.PostConstructApplicationEventListener.processEvent Running on PrimeFaces 10.0.0
26-Sep-2024 11:41:59.716 INFO [main] org.springframework.web.context.ContextLoader.initWebApplicationContext Root WebApplicationContext: initialization started
26-Sep-2024 11:42:00.668 INFO [main] org.springframework.web.context.ContextLoader.initWebApplicationContext Root WebApplicationContext initialized in 952 ms
26-Sep-2024 11:42:00.857 WARNING [main] org.apache.catalina.util.SessionIdGeneratorBase.createSecureRandom Creation of SecureRandom instance for session ID generation using [SHA1PRNG] took [187] milliseconds.
26-Sep-2024 11:42:00.890 INFO [main] org.springframework.web.servlet.FrameworkServlet.initServletBean Initializing Servlet 'dispatcher'
26-Sep-2024 11:42:01.173 INFO [main] org.springframework.web.servlet.FrameworkServlet.initServletBean Completed initialization in 282 ms
26-Sep-2024 11:42:01.186 INFO [main] org.apache.catalina.startup.HostConfig.deployDescriptor Deployment of deployment descriptor [C:\Users\MZiad\IdeaProjects\call-center\conf\Catalina\localhost\call-center.xml] has finished in [6,909] ms
26-Sep-2024 11:42:01.193 INFO [main] org.apache.coyote.AbstractProtocol.start Starting ProtocolHandler ["http-nio-8080"]
26-Sep-2024 11:42:01.208 INFO [main] org.apache.catalina.startup.Catalina.start Server startup in [7046] milliseconds
26-Sep-2024 11:42:19.041 INFO [Thread-1] org.apache.coyote.AbstractProtocol.pause Pausing ProtocolHandler ["http-nio-8080"]
26-Sep-2024 11:42:19.386 INFO [Thread-1] org.apache.catalina.core.StandardService.stopInternal Stopping service [Catalina]
26-Sep-2024 11:42:19.401 WARNING [Thread-1] org.apache.catalina.loader.WebappClassLoaderBase.clearReferencesJdbc The web application [call-center] registered the JDBC driver [com.microsoft.sqlserver.jdbc.SQLServerDriver] but failed to unregister it when the web application was stopped. To prevent a memory leak, the JDBC Driver has been forcibly unregistered.
26-Sep-2024 11:42:19.417 INFO [Thread-1] org.apache.coyote.AbstractProtocol.stop Stopping ProtocolHandler ["http-nio-8080"]
26-Sep-2024 11:42:19.433 INFO [Thread-1] org.apache.coyote.AbstractProtocol.destroy Destroying ProtocolHandler ["http-nio-8080"]
26-Sep-2024 11:43:32.661 INFO [main] org.apache.catalina.startup.VersionLoggerListener.log Server version name:   Apache Tomcat/9.0.95
26-Sep-2024 11:43:32.664 INFO [main] org.apache.catalina.startup.VersionLoggerListener.log Server built:          Sep 13 2024 18:07:47 UTC
26-Sep-2024 11:43:32.664 INFO [main] org.apache.catalina.startup.VersionLoggerListener.log Server version number: 9.0.95.0
26-Sep-2024 11:43:32.665 INFO [main] org.apache.catalina.startup.VersionLoggerListener.log OS Name:               Windows 11
26-Sep-2024 11:43:32.665 INFO [main] org.apache.catalina.startup.VersionLoggerListener.log OS Version:            10.0
26-Sep-2024 11:43:32.665 INFO [main] org.apache.catalina.startup.VersionLoggerListener.log Architecture:          amd64
26-Sep-2024 11:43:32.665 INFO [main] org.apache.catalina.startup.VersionLoggerListener.log Java Home:             C:\Users\MZiad\.jdks\corretto-11.0.24
26-Sep-2024 11:43:32.665 INFO [main] org.apache.catalina.startup.VersionLoggerListener.log JVM Version:           11.0.24+8-LTS
26-Sep-2024 11:43:32.665 INFO [main] org.apache.catalina.startup.VersionLoggerListener.log JVM Vendor:            Amazon.com Inc.
26-Sep-2024 11:43:32.665 INFO [main] org.apache.catalina.startup.VersionLoggerListener.log CATALINA_BASE:         C:\Users\MZiad\IdeaProjects\call-center
26-Sep-2024 11:43:32.665 INFO [main] org.apache.catalina.startup.VersionLoggerListener.log CATALINA_HOME:         C:\Program Files\Tomcat\apache-tomcat-9.0.95
26-Sep-2024 11:43:32.675 INFO [main] org.apache.catalina.startup.VersionLoggerListener.log Command line argument: --add-opens=java.base/java.lang=ALL-UNNAMED
26-Sep-2024 11:43:32.675 INFO [main] org.apache.catalina.startup.VersionLoggerListener.log Command line argument: --add-opens=java.base/java.io=ALL-UNNAMED
26-Sep-2024 11:43:32.675 INFO [main] org.apache.catalina.startup.VersionLoggerListener.log Command line argument: --add-opens=java.base/java.util=ALL-UNNAMED
26-Sep-2024 11:43:32.675 INFO [main] org.apache.catalina.startup.VersionLoggerListener.log Command line argument: --add-opens=java.base/java.util.concurrent=ALL-UNNAMED
26-Sep-2024 11:43:32.675 INFO [main] org.apache.catalina.startup.VersionLoggerListener.log Command line argument: --add-opens=java.rmi/sun.rmi.transport=ALL-UNNAMED
26-Sep-2024 11:43:32.675 INFO [main] org.apache.catalina.startup.VersionLoggerListener.log Command line argument: -Dcatalina.home=C:\Program Files\Tomcat\apache-tomcat-9.0.95
26-Sep-2024 11:43:32.675 INFO [main] org.apache.catalina.startup.VersionLoggerListener.log Command line argument: -Dcatalina.base=C:\Users\MZiad\IdeaProjects\call-center
26-Sep-2024 11:43:32.676 INFO [main] org.apache.catalina.startup.VersionLoggerListener.log Command line argument: -Djava.io.tmpdir=C:\Users\MZiad\IdeaProjects\call-center\temp
26-Sep-2024 11:43:32.676 INFO [main] org.apache.catalina.startup.VersionLoggerListener.log Command line argument: -Djava.util.logging.config.file=C:\Users\MZiad\IdeaProjects\call-center\conf\logging.properties
26-Sep-2024 11:43:32.676 INFO [main] org.apache.catalina.startup.VersionLoggerListener.log Command line argument: -Djava.util.logging.manager=org.apache.juli.ClassLoaderLogManager
26-Sep-2024 11:43:32.676 INFO [main] org.apache.catalina.startup.VersionLoggerListener.log Command line argument: -javaagent:C:\Program Files\JetBrains\IntelliJ IDEA 2024.2.1\lib\idea_rt.jar=53332:C:\Program Files\JetBrains\IntelliJ IDEA 2024.2.1\bin
26-Sep-2024 11:43:32.676 INFO [main] org.apache.catalina.startup.VersionLoggerListener.log Command line argument: -Dfile.encoding=UTF-8
26-Sep-2024 11:43:32.679 INFO [main] org.apache.catalina.core.AprLifecycleListener.lifecycleEvent Loaded Apache Tomcat Native library [1.3.1] using APR version [1.7.4].
26-Sep-2024 11:43:32.679 INFO [main] org.apache.catalina.core.AprLifecycleListener.lifecycleEvent APR capabilities: IPv6 [true], sendfile [true], accept filters [false], random [true], UDS [true].
26-Sep-2024 11:43:32.679 INFO [main] org.apache.catalina.core.AprLifecycleListener.lifecycleEvent APR/OpenSSL configuration: useAprConnector [false], useOpenSSL [true]
26-Sep-2024 11:43:32.687 INFO [main] org.apache.catalina.core.AprLifecycleListener.initializeSSL OpenSSL successfully initialized [OpenSSL 3.0.14 4 Jun 2024]
26-Sep-2024 11:43:33.020 INFO [main] org.apache.coyote.AbstractProtocol.init Initializing ProtocolHandler ["http-nio-8080"]
26-Sep-2024 11:43:33.049 INFO [main] org.apache.catalina.startup.Catalina.load Server initialization in [638] milliseconds
26-Sep-2024 11:43:33.150 INFO [main] org.apache.catalina.core.StandardService.startInternal Starting service [Catalina]
26-Sep-2024 11:43:33.150 INFO [main] org.apache.catalina.core.StandardEngine.startInternal Starting Servlet engine: [Apache Tomcat/9.0.95]
26-Sep-2024 11:43:33.173 INFO [main] org.apache.catalina.startup.HostConfig.deployDescriptor Deploying deployment descriptor [C:\Users\MZiad\IdeaProjects\call-center\conf\Catalina\localhost\call-center.xml]
26-Sep-2024 11:43:36.743 INFO [main] org.apache.jasper.servlet.TldScanner.scanJars At least one JAR was scanned for TLDs yet contained no TLDs. Enable debug logging for this logger for a complete list of JARs that were scanned but no TLDs were found in them. Skipping unneeded JARs during scanning can improve startup time and JSP compilation time.
26-Sep-2024 11:43:37.020 INFO [main] com.sun.faces.config.ConfigureListener.contextInitialized Initializing Mojarra 2.3.9 ( 20190401-1936 77894020e94a338c9701619b7ef6e9871c5a9079) for context '/call-center'
26-Sep-2024 11:43:37.204 INFO [main] com.sun.faces.spi.InjectionProviderFactory.createInstance JSF1048: PostConstruct/PreDestroy annotations present.  ManagedBeans methods marked with these annotations will have said annotations processed.
26-Sep-2024 11:43:38.812 INFO [main] org.primefaces.webapp.PostConstructApplicationEventListener.processEvent Running on PrimeFaces 10.0.0
26-Sep-2024 11:43:38.815 INFO [main] org.springframework.web.context.ContextLoader.initWebApplicationContext Root WebApplicationContext: initialization started
26-Sep-2024 11:43:39.924 INFO [main] org.springframework.web.context.ContextLoader.initWebApplicationContext Root WebApplicationContext initialized in 1108 ms
26-Sep-2024 11:43:40.162 WARNING [main] org.apache.catalina.util.SessionIdGeneratorBase.createSecureRandom Creation of SecureRandom instance for session ID generation using [SHA1PRNG] took [236] milliseconds.
26-Sep-2024 11:43:40.192 INFO [main] org.springframework.web.servlet.FrameworkServlet.initServletBean Initializing Servlet 'dispatcher'
26-Sep-2024 11:43:40.479 INFO [main] org.springframework.web.servlet.FrameworkServlet.initServletBean Completed initialization in 287 ms
26-Sep-2024 11:43:40.490 INFO [main] org.apache.catalina.startup.HostConfig.deployDescriptor Deployment of deployment descriptor [C:\Users\MZiad\IdeaProjects\call-center\conf\Catalina\localhost\call-center.xml] has finished in [7,317] ms
26-Sep-2024 11:43:40.495 INFO [main] org.apache.coyote.AbstractProtocol.start Starting ProtocolHandler ["http-nio-8080"]
26-Sep-2024 11:43:40.509 INFO [main] org.apache.catalina.startup.Catalina.start Server startup in [7458] milliseconds
26-Sep-2024 11:44:21.010 INFO [Thread-1] org.apache.coyote.AbstractProtocol.pause Pausing ProtocolHandler ["http-nio-8080"]
26-Sep-2024 11:44:21.349 INFO [Thread-1] org.apache.catalina.core.StandardService.stopInternal Stopping service [Catalina]
26-Sep-2024 11:44:21.379 WARNING [Thread-1] org.apache.catalina.loader.WebappClassLoaderBase.clearReferencesJdbc The web application [call-center] registered the JDBC driver [com.microsoft.sqlserver.jdbc.SQLServerDriver] but failed to unregister it when the web application was stopped. To prevent a memory leak, the JDBC Driver has been forcibly unregistered.
26-Sep-2024 11:44:21.390 INFO [Thread-1] org.apache.coyote.AbstractProtocol.stop Stopping ProtocolHandler ["http-nio-8080"]
26-Sep-2024 11:44:21.402 INFO [Thread-1] org.apache.coyote.AbstractProtocol.destroy Destroying ProtocolHandler ["http-nio-8080"]
26-Sep-2024 11:44:29.341 INFO [main] org.apache.catalina.startup.VersionLoggerListener.log Server version name:   Apache Tomcat/9.0.95
26-Sep-2024 11:44:29.345 INFO [main] org.apache.catalina.startup.VersionLoggerListener.log Server built:          Sep 13 2024 18:07:47 UTC
26-Sep-2024 11:44:29.345 INFO [main] org.apache.catalina.startup.VersionLoggerListener.log Server version number: 9.0.95.0
26-Sep-2024 11:44:29.345 INFO [main] org.apache.catalina.startup.VersionLoggerListener.log OS Name:               Windows 11
26-Sep-2024 11:44:29.345 INFO [main] org.apache.catalina.startup.VersionLoggerListener.log OS Version:            10.0
26-Sep-2024 11:44:29.345 INFO [main] org.apache.catalina.startup.VersionLoggerListener.log Architecture:          amd64
26-Sep-2024 11:44:29.345 INFO [main] org.apache.catalina.startup.VersionLoggerListener.log Java Home:             C:\Users\MZiad\.jdks\corretto-11.0.24
26-Sep-2024 11:44:29.345 INFO [main] org.apache.catalina.startup.VersionLoggerListener.log JVM Version:           11.0.24+8-LTS
26-Sep-2024 11:44:29.346 INFO [main] org.apache.catalina.startup.VersionLoggerListener.log JVM Vendor:            Amazon.com Inc.
26-Sep-2024 11:44:29.346 INFO [main] org.apache.catalina.startup.VersionLoggerListener.log CATALINA_BASE:         C:\Users\MZiad\IdeaProjects\call-center
26-Sep-2024 11:44:29.346 INFO [main] org.apache.catalina.startup.VersionLoggerListener.log CATALINA_HOME:         C:\Program Files\Tomcat\apache-tomcat-9.0.95
26-Sep-2024 11:44:29.362 INFO [main] org.apache.catalina.startup.VersionLoggerListener.log Command line argument: --add-opens=java.base/java.lang=ALL-UNNAMED
26-Sep-2024 11:44:29.362 INFO [main] org.apache.catalina.startup.VersionLoggerListener.log Command line argument: --add-opens=java.base/java.io=ALL-UNNAMED
26-Sep-2024 11:44:29.363 INFO [main] org.apache.catalina.startup.VersionLoggerListener.log Command line argument: --add-opens=java.base/java.util=ALL-UNNAMED
26-Sep-2024 11:44:29.363 INFO [main] org.apache.catalina.startup.VersionLoggerListener.log Command line argument: --add-opens=java.base/java.util.concurrent=ALL-UNNAMED
26-Sep-2024 11:44:29.363 INFO [main] org.apache.catalina.startup.VersionLoggerListener.log Command line argument: --add-opens=java.rmi/sun.rmi.transport=ALL-UNNAMED
26-Sep-2024 11:44:29.363 INFO [main] org.apache.catalina.startup.VersionLoggerListener.log Command line argument: -Dcatalina.home=C:\Program Files\Tomcat\apache-tomcat-9.0.95
26-Sep-2024 11:44:29.363 INFO [main] org.apache.catalina.startup.VersionLoggerListener.log Command line argument: -Dcatalina.base=C:\Users\MZiad\IdeaProjects\call-center
26-Sep-2024 11:44:29.364 INFO [main] org.apache.catalina.startup.VersionLoggerListener.log Command line argument: -Djava.io.tmpdir=C:\Users\MZiad\IdeaProjects\call-center\temp
26-Sep-2024 11:44:29.364 INFO [main] org.apache.catalina.startup.VersionLoggerListener.log Command line argument: -Djava.util.logging.config.file=C:\Users\MZiad\IdeaProjects\call-center\conf\logging.properties
26-Sep-2024 11:44:29.364 INFO [main] org.apache.catalina.startup.VersionLoggerListener.log Command line argument: -Djava.util.logging.manager=org.apache.juli.ClassLoaderLogManager
26-Sep-2024 11:44:29.364 INFO [main] org.apache.catalina.startup.VersionLoggerListener.log Command line argument: -javaagent:C:\Program Files\JetBrains\IntelliJ IDEA 2024.2.1\lib\idea_rt.jar=53365:C:\Program Files\JetBrains\IntelliJ IDEA 2024.2.1\bin
26-Sep-2024 11:44:29.364 INFO [main] org.apache.catalina.startup.VersionLoggerListener.log Command line argument: -Dfile.encoding=UTF-8
26-Sep-2024 11:44:29.369 INFO [main] org.apache.catalina.core.AprLifecycleListener.lifecycleEvent Loaded Apache Tomcat Native library [1.3.1] using APR version [1.7.4].
26-Sep-2024 11:44:29.369 INFO [main] org.apache.catalina.core.AprLifecycleListener.lifecycleEvent APR capabilities: IPv6 [true], sendfile [true], accept filters [false], random [true], UDS [true].
26-Sep-2024 11:44:29.369 INFO [main] org.apache.catalina.core.AprLifecycleListener.lifecycleEvent APR/OpenSSL configuration: useAprConnector [false], useOpenSSL [true]
26-Sep-2024 11:44:29.378 INFO [main] org.apache.catalina.core.AprLifecycleListener.initializeSSL OpenSSL successfully initialized [OpenSSL 3.0.14 4 Jun 2024]
26-Sep-2024 11:44:29.728 INFO [main] org.apache.coyote.AbstractProtocol.init Initializing ProtocolHandler ["http-nio-8080"]
26-Sep-2024 11:44:29.759 INFO [main] org.apache.catalina.startup.Catalina.load Server initialization in [686] milliseconds
26-Sep-2024 11:44:29.848 INFO [main] org.apache.catalina.core.StandardService.startInternal Starting service [Catalina]
26-Sep-2024 11:44:29.848 INFO [main] org.apache.catalina.core.StandardEngine.startInternal Starting Servlet engine: [Apache Tomcat/9.0.95]
26-Sep-2024 11:44:29.861 INFO [main] org.apache.catalina.startup.HostConfig.deployDescriptor Deploying deployment descriptor [C:\Users\MZiad\IdeaProjects\call-center\conf\Catalina\localhost\call-center.xml]
26-Sep-2024 11:44:33.047 INFO [main] org.apache.jasper.servlet.TldScanner.scanJars At least one JAR was scanned for TLDs yet contained no TLDs. Enable debug logging for this logger for a complete list of JARs that were scanned but no TLDs were found in them. Skipping unneeded JARs during scanning can improve startup time and JSP compilation time.
26-Sep-2024 11:44:33.367 INFO [main] com.sun.faces.config.ConfigureListener.contextInitialized Initializing Mojarra 2.3.9 ( 20190401-1936 77894020e94a338c9701619b7ef6e9871c5a9079) for context '/call-center'
26-Sep-2024 11:44:33.558 INFO [main] com.sun.faces.spi.InjectionProviderFactory.createInstance JSF1048: PostConstruct/PreDestroy annotations present.  ManagedBeans methods marked with these annotations will have said annotations processed.
26-Sep-2024 11:44:35.029 INFO [main] org.primefaces.webapp.PostConstructApplicationEventListener.processEvent Running on PrimeFaces 10.0.0
26-Sep-2024 11:44:35.032 INFO [main] org.springframework.web.context.ContextLoader.initWebApplicationContext Root WebApplicationContext: initialization started
26-Sep-2024 11:44:35.997 INFO [main] org.springframework.web.context.ContextLoader.initWebApplicationContext Root WebApplicationContext initialized in 965 ms
26-Sep-2024 11:44:36.206 WARNING [main] org.apache.catalina.util.SessionIdGeneratorBase.createSecureRandom Creation of SecureRandom instance for session ID generation using [SHA1PRNG] took [207] milliseconds.
26-Sep-2024 11:44:36.239 INFO [main] org.springframework.web.servlet.FrameworkServlet.initServletBean Initializing Servlet 'dispatcher'
26-Sep-2024 11:44:36.535 INFO [main] org.springframework.web.servlet.FrameworkServlet.initServletBean Completed initialization in 296 ms
26-Sep-2024 11:44:36.545 INFO [main] org.apache.catalina.startup.HostConfig.deployDescriptor Deployment of deployment descriptor [C:\Users\MZiad\IdeaProjects\call-center\conf\Catalina\localhost\call-center.xml] has finished in [6,684] ms
26-Sep-2024 11:44:36.551 INFO [main] org.apache.coyote.AbstractProtocol.start Starting ProtocolHandler ["http-nio-8080"]
26-Sep-2024 11:44:36.572 INFO [main] org.apache.catalina.startup.Catalina.start Server startup in [6812] milliseconds
26-Sep-2024 11:47:42.739 INFO [Thread-1] org.apache.coyote.AbstractProtocol.pause Pausing ProtocolHandler ["http-nio-8080"]
26-Sep-2024 11:47:43.100 INFO [Thread-1] org.apache.catalina.core.StandardService.stopInternal Stopping service [Catalina]
26-Sep-2024 11:47:43.116 WARNING [Thread-1] org.apache.catalina.loader.WebappClassLoaderBase.clearReferencesJdbc The web application [call-center] registered the JDBC driver [com.microsoft.sqlserver.jdbc.SQLServerDriver] but failed to unregister it when the web application was stopped. To prevent a memory leak, the JDBC Driver has been forcibly unregistered.
26-Sep-2024 11:47:43.138 INFO [Thread-1] org.apache.coyote.AbstractProtocol.stop Stopping ProtocolHandler ["http-nio-8080"]
26-Sep-2024 11:47:43.147 INFO [Thread-1] org.apache.coyote.AbstractProtocol.destroy Destroying ProtocolHandler ["http-nio-8080"]
26-Sep-2024 11:47:57.803 INFO [main] org.apache.catalina.startup.VersionLoggerListener.log Server version name:   Apache Tomcat/9.0.95
26-Sep-2024 11:47:57.807 INFO [main] org.apache.catalina.startup.VersionLoggerListener.log Server built:          Sep 13 2024 18:07:47 UTC
26-Sep-2024 11:47:57.807 INFO [main] org.apache.catalina.startup.VersionLoggerListener.log Server version number: 9.0.95.0
26-Sep-2024 11:47:57.807 INFO [main] org.apache.catalina.startup.VersionLoggerListener.log OS Name:               Windows 11
26-Sep-2024 11:47:57.807 INFO [main] org.apache.catalina.startup.VersionLoggerListener.log OS Version:            10.0
26-Sep-2024 11:47:57.807 INFO [main] org.apache.catalina.startup.VersionLoggerListener.log Architecture:          amd64
26-Sep-2024 11:47:57.808 INFO [main] org.apache.catalina.startup.VersionLoggerListener.log Java Home:             C:\Users\MZiad\.jdks\corretto-11.0.24
26-Sep-2024 11:47:57.808 INFO [main] org.apache.catalina.startup.VersionLoggerListener.log JVM Version:           11.0.24+8-LTS
26-Sep-2024 11:47:57.808 INFO [main] org.apache.catalina.startup.VersionLoggerListener.log JVM Vendor:            Amazon.com Inc.
26-Sep-2024 11:47:57.808 INFO [main] org.apache.catalina.startup.VersionLoggerListener.log CATALINA_BASE:         C:\Users\MZiad\IdeaProjects\call-center
26-Sep-2024 11:47:57.808 INFO [main] org.apache.catalina.startup.VersionLoggerListener.log CATALINA_HOME:         C:\Program Files\Tomcat\apache-tomcat-9.0.95
26-Sep-2024 11:47:57.821 INFO [main] org.apache.catalina.startup.VersionLoggerListener.log Command line argument: --add-opens=java.base/java.lang=ALL-UNNAMED
26-Sep-2024 11:47:57.821 INFO [main] org.apache.catalina.startup.VersionLoggerListener.log Command line argument: --add-opens=java.base/java.io=ALL-UNNAMED
26-Sep-2024 11:47:57.821 INFO [main] org.apache.catalina.startup.VersionLoggerListener.log Command line argument: --add-opens=java.base/java.util=ALL-UNNAMED
26-Sep-2024 11:47:57.821 INFO [main] org.apache.catalina.startup.VersionLoggerListener.log Command line argument: --add-opens=java.base/java.util.concurrent=ALL-UNNAMED
26-Sep-2024 11:47:57.822 INFO [main] org.apache.catalina.startup.VersionLoggerListener.log Command line argument: --add-opens=java.rmi/sun.rmi.transport=ALL-UNNAMED
26-Sep-2024 11:47:57.822 INFO [main] org.apache.catalina.startup.VersionLoggerListener.log Command line argument: -Dcatalina.home=C:\Program Files\Tomcat\apache-tomcat-9.0.95
26-Sep-2024 11:47:57.822 INFO [main] org.apache.catalina.startup.VersionLoggerListener.log Command line argument: -Dcatalina.base=C:\Users\MZiad\IdeaProjects\call-center
26-Sep-2024 11:47:57.822 INFO [main] org.apache.catalina.startup.VersionLoggerListener.log Command line argument: -Djava.io.tmpdir=C:\Users\MZiad\IdeaProjects\call-center\temp
26-Sep-2024 11:47:57.822 INFO [main] org.apache.catalina.startup.VersionLoggerListener.log Command line argument: -Djava.util.logging.config.file=C:\Users\MZiad\IdeaProjects\call-center\conf\logging.properties
26-Sep-2024 11:47:57.822 INFO [main] org.apache.catalina.startup.VersionLoggerListener.log Command line argument: -Djava.util.logging.manager=org.apache.juli.ClassLoaderLogManager
26-Sep-2024 11:47:57.822 INFO [main] org.apache.catalina.startup.VersionLoggerListener.log Command line argument: -javaagent:C:\Program Files\JetBrains\IntelliJ IDEA 2024.2.1\lib\idea_rt.jar=53420:C:\Program Files\JetBrains\IntelliJ IDEA 2024.2.1\bin
26-Sep-2024 11:47:57.822 INFO [main] org.apache.catalina.startup.VersionLoggerListener.log Command line argument: -Dfile.encoding=UTF-8
26-Sep-2024 11:47:57.826 INFO [main] org.apache.catalina.core.AprLifecycleListener.lifecycleEvent Loaded Apache Tomcat Native library [1.3.1] using APR version [1.7.4].
26-Sep-2024 11:47:57.826 INFO [main] org.apache.catalina.core.AprLifecycleListener.lifecycleEvent APR capabilities: IPv6 [true], sendfile [true], accept filters [false], random [true], UDS [true].
26-Sep-2024 11:47:57.827 INFO [main] org.apache.catalina.core.AprLifecycleListener.lifecycleEvent APR/OpenSSL configuration: useAprConnector [false], useOpenSSL [true]
26-Sep-2024 11:47:57.835 INFO [main] org.apache.catalina.core.AprLifecycleListener.initializeSSL OpenSSL successfully initialized [OpenSSL 3.0.14 4 Jun 2024]
26-Sep-2024 11:47:58.228 INFO [main] org.apache.coyote.AbstractProtocol.init Initializing ProtocolHandler ["http-nio-8080"]
26-Sep-2024 11:47:58.255 INFO [main] org.apache.catalina.startup.Catalina.load Server initialization in [679] milliseconds
26-Sep-2024 11:47:58.350 INFO [main] org.apache.catalina.core.StandardService.startInternal Starting service [Catalina]
26-Sep-2024 11:47:58.350 INFO [main] org.apache.catalina.core.StandardEngine.startInternal Starting Servlet engine: [Apache Tomcat/9.0.95]
26-Sep-2024 11:47:58.359 INFO [main] org.apache.catalina.startup.HostConfig.deployDescriptor Deploying deployment descriptor [C:\Users\MZiad\IdeaProjects\call-center\conf\Catalina\localhost\call-center.xml]
26-Sep-2024 11:48:01.858 INFO [main] org.apache.jasper.servlet.TldScanner.scanJars At least one JAR was scanned for TLDs yet contained no TLDs. Enable debug logging for this logger for a complete list of JARs that were scanned but no TLDs were found in them. Skipping unneeded JARs during scanning can improve startup time and JSP compilation time.
26-Sep-2024 11:48:02.132 INFO [main] com.sun.faces.config.ConfigureListener.contextInitialized Initializing Mojarra 2.3.9 ( 20190401-1936 77894020e94a338c9701619b7ef6e9871c5a9079) for context '/call-center'
26-Sep-2024 11:48:02.345 INFO [main] com.sun.faces.spi.InjectionProviderFactory.createInstance JSF1048: PostConstruct/PreDestroy annotations present.  ManagedBeans methods marked with these annotations will have said annotations processed.
26-Sep-2024 11:48:03.838 INFO [main] org.primefaces.webapp.PostConstructApplicationEventListener.processEvent Running on PrimeFaces 10.0.0
26-Sep-2024 11:48:03.841 INFO [main] org.springframework.web.context.ContextLoader.initWebApplicationContext Root WebApplicationContext: initialization started
26-Sep-2024 11:48:04.854 INFO [main] org.springframework.web.context.ContextLoader.initWebApplicationContext Root WebApplicationContext initialized in 1012 ms
26-Sep-2024 11:48:05.065 WARNING [main] org.apache.catalina.util.SessionIdGeneratorBase.createSecureRandom Creation of SecureRandom instance for session ID generation using [SHA1PRNG] took [208] milliseconds.
26-Sep-2024 11:48:05.096 INFO [main] org.springframework.web.servlet.FrameworkServlet.initServletBean Initializing Servlet 'dispatcher'
26-Sep-2024 11:48:05.421 INFO [main] org.springframework.web.servlet.FrameworkServlet.initServletBean Completed initialization in 325 ms
26-Sep-2024 11:48:05.431 INFO [main] org.apache.catalina.startup.HostConfig.deployDescriptor Deployment of deployment descriptor [C:\Users\MZiad\IdeaProjects\call-center\conf\Catalina\localhost\call-center.xml] has finished in [7,072] ms
26-Sep-2024 11:48:05.437 INFO [main] org.apache.coyote.AbstractProtocol.start Starting ProtocolHandler ["http-nio-8080"]
26-Sep-2024 11:48:05.449 INFO [main] org.apache.catalina.startup.Catalina.start Server startup in [7194] milliseconds
26-Sep-2024 11:48:21.545 INFO [Thread-1] org.apache.coyote.AbstractProtocol.pause Pausing ProtocolHandler ["http-nio-8080"]
26-Sep-2024 11:48:21.891 INFO [Thread-1] org.apache.catalina.core.StandardService.stopInternal Stopping service [Catalina]
26-Sep-2024 11:48:21.906 WARNING [Thread-1] org.apache.catalina.loader.WebappClassLoaderBase.clearReferencesJdbc The web application [call-center] registered the JDBC driver [com.microsoft.sqlserver.jdbc.SQLServerDriver] but failed to unregister it when the web application was stopped. To prevent a memory leak, the JDBC Driver has been forcibly unregistered.
26-Sep-2024 11:48:21.922 INFO [Thread-1] org.apache.coyote.AbstractProtocol.stop Stopping ProtocolHandler ["http-nio-8080"]
26-Sep-2024 11:48:21.938 INFO [Thread-1] org.apache.coyote.AbstractProtocol.destroy Destroying ProtocolHandler ["http-nio-8080"]
26-Sep-2024 12:49:24.517 INFO [main] org.apache.catalina.startup.VersionLoggerListener.log Server version name:   Apache Tomcat/9.0.95
26-Sep-2024 12:49:24.520 INFO [main] org.apache.catalina.startup.VersionLoggerListener.log Server built:          Sep 13 2024 18:07:47 UTC
26-Sep-2024 12:49:24.520 INFO [main] org.apache.catalina.startup.VersionLoggerListener.log Server version number: 9.0.95.0
26-Sep-2024 12:49:24.520 INFO [main] org.apache.catalina.startup.VersionLoggerListener.log OS Name:               Windows 11
26-Sep-2024 12:49:24.520 INFO [main] org.apache.catalina.startup.VersionLoggerListener.log OS Version:            10.0
26-Sep-2024 12:49:24.521 INFO [main] org.apache.catalina.startup.VersionLoggerListener.log Architecture:          amd64
26-Sep-2024 12:49:24.521 INFO [main] org.apache.catalina.startup.VersionLoggerListener.log Java Home:             C:\Users\MZiad\.jdks\corretto-11.0.24
26-Sep-2024 12:49:24.521 INFO [main] org.apache.catalina.startup.VersionLoggerListener.log JVM Version:           11.0.24+8-LTS
26-Sep-2024 12:49:24.521 INFO [main] org.apache.catalina.startup.VersionLoggerListener.log JVM Vendor:            Amazon.com Inc.
26-Sep-2024 12:49:24.521 INFO [main] org.apache.catalina.startup.VersionLoggerListener.log CATALINA_BASE:         C:\Users\MZiad\IdeaProjects\call-center
26-Sep-2024 12:49:24.521 INFO [main] org.apache.catalina.startup.VersionLoggerListener.log CATALINA_HOME:         C:\Program Files\Tomcat\apache-tomcat-9.0.95
26-Sep-2024 12:49:24.531 INFO [main] org.apache.catalina.startup.VersionLoggerListener.log Command line argument: --add-opens=java.base/java.lang=ALL-UNNAMED
26-Sep-2024 12:49:24.532 INFO [main] org.apache.catalina.startup.VersionLoggerListener.log Command line argument: --add-opens=java.base/java.io=ALL-UNNAMED
26-Sep-2024 12:49:24.532 INFO [main] org.apache.catalina.startup.VersionLoggerListener.log Command line argument: --add-opens=java.base/java.util=ALL-UNNAMED
26-Sep-2024 12:49:24.532 INFO [main] org.apache.catalina.startup.VersionLoggerListener.log Command line argument: --add-opens=java.base/java.util.concurrent=ALL-UNNAMED
26-Sep-2024 12:49:24.532 INFO [main] org.apache.catalina.startup.VersionLoggerListener.log Command line argument: --add-opens=java.rmi/sun.rmi.transport=ALL-UNNAMED
26-Sep-2024 12:49:24.532 INFO [main] org.apache.catalina.startup.VersionLoggerListener.log Command line argument: -Dcatalina.home=C:\Program Files\Tomcat\apache-tomcat-9.0.95
26-Sep-2024 12:49:24.532 INFO [main] org.apache.catalina.startup.VersionLoggerListener.log Command line argument: -Dcatalina.base=C:\Users\MZiad\IdeaProjects\call-center
26-Sep-2024 12:49:24.532 INFO [main] org.apache.catalina.startup.VersionLoggerListener.log Command line argument: -Djava.io.tmpdir=C:\Users\MZiad\IdeaProjects\call-center\temp
26-Sep-2024 12:49:24.533 INFO [main] org.apache.catalina.startup.VersionLoggerListener.log Command line argument: -Djava.util.logging.config.file=C:\Users\MZiad\IdeaProjects\call-center\conf\logging.properties
26-Sep-2024 12:49:24.533 INFO [main] org.apache.catalina.startup.VersionLoggerListener.log Command line argument: -Djava.util.logging.manager=org.apache.juli.ClassLoaderLogManager
26-Sep-2024 12:49:24.533 INFO [main] org.apache.catalina.startup.VersionLoggerListener.log Command line argument: -javaagent:C:\Program Files\JetBrains\IntelliJ IDEA 2024.2.1\lib\idea_rt.jar=53895:C:\Program Files\JetBrains\IntelliJ IDEA 2024.2.1\bin
26-Sep-2024 12:49:24.533 INFO [main] org.apache.catalina.startup.VersionLoggerListener.log Command line argument: -Dfile.encoding=UTF-8
26-Sep-2024 12:49:24.547 INFO [main] org.apache.catalina.core.AprLifecycleListener.lifecycleEvent Loaded Apache Tomcat Native library [1.3.1] using APR version [1.7.4].
26-Sep-2024 12:49:24.547 INFO [main] org.apache.catalina.core.AprLifecycleListener.lifecycleEvent APR capabilities: IPv6 [true], sendfile [true], accept filters [false], random [true], UDS [true].
26-Sep-2024 12:49:24.548 INFO [main] org.apache.catalina.core.AprLifecycleListener.lifecycleEvent APR/OpenSSL configuration: useAprConnector [false], useOpenSSL [true]
26-Sep-2024 12:49:24.557 INFO [main] org.apache.catalina.core.AprLifecycleListener.initializeSSL OpenSSL successfully initialized [OpenSSL 3.0.14 4 Jun 2024]
26-Sep-2024 12:49:24.884 INFO [main] org.apache.coyote.AbstractProtocol.init Initializing ProtocolHandler ["http-nio-8080"]
26-Sep-2024 12:49:24.914 INFO [main] org.apache.catalina.startup.Catalina.load Server initialization in [635] milliseconds
26-Sep-2024 12:49:24.992 INFO [main] org.apache.catalina.core.StandardService.startInternal Starting service [Catalina]
26-Sep-2024 12:49:24.992 INFO [main] org.apache.catalina.core.StandardEngine.startInternal Starting Servlet engine: [Apache Tomcat/9.0.95]
26-Sep-2024 12:49:25.002 INFO [main] org.apache.catalina.startup.HostConfig.deployDescriptor Deploying deployment descriptor [C:\Users\MZiad\IdeaProjects\call-center\conf\Catalina\localhost\call-center.xml]
26-Sep-2024 12:49:28.590 INFO [main] org.apache.jasper.servlet.TldScanner.scanJars At least one JAR was scanned for TLDs yet contained no TLDs. Enable debug logging for this logger for a complete list of JARs that were scanned but no TLDs were found in them. Skipping unneeded JARs during scanning can improve startup time and JSP compilation time.
26-Sep-2024 12:49:28.837 INFO [main] com.sun.faces.config.ConfigureListener.contextInitialized Initializing Mojarra 2.3.9 ( 20190401-1936 77894020e94a338c9701619b7ef6e9871c5a9079) for context '/call-center'
26-Sep-2024 12:49:29.004 INFO [main] com.sun.faces.spi.InjectionProviderFactory.createInstance JSF1048: PostConstruct/PreDestroy annotations present.  ManagedBeans methods marked with these annotations will have said annotations processed.
26-Sep-2024 12:49:30.528 INFO [main] org.primefaces.webapp.PostConstructApplicationEventListener.processEvent Running on PrimeFaces 10.0.0
26-Sep-2024 12:49:30.531 INFO [main] org.springframework.web.context.ContextLoader.initWebApplicationContext Root WebApplicationContext: initialization started
26-Sep-2024 12:49:31.468 INFO [main] org.springframework.web.context.ContextLoader.initWebApplicationContext Root WebApplicationContext initialized in 937 ms
26-Sep-2024 12:49:31.646 WARNING [main] org.apache.catalina.util.SessionIdGeneratorBase.createSecureRandom Creation of SecureRandom instance for session ID generation using [SHA1PRNG] took [177] milliseconds.
26-Sep-2024 12:49:31.670 INFO [main] org.springframework.web.servlet.FrameworkServlet.initServletBean Initializing Servlet 'dispatcher'
26-Sep-2024 12:49:31.965 INFO [main] org.springframework.web.servlet.FrameworkServlet.initServletBean Completed initialization in 295 ms
26-Sep-2024 12:49:31.974 INFO [main] org.apache.catalina.startup.HostConfig.deployDescriptor Deployment of deployment descriptor [C:\Users\MZiad\IdeaProjects\call-center\conf\Catalina\localhost\call-center.xml] has finished in [6,972] ms
26-Sep-2024 12:49:31.979 INFO [main] org.apache.coyote.AbstractProtocol.start Starting ProtocolHandler ["http-nio-8080"]
26-Sep-2024 12:49:31.993 INFO [main] org.apache.catalina.startup.Catalina.start Server startup in [7078] milliseconds
26-Sep-2024 12:50:15.756 INFO [Thread-1] org.apache.coyote.AbstractProtocol.pause Pausing ProtocolHandler ["http-nio-8080"]
26-Sep-2024 12:50:16.103 INFO [Thread-1] org.apache.catalina.core.StandardService.stopInternal Stopping service [Catalina]
26-Sep-2024 12:50:16.134 WARNING [Thread-1] org.apache.catalina.loader.WebappClassLoaderBase.clearReferencesJdbc The web application [call-center] registered the JDBC driver [com.microsoft.sqlserver.jdbc.SQLServerDriver] but failed to unregister it when the web application was stopped. To prevent a memory leak, the JDBC Driver has been forcibly unregistered.
26-Sep-2024 12:50:16.134 INFO [Thread-1] org.apache.coyote.AbstractProtocol.stop Stopping ProtocolHandler ["http-nio-8080"]
26-Sep-2024 12:50:16.150 INFO [Thread-1] org.apache.coyote.AbstractProtocol.destroy Destroying ProtocolHandler ["http-nio-8080"]
26-Sep-2024 17:01:33.419 INFO [main] org.apache.catalina.startup.VersionLoggerListener.log Server version name:   Apache Tomcat/9.0.95
26-Sep-2024 17:01:33.422 INFO [main] org.apache.catalina.startup.VersionLoggerListener.log Server built:          Sep 13 2024 18:07:47 UTC
26-Sep-2024 17:01:33.423 INFO [main] org.apache.catalina.startup.VersionLoggerListener.log Server version number: 9.0.95.0
26-Sep-2024 17:01:33.423 INFO [main] org.apache.catalina.startup.VersionLoggerListener.log OS Name:               Windows 11
26-Sep-2024 17:01:33.423 INFO [main] org.apache.catalina.startup.VersionLoggerListener.log OS Version:            10.0
26-Sep-2024 17:01:33.423 INFO [main] org.apache.catalina.startup.VersionLoggerListener.log Architecture:          amd64
26-Sep-2024 17:01:33.423 INFO [main] org.apache.catalina.startup.VersionLoggerListener.log Java Home:             C:\Users\MZiad\.jdks\corretto-11.0.24
26-Sep-2024 17:01:33.424 INFO [main] org.apache.catalina.startup.VersionLoggerListener.log JVM Version:           11.0.24+8-LTS
26-Sep-2024 17:01:33.424 INFO [main] org.apache.catalina.startup.VersionLoggerListener.log JVM Vendor:            Amazon.com Inc.
26-Sep-2024 17:01:33.424 INFO [main] org.apache.catalina.startup.VersionLoggerListener.log CATALINA_BASE:         C:\Users\MZiad\IdeaProjects\call-center
26-Sep-2024 17:01:33.424 INFO [main] org.apache.catalina.startup.VersionLoggerListener.log CATALINA_HOME:         C:\Program Files\Tomcat\apache-tomcat-9.0.95
26-Sep-2024 17:01:33.434 INFO [main] org.apache.catalina.startup.VersionLoggerListener.log Command line argument: --add-opens=java.base/java.lang=ALL-UNNAMED
26-Sep-2024 17:01:33.434 INFO [main] org.apache.catalina.startup.VersionLoggerListener.log Command line argument: --add-opens=java.base/java.io=ALL-UNNAMED
26-Sep-2024 17:01:33.435 INFO [main] org.apache.catalina.startup.VersionLoggerListener.log Command line argument: --add-opens=java.base/java.util=ALL-UNNAMED
26-Sep-2024 17:01:33.435 INFO [main] org.apache.catalina.startup.VersionLoggerListener.log Command line argument: --add-opens=java.base/java.util.concurrent=ALL-UNNAMED
26-Sep-2024 17:01:33.435 INFO [main] org.apache.catalina.startup.VersionLoggerListener.log Command line argument: --add-opens=java.rmi/sun.rmi.transport=ALL-UNNAMED
26-Sep-2024 17:01:33.435 INFO [main] org.apache.catalina.startup.VersionLoggerListener.log Command line argument: -Dcatalina.home=C:\Program Files\Tomcat\apache-tomcat-9.0.95
26-Sep-2024 17:01:33.435 INFO [main] org.apache.catalina.startup.VersionLoggerListener.log Command line argument: -Dcatalina.base=C:\Users\MZiad\IdeaProjects\call-center
26-Sep-2024 17:01:33.435 INFO [main] org.apache.catalina.startup.VersionLoggerListener.log Command line argument: -Djava.io.tmpdir=C:\Users\MZiad\IdeaProjects\call-center\temp
26-Sep-2024 17:01:33.435 INFO [main] org.apache.catalina.startup.VersionLoggerListener.log Command line argument: -Djava.util.logging.config.file=C:\Users\MZiad\IdeaProjects\call-center\conf\logging.properties
26-Sep-2024 17:01:33.435 INFO [main] org.apache.catalina.startup.VersionLoggerListener.log Command line argument: -Djava.util.logging.manager=org.apache.juli.ClassLoaderLogManager
26-Sep-2024 17:01:33.435 INFO [main] org.apache.catalina.startup.VersionLoggerListener.log Command line argument: -javaagent:C:\Program Files\JetBrains\IntelliJ IDEA 2024.2.1\lib\idea_rt.jar=55962:C:\Program Files\JetBrains\IntelliJ IDEA 2024.2.1\bin
26-Sep-2024 17:01:33.436 INFO [main] org.apache.catalina.startup.VersionLoggerListener.log Command line argument: -Dfile.encoding=UTF-8
26-Sep-2024 17:01:33.449 INFO [main] org.apache.catalina.core.AprLifecycleListener.lifecycleEvent Loaded Apache Tomcat Native library [1.3.1] using APR version [1.7.4].
26-Sep-2024 17:01:33.449 INFO [main] org.apache.catalina.core.AprLifecycleListener.lifecycleEvent APR capabilities: IPv6 [true], sendfile [true], accept filters [false], random [true], UDS [true].
26-Sep-2024 17:01:33.449 INFO [main] org.apache.catalina.core.AprLifecycleListener.lifecycleEvent APR/OpenSSL configuration: useAprConnector [false], useOpenSSL [true]
26-Sep-2024 17:01:33.457 INFO [main] org.apache.catalina.core.AprLifecycleListener.initializeSSL OpenSSL successfully initialized [OpenSSL 3.0.14 4 Jun 2024]
26-Sep-2024 17:01:33.768 INFO [main] org.apache.coyote.AbstractProtocol.init Initializing ProtocolHandler ["http-nio-8080"]
26-Sep-2024 17:01:33.802 INFO [main] org.apache.catalina.startup.Catalina.load Server initialization in [606] milliseconds
26-Sep-2024 17:01:33.881 INFO [main] org.apache.catalina.core.StandardService.startInternal Starting service [Catalina]
26-Sep-2024 17:01:33.882 INFO [main] org.apache.catalina.core.StandardEngine.startInternal Starting Servlet engine: [Apache Tomcat/9.0.95]
26-Sep-2024 17:01:33.897 INFO [main] org.apache.catalina.startup.HostConfig.deployDescriptor Deploying deployment descriptor [C:\Users\MZiad\IdeaProjects\call-center\conf\Catalina\localhost\call-center.xml]
26-Sep-2024 17:01:37.067 INFO [main] org.apache.jasper.servlet.TldScanner.scanJars At least one JAR was scanned for TLDs yet contained no TLDs. Enable debug logging for this logger for a complete list of JARs that were scanned but no TLDs were found in them. Skipping unneeded JARs during scanning can improve startup time and JSP compilation time.
26-Sep-2024 17:01:37.320 INFO [main] com.sun.faces.config.ConfigureListener.contextInitialized Initializing Mojarra 2.3.9 ( 20190401-1936 77894020e94a338c9701619b7ef6e9871c5a9079) for context '/call-center'
26-Sep-2024 17:01:37.505 INFO [main] com.sun.faces.spi.InjectionProviderFactory.createInstance JSF1048: PostConstruct/PreDestroy annotations present.  ManagedBeans methods marked with these annotations will have said annotations processed.
26-Sep-2024 17:01:38.945 INFO [main] org.primefaces.webapp.PostConstructApplicationEventListener.processEvent Running on PrimeFaces 10.0.0
26-Sep-2024 17:01:38.948 INFO [main] org.springframework.web.context.ContextLoader.initWebApplicationContext Root WebApplicationContext: initialization started
26-Sep-2024 17:01:39.878 INFO [main] org.springframework.web.context.ContextLoader.initWebApplicationContext Root WebApplicationContext initialized in 930 ms
26-Sep-2024 17:01:40.054 WARNING [main] org.apache.catalina.util.SessionIdGeneratorBase.createSecureRandom Creation of SecureRandom instance for session ID generation using [SHA1PRNG] took [175] milliseconds.
26-Sep-2024 17:01:40.082 INFO [main] org.springframework.web.servlet.FrameworkServlet.initServletBean Initializing Servlet 'dispatcher'
26-Sep-2024 17:01:40.438 INFO [main] org.springframework.web.servlet.FrameworkServlet.initServletBean Completed initialization in 356 ms
26-Sep-2024 17:01:40.448 INFO [main] org.apache.catalina.startup.HostConfig.deployDescriptor Deployment of deployment descriptor [C:\Users\MZiad\IdeaProjects\call-center\conf\Catalina\localhost\call-center.xml] has finished in [6,551] ms
26-Sep-2024 17:01:40.454 INFO [main] org.apache.coyote.AbstractProtocol.start Starting ProtocolHandler ["http-nio-8080"]
26-Sep-2024 17:01:40.468 INFO [main] org.apache.catalina.startup.Catalina.start Server startup in [6665] milliseconds
26-Sep-2024 17:03:13.217 INFO [Thread-1] org.apache.coyote.AbstractProtocol.pause Pausing ProtocolHandler ["http-nio-8080"]
26-Sep-2024 17:03:13.632 INFO [Thread-1] org.apache.catalina.core.StandardService.stopInternal Stopping service [Catalina]
26-Sep-2024 17:03:13.653 WARNING [Thread-1] org.apache.catalina.loader.WebappClassLoaderBase.clearReferencesJdbc The web application [call-center] registered the JDBC driver [com.microsoft.sqlserver.jdbc.SQLServerDriver] but failed to unregister it when the web application was stopped. To prevent a memory leak, the JDBC Driver has been forcibly unregistered.
26-Sep-2024 17:03:13.666 INFO [Thread-1] org.apache.coyote.AbstractProtocol.stop Stopping ProtocolHandler ["http-nio-8080"]
26-Sep-2024 17:03:13.684 INFO [Thread-1] org.apache.coyote.AbstractProtocol.destroy Destroying ProtocolHandler ["http-nio-8080"]
