22-Sep-2024 14:51:45.126 INFO [main] org.apache.catalina.startup.VersionLoggerListener.log Server version name:   Apache Tomcat/9.0.95
22-Sep-2024 14:51:45.131 INFO [main] org.apache.catalina.startup.VersionLoggerListener.log Server built:          Sep 13 2024 18:07:47 UTC
22-Sep-2024 14:51:45.132 INFO [main] org.apache.catalina.startup.VersionLoggerListener.log Server version number: 9.0.95.0
22-Sep-2024 14:51:45.132 INFO [main] org.apache.catalina.startup.VersionLoggerListener.log OS Name:               Windows 11
22-Sep-2024 14:51:45.132 INFO [main] org.apache.catalina.startup.VersionLoggerListener.log OS Version:            10.0
22-Sep-2024 14:51:45.132 INFO [main] org.apache.catalina.startup.VersionLoggerListener.log Architecture:          amd64
22-Sep-2024 14:51:45.132 INFO [main] org.apache.catalina.startup.VersionLoggerListener.log Java Home:             C:\Users\MZiad\.jdks\corretto-11.0.24
22-Sep-2024 14:51:45.132 INFO [main] org.apache.catalina.startup.VersionLoggerListener.log JVM Version:           11.0.24+8-LTS
22-Sep-2024 14:51:45.133 INFO [main] org.apache.catalina.startup.VersionLoggerListener.log JVM Vendor:            Amazon.com Inc.
22-Sep-2024 14:51:45.133 INFO [main] org.apache.catalina.startup.VersionLoggerListener.log CATALINA_BASE:         C:\Users\MZiad\IdeaProjects\call-center-management-system-master
22-Sep-2024 14:51:45.133 INFO [main] org.apache.catalina.startup.VersionLoggerListener.log CATALINA_HOME:         C:\Program Files\Tomcat\apache-tomcat-9.0.95
22-Sep-2024 14:51:45.151 INFO [main] org.apache.catalina.startup.VersionLoggerListener.log Command line argument: --add-opens=java.base/java.lang=ALL-UNNAMED
22-Sep-2024 14:51:45.151 INFO [main] org.apache.catalina.startup.VersionLoggerListener.log Command line argument: --add-opens=java.base/java.io=ALL-UNNAMED
22-Sep-2024 14:51:45.152 INFO [main] org.apache.catalina.startup.VersionLoggerListener.log Command line argument: --add-opens=java.base/java.util=ALL-UNNAMED
22-Sep-2024 14:51:45.152 INFO [main] org.apache.catalina.startup.VersionLoggerListener.log Command line argument: --add-opens=java.base/java.util.concurrent=ALL-UNNAMED
22-Sep-2024 14:51:45.152 INFO [main] org.apache.catalina.startup.VersionLoggerListener.log Command line argument: --add-opens=java.rmi/sun.rmi.transport=ALL-UNNAMED
22-Sep-2024 14:51:45.152 INFO [main] org.apache.catalina.startup.VersionLoggerListener.log Command line argument: -Dcatalina.home=C:\Program Files\Tomcat\apache-tomcat-9.0.95
22-Sep-2024 14:51:45.153 INFO [main] org.apache.catalina.startup.VersionLoggerListener.log Command line argument: -Dcatalina.base=C:\Users\MZiad\IdeaProjects\call-center-management-system-master
22-Sep-2024 14:51:45.153 INFO [main] org.apache.catalina.startup.VersionLoggerListener.log Command line argument: -Djava.io.tmpdir=C:\Users\MZiad\IdeaProjects\call-center-management-system-master\temp
22-Sep-2024 14:51:45.153 INFO [main] org.apache.catalina.startup.VersionLoggerListener.log Command line argument: -Djava.util.logging.config.file=C:\Users\MZiad\IdeaProjects\call-center-management-system-master\conf\logging.properties
22-Sep-2024 14:51:45.153 INFO [main] org.apache.catalina.startup.VersionLoggerListener.log Command line argument: -Djava.util.logging.manager=org.apache.juli.ClassLoaderLogManager
22-Sep-2024 14:51:45.153 INFO [main] org.apache.catalina.startup.VersionLoggerListener.log Command line argument: -javaagent:C:\Program Files\JetBrains\IntelliJ IDEA 2024.2.1\lib\idea_rt.jar=61171:C:\Program Files\JetBrains\IntelliJ IDEA 2024.2.1\bin
22-Sep-2024 14:51:45.153 INFO [main] org.apache.catalina.startup.VersionLoggerListener.log Command line argument: -Dfile.encoding=UTF-8
22-Sep-2024 14:51:45.172 INFO [main] org.apache.catalina.core.AprLifecycleListener.lifecycleEvent Loaded Apache Tomcat Native library [1.3.1] using APR version [1.7.4].
22-Sep-2024 14:51:45.173 INFO [main] org.apache.catalina.core.AprLifecycleListener.lifecycleEvent APR capabilities: IPv6 [true], sendfile [true], accept filters [false], random [true], UDS [true].
22-Sep-2024 14:51:45.173 INFO [main] org.apache.catalina.core.AprLifecycleListener.lifecycleEvent APR/OpenSSL configuration: useAprConnector [false], useOpenSSL [true]
22-Sep-2024 14:51:45.180 INFO [main] org.apache.catalina.core.AprLifecycleListener.initializeSSL OpenSSL successfully initialized [OpenSSL 3.0.14 4 Jun 2024]
22-Sep-2024 14:51:45.556 INFO [main] org.apache.coyote.AbstractProtocol.init Initializing ProtocolHandler ["http-nio-8080"]
22-Sep-2024 14:51:45.590 INFO [main] org.apache.catalina.startup.Catalina.load Server initialization in [756] milliseconds
22-Sep-2024 14:51:45.724 INFO [main] org.apache.catalina.core.StandardService.startInternal Starting service [Catalina]
22-Sep-2024 14:51:45.724 INFO [main] org.apache.catalina.core.StandardEngine.startInternal Starting Servlet engine: [Apache Tomcat/9.0.95]
22-Sep-2024 14:51:45.741 INFO [main] org.apache.catalina.startup.HostConfig.deployDescriptor Deploying deployment descriptor [C:\Users\MZiad\IdeaProjects\call-center-management-system-master\conf\Catalina\localhost\call-center-management-system.xml]
22-Sep-2024 14:51:48.127 INFO [main] org.apache.jasper.servlet.TldScanner.scanJars At least one JAR was scanned for TLDs yet contained no TLDs. Enable debug logging for this logger for a complete list of JARs that were scanned but no TLDs were found in them. Skipping unneeded JARs during scanning can improve startup time and JSP compilation time.
22-Sep-2024 14:51:48.434 INFO [main] com.sun.faces.config.ConfigureListener.contextInitialized Initializing Mojarra 2.2.17 ( 20180411-2323 53e5a1509f6706550c6789ced710eb6ebf05fffd) for context '/call-center-management-system'
22-Sep-2024 14:51:48.628 INFO [main] com.sun.faces.spi.InjectionProviderFactory.createInstance JSF1048: PostConstruct/PreDestroy annotations present.  ManagedBeans methods marked with these annotations will have said annotations processed.
22-Sep-2024 14:51:49.460 INFO [main] org.springframework.web.context.ContextLoader.initWebApplicationContext Root WebApplicationContext: initialization started
22-Sep-2024 14:51:50.175 INFO [main] org.springframework.web.context.ContextLoader.initWebApplicationContext Root WebApplicationContext initialized in 715 ms
22-Sep-2024 14:51:50.369 WARNING [main] org.apache.catalina.util.SessionIdGeneratorBase.createSecureRandom Creation of SecureRandom instance for session ID generation using [SHA1PRNG] took [191] milliseconds.
22-Sep-2024 14:51:50.374 INFO [main] org.springframework.web.servlet.FrameworkServlet.initServletBean Initializing Servlet 'dispatcher'
22-Sep-2024 14:51:50.727 INFO [main] org.springframework.web.servlet.FrameworkServlet.initServletBean Completed initialization in 353 ms
22-Sep-2024 14:51:50.734 INFO [main] org.apache.catalina.startup.HostConfig.deployDescriptor Deployment of deployment descriptor [C:\Users\MZiad\IdeaProjects\call-center-management-system-master\conf\Catalina\localhost\call-center-management-system.xml] has finished in [4,993] ms
22-Sep-2024 14:51:50.739 INFO [main] org.apache.coyote.AbstractProtocol.start Starting ProtocolHandler ["http-nio-8080"]
22-Sep-2024 14:51:50.750 INFO [main] org.apache.catalina.startup.Catalina.start Server startup in [5158] milliseconds
22-Sep-2024 14:54:29.584 INFO [Thread-1] org.apache.coyote.AbstractProtocol.pause Pausing ProtocolHandler ["http-nio-8080"]
22-Sep-2024 14:54:29.933 INFO [Thread-1] org.apache.catalina.core.StandardService.stopInternal Stopping service [Catalina]
22-Sep-2024 14:54:29.969 INFO [Thread-1] org.apache.coyote.AbstractProtocol.stop Stopping ProtocolHandler ["http-nio-8080"]
22-Sep-2024 14:54:29.985 INFO [Thread-1] org.apache.coyote.AbstractProtocol.destroy Destroying ProtocolHandler ["http-nio-8080"]
