26-Sep-2024 10:59:09.191 INFO [main] org.apache.catalina.core.ApplicationContext.log 1 Spring WebApplicationInitializers detected on classpath
26-Sep-2024 10:59:11.212 INFO [main] org.apache.catalina.core.ApplicationContext.log Initializing Spring root WebApplicationContext
26-Sep-2024 10:59:12.673 INFO [main] org.apache.catalina.core.ApplicationContext.log Initializing Spring DispatcherServlet 'dispatcher'
26-Sep-2024 11:00:24.498 INFO [Thread-1] org.apache.catalina.core.ApplicationContext.log Destroying Spring FrameworkServlet 'dispatcher'
26-Sep-2024 11:00:24.505 INFO [Thread-1] org.apache.catalina.core.ApplicationContext.log Closing Spring root WebApplicationContext
26-Sep-2024 11:24:22.484 INFO [main] org.apache.catalina.core.ApplicationContext.log 1 Spring WebApplicationInitializers detected on classpath
26-Sep-2024 11:24:24.409 INFO [main] org.apache.catalina.core.ApplicationContext.log Initializing Spring root WebApplicationContext
26-Sep-2024 11:24:25.628 INFO [main] org.apache.catalina.core.ApplicationContext.log Initializing Spring DispatcherServlet 'dispatcher'
26-Sep-2024 11:24:42.565 INFO [Thread-1] org.apache.catalina.core.ApplicationContext.log Destroying Spring FrameworkServlet 'dispatcher'
26-Sep-2024 11:24:42.572 INFO [Thread-1] org.apache.catalina.core.ApplicationContext.log Closing Spring root WebApplicationContext
26-Sep-2024 11:24:52.595 INFO [main] org.apache.catalina.core.ApplicationContext.log 1 Spring WebApplicationInitializers detected on classpath
26-Sep-2024 11:24:54.523 INFO [main] org.apache.catalina.core.ApplicationContext.log Initializing Spring root WebApplicationContext
26-Sep-2024 11:24:55.893 INFO [main] org.apache.catalina.core.ApplicationContext.log Initializing Spring DispatcherServlet 'dispatcher'
26-Sep-2024 11:26:36.378 INFO [Catalina-utility-2] org.apache.catalina.core.ApplicationContext.log Destroying Spring FrameworkServlet 'dispatcher'
26-Sep-2024 11:26:36.383 INFO [Catalina-utility-2] org.apache.catalina.core.ApplicationContext.log Closing Spring root WebApplicationContext
26-Sep-2024 11:26:38.936 INFO [Catalina-utility-2] org.apache.catalina.core.ApplicationContext.log 1 Spring WebApplicationInitializers detected on classpath
26-Sep-2024 11:26:40.259 INFO [Catalina-utility-2] org.apache.catalina.core.ApplicationContext.log Initializing Spring root WebApplicationContext
26-Sep-2024 11:26:41.073 INFO [Catalina-utility-2] org.apache.catalina.core.ApplicationContext.log Initializing Spring DispatcherServlet 'dispatcher'
26-Sep-2024 11:29:12.018 INFO [Thread-1] org.apache.catalina.core.ApplicationContext.log Destroying Spring FrameworkServlet 'dispatcher'
26-Sep-2024 11:29:12.022 INFO [Thread-1] org.apache.catalina.core.ApplicationContext.log Closing Spring root WebApplicationContext
26-Sep-2024 11:32:33.699 INFO [main] org.apache.catalina.core.ApplicationContext.log 1 Spring WebApplicationInitializers detected on classpath
26-Sep-2024 11:32:35.633 INFO [main] org.apache.catalina.core.ApplicationContext.log Initializing Spring root WebApplicationContext
26-Sep-2024 11:32:36.809 INFO [main] org.apache.catalina.core.ApplicationContext.log Initializing Spring DispatcherServlet 'dispatcher'
26-Sep-2024 11:32:49.283 INFO [Thread-1] org.apache.catalina.core.ApplicationContext.log Destroying Spring FrameworkServlet 'dispatcher'
26-Sep-2024 11:32:49.299 INFO [Thread-1] org.apache.catalina.core.ApplicationContext.log Closing Spring root WebApplicationContext
26-Sep-2024 11:41:22.649 INFO [main] org.apache.catalina.core.ApplicationContext.log 1 Spring WebApplicationInitializers detected on classpath
26-Sep-2024 11:41:24.526 INFO [main] org.apache.catalina.core.ApplicationContext.log Initializing Spring root WebApplicationContext
26-Sep-2024 11:41:25.728 INFO [main] org.apache.catalina.core.ApplicationContext.log Initializing Spring DispatcherServlet 'dispatcher'
26-Sep-2024 11:41:29.210 SEVERE [http-nio-8080-exec-2] org.apache.catalina.core.StandardWrapperValve.invoke Servlet.service() for servlet [FacesServlet] in context with path [/call-center] threw exception [Cannot find component for expression ":growl" referenced from "j_idt5:j_idt9".] with root cause
	org.primefaces.expression.ComponentNotFoundException: Cannot find component for expression ":growl" referenced from "j_idt5:j_idt9".
		at org.primefaces.expression.SearchExpressionFacade.cannotFindComponent(SearchExpressionFacade.java:729)
		at org.primefaces.expression.SearchExpressionFacade.resolveClientIds(SearchExpressionFacade.java:263)
		at org.primefaces.util.AjaxRequestBuilder.addExpressions(AjaxRequestBuilder.java:164)
		at org.primefaces.util.AjaxRequestBuilder.update(AjaxRequestBuilder.java:157)
		at org.primefaces.renderkit.CoreRenderer.preConfiguredAjaxRequestBuilder(CoreRenderer.java:427)
		at org.primefaces.renderkit.CoreRenderer.buildAjaxRequest(CoreRenderer.java:448)
		at org.primefaces.renderkit.CoreRenderer.buildAjaxRequest(CoreRenderer.java:444)
		at org.primefaces.component.commandbutton.CommandButtonRenderer.buildRequest(CommandButtonRenderer.java:148)
		at org.primefaces.component.commandbutton.CommandButtonRenderer.encodeMarkup(CommandButtonRenderer.java:78)
		at org.primefaces.component.commandbutton.CommandButtonRenderer.encodeEnd(CommandButtonRenderer.java:63)
		at javax.faces.component.UIComponentBase.encodeEnd(UIComponentBase.java:949)
		at javax.faces.component.UIComponent.encodeAll(UIComponent.java:1912)
		at javax.faces.render.Renderer.encodeChildren(Renderer.java:176)
		at javax.faces.component.UIComponentBase.encodeChildren(UIComponentBase.java:918)
		at javax.faces.component.UIComponent.encodeAll(UIComponent.java:1905)
		at javax.faces.component.UIComponent.encodeAll(UIComponent.java:1908)
		at javax.faces.component.UIComponent.encodeAll(UIComponent.java:1908)
		at com.sun.faces.application.view.FaceletViewHandlingStrategy.renderView(FaceletViewHandlingStrategy.java:491)
		at com.sun.faces.application.view.MultiViewHandler.renderView(MultiViewHandler.java:194)
		at com.sun.faces.lifecycle.RenderResponsePhase.execute(RenderResponsePhase.java:126)
		at com.sun.faces.lifecycle.Phase.doPhase(Phase.java:100)
		at com.sun.faces.lifecycle.LifecycleImpl.render(LifecycleImpl.java:223)
		at javax.faces.webapp.FacesServlet.service(FacesServlet.java:671)
		at org.apache.catalina.core.ApplicationFilterChain.internalDoFilter(ApplicationFilterChain.java:199)
		at org.apache.catalina.core.ApplicationFilterChain.doFilter(ApplicationFilterChain.java:144)
		at org.apache.tomcat.websocket.server.WsFilter.doFilter(WsFilter.java:51)
		at org.apache.catalina.core.ApplicationFilterChain.internalDoFilter(ApplicationFilterChain.java:168)
		at org.apache.catalina.core.ApplicationFilterChain.doFilter(ApplicationFilterChain.java:144)
		at org.apache.catalina.core.StandardWrapperValve.invoke(StandardWrapperValve.java:168)
		at org.apache.catalina.core.StandardContextValve.invoke(StandardContextValve.java:90)
		at org.apache.catalina.authenticator.AuthenticatorBase.invoke(AuthenticatorBase.java:482)
		at org.apache.catalina.core.StandardHostValve.invoke(StandardHostValve.java:130)
		at org.apache.catalina.valves.ErrorReportValve.invoke(ErrorReportValve.java:93)
		at org.apache.catalina.valves.AbstractAccessLogValve.invoke(AbstractAccessLogValve.java:660)
		at org.apache.catalina.core.StandardEngineValve.invoke(StandardEngineValve.java:74)
		at org.apache.catalina.connector.CoyoteAdapter.service(CoyoteAdapter.java:346)
		at org.apache.coyote.http11.Http11Processor.service(Http11Processor.java:383)
		at org.apache.coyote.AbstractProcessorLight.process(AbstractProcessorLight.java:63)
		at org.apache.coyote.AbstractProtocol$ConnectionHandler.process(AbstractProtocol.java:937)
		at org.apache.tomcat.util.net.NioEndpoint$SocketProcessor.doRun(NioEndpoint.java:1791)
		at org.apache.tomcat.util.net.SocketProcessorBase.run(SocketProcessorBase.java:52)
		at org.apache.tomcat.util.threads.ThreadPoolExecutor.runWorker(ThreadPoolExecutor.java:1190)
		at org.apache.tomcat.util.threads.ThreadPoolExecutor$Worker.run(ThreadPoolExecutor.java:659)
		at org.apache.tomcat.util.threads.TaskThread$WrappingRunnable.run(TaskThread.java:63)
		at java.base/java.lang.Thread.run(Thread.java:829)
26-Sep-2024 11:41:50.495 INFO [Thread-1] org.apache.catalina.core.ApplicationContext.log Destroying Spring FrameworkServlet 'dispatcher'
26-Sep-2024 11:41:50.502 INFO [Thread-1] org.apache.catalina.core.ApplicationContext.log Closing Spring root WebApplicationContext
26-Sep-2024 11:41:57.728 INFO [main] org.apache.catalina.core.ApplicationContext.log 1 Spring WebApplicationInitializers detected on classpath
26-Sep-2024 11:41:59.716 INFO [main] org.apache.catalina.core.ApplicationContext.log Initializing Spring root WebApplicationContext
26-Sep-2024 11:42:00.890 INFO [main] org.apache.catalina.core.ApplicationContext.log Initializing Spring DispatcherServlet 'dispatcher'
26-Sep-2024 11:42:19.386 INFO [Thread-1] org.apache.catalina.core.ApplicationContext.log Destroying Spring FrameworkServlet 'dispatcher'
26-Sep-2024 11:42:19.386 INFO [Thread-1] org.apache.catalina.core.ApplicationContext.log Closing Spring root WebApplicationContext
26-Sep-2024 11:43:36.854 INFO [main] org.apache.catalina.core.ApplicationContext.log 1 Spring WebApplicationInitializers detected on classpath
26-Sep-2024 11:43:38.815 INFO [main] org.apache.catalina.core.ApplicationContext.log Initializing Spring root WebApplicationContext
26-Sep-2024 11:43:40.192 INFO [main] org.apache.catalina.core.ApplicationContext.log Initializing Spring DispatcherServlet 'dispatcher'
26-Sep-2024 11:44:21.356 INFO [Thread-1] org.apache.catalina.core.ApplicationContext.log Destroying Spring FrameworkServlet 'dispatcher'
26-Sep-2024 11:44:21.365 INFO [Thread-1] org.apache.catalina.core.ApplicationContext.log Closing Spring root WebApplicationContext
26-Sep-2024 11:44:33.188 INFO [main] org.apache.catalina.core.ApplicationContext.log 1 Spring WebApplicationInitializers detected on classpath
26-Sep-2024 11:44:35.031 INFO [main] org.apache.catalina.core.ApplicationContext.log Initializing Spring root WebApplicationContext
26-Sep-2024 11:44:36.239 INFO [main] org.apache.catalina.core.ApplicationContext.log Initializing Spring DispatcherServlet 'dispatcher'
26-Sep-2024 11:47:43.100 INFO [Thread-1] org.apache.catalina.core.ApplicationContext.log Destroying Spring FrameworkServlet 'dispatcher'
26-Sep-2024 11:47:43.116 INFO [Thread-1] org.apache.catalina.core.ApplicationContext.log Closing Spring root WebApplicationContext
26-Sep-2024 11:48:01.965 INFO [main] org.apache.catalina.core.ApplicationContext.log 1 Spring WebApplicationInitializers detected on classpath
26-Sep-2024 11:48:03.841 INFO [main] org.apache.catalina.core.ApplicationContext.log Initializing Spring root WebApplicationContext
26-Sep-2024 11:48:05.096 INFO [main] org.apache.catalina.core.ApplicationContext.log Initializing Spring DispatcherServlet 'dispatcher'
26-Sep-2024 11:48:21.891 INFO [Thread-1] org.apache.catalina.core.ApplicationContext.log Destroying Spring FrameworkServlet 'dispatcher'
26-Sep-2024 11:48:21.891 INFO [Thread-1] org.apache.catalina.core.ApplicationContext.log Closing Spring root WebApplicationContext
26-Sep-2024 12:49:28.687 INFO [main] org.apache.catalina.core.ApplicationContext.log 1 Spring WebApplicationInitializers detected on classpath
26-Sep-2024 12:49:30.531 INFO [main] org.apache.catalina.core.ApplicationContext.log Initializing Spring root WebApplicationContext
26-Sep-2024 12:49:31.670 INFO [main] org.apache.catalina.core.ApplicationContext.log Initializing Spring DispatcherServlet 'dispatcher'
26-Sep-2024 12:50:16.119 INFO [Thread-1] org.apache.catalina.core.ApplicationContext.log Destroying Spring FrameworkServlet 'dispatcher'
26-Sep-2024 12:50:16.119 INFO [Thread-1] org.apache.catalina.core.ApplicationContext.log Closing Spring root WebApplicationContext
26-Sep-2024 17:01:37.167 INFO [main] org.apache.catalina.core.ApplicationContext.log 1 Spring WebApplicationInitializers detected on classpath
26-Sep-2024 17:01:38.947 INFO [main] org.apache.catalina.core.ApplicationContext.log Initializing Spring root WebApplicationContext
26-Sep-2024 17:01:40.082 INFO [main] org.apache.catalina.core.ApplicationContext.log Initializing Spring DispatcherServlet 'dispatcher'
26-Sep-2024 17:01:46.230 SEVERE [http-nio-8080-exec-2] org.apache.catalina.core.StandardWrapperValve.invoke Servlet.service() for servlet [FacesServlet] in context with path [/call-center] threw exception [javax/enterprise/context/spi/Contextual] with root cause
	java.lang.ClassNotFoundException: javax.enterprise.context.spi.Contextual
		at org.apache.catalina.loader.WebappClassLoaderBase.loadClass(WebappClassLoaderBase.java:1308)
		at org.apache.catalina.loader.WebappClassLoaderBase.loadClass(WebappClassLoaderBase.java:1120)
		at java.base/java.lang.Class.forName0(Native Method)
		at java.base/java.lang.Class.forName(Class.java:398)
		at com.sun.faces.util.Util.loadClass(Util.java:333)
		at com.sun.faces.application.ApplicationImpl.newThing(ApplicationImpl.java:1847)
		at com.sun.faces.application.ApplicationImpl.createComponentApplyAnnotations(ApplicationImpl.java:2019)
		at com.sun.faces.application.ApplicationImpl.createComponent(ApplicationImpl.java:1246)
		at com.sun.faces.facelets.tag.jsf.ComponentTagHandlerDelegateImpl.createComponent(ComponentTagHandlerDelegateImpl.java:588)
		at com.sun.faces.facelets.tag.jsf.ComponentTagHandlerDelegateImpl.apply(ComponentTagHandlerDelegateImpl.java:176)
		at javax.faces.view.facelets.DelegatingMetaTagHandler.apply(DelegatingMetaTagHandler.java:135)
		at javax.faces.view.facelets.CompositeFaceletHandler.apply(CompositeFaceletHandler.java:96)
		at javax.faces.view.facelets.DelegatingMetaTagHandler.applyNextHandler(DelegatingMetaTagHandler.java:161)
		at com.sun.faces.facelets.tag.jsf.ComponentTagHandlerDelegateImpl.apply(ComponentTagHandlerDelegateImpl.java:203)
		at javax.faces.view.facelets.DelegatingMetaTagHandler.apply(DelegatingMetaTagHandler.java:135)
		at javax.faces.view.facelets.DelegatingMetaTagHandler.applyNextHandler(DelegatingMetaTagHandler.java:161)
		at com.sun.faces.facelets.tag.jsf.ComponentTagHandlerDelegateImpl.apply(ComponentTagHandlerDelegateImpl.java:203)
		at javax.faces.view.facelets.DelegatingMetaTagHandler.apply(DelegatingMetaTagHandler.java:135)
		at javax.faces.view.facelets.CompositeFaceletHandler.apply(CompositeFaceletHandler.java:96)
		at com.sun.faces.facelets.compiler.NamespaceHandler.apply(NamespaceHandler.java:94)
		at com.sun.faces.facelets.compiler.EncodingHandler.apply(EncodingHandler.java:88)
		at com.sun.faces.facelets.impl.DefaultFacelet.apply(DefaultFacelet.java:162)
		at com.sun.faces.application.view.FaceletViewHandlingStrategy.buildView(FaceletViewHandlingStrategy.java:381)
		at com.sun.faces.lifecycle.RenderResponsePhase.execute(RenderResponsePhase.java:102)
		at com.sun.faces.lifecycle.Phase.doPhase(Phase.java:100)
		at com.sun.faces.lifecycle.LifecycleImpl.render(LifecycleImpl.java:223)
		at javax.faces.webapp.FacesServlet.service(FacesServlet.java:671)
		at org.apache.catalina.core.ApplicationFilterChain.internalDoFilter(ApplicationFilterChain.java:199)
		at org.apache.catalina.core.ApplicationFilterChain.doFilter(ApplicationFilterChain.java:144)
		at org.apache.tomcat.websocket.server.WsFilter.doFilter(WsFilter.java:51)
		at org.apache.catalina.core.ApplicationFilterChain.internalDoFilter(ApplicationFilterChain.java:168)
		at org.apache.catalina.core.ApplicationFilterChain.doFilter(ApplicationFilterChain.java:144)
		at org.apache.catalina.core.StandardWrapperValve.invoke(StandardWrapperValve.java:168)
		at org.apache.catalina.core.StandardContextValve.invoke(StandardContextValve.java:90)
		at org.apache.catalina.authenticator.AuthenticatorBase.invoke(AuthenticatorBase.java:482)
		at org.apache.catalina.core.StandardHostValve.invoke(StandardHostValve.java:130)
		at org.apache.catalina.valves.ErrorReportValve.invoke(ErrorReportValve.java:93)
		at org.apache.catalina.valves.AbstractAccessLogValve.invoke(AbstractAccessLogValve.java:660)
		at org.apache.catalina.core.StandardEngineValve.invoke(StandardEngineValve.java:74)
		at org.apache.catalina.connector.CoyoteAdapter.service(CoyoteAdapter.java:346)
		at org.apache.coyote.http11.Http11Processor.service(Http11Processor.java:383)
		at org.apache.coyote.AbstractProcessorLight.process(AbstractProcessorLight.java:63)
		at org.apache.coyote.AbstractProtocol$ConnectionHandler.process(AbstractProtocol.java:937)
		at org.apache.tomcat.util.net.NioEndpoint$SocketProcessor.doRun(NioEndpoint.java:1791)
		at org.apache.tomcat.util.net.SocketProcessorBase.run(SocketProcessorBase.java:52)
		at org.apache.tomcat.util.threads.ThreadPoolExecutor.runWorker(ThreadPoolExecutor.java:1190)
		at org.apache.tomcat.util.threads.ThreadPoolExecutor$Worker.run(ThreadPoolExecutor.java:659)
		at org.apache.tomcat.util.threads.TaskThread$WrappingRunnable.run(TaskThread.java:63)
		at java.base/java.lang.Thread.run(Thread.java:829)
26-Sep-2024 17:03:13.636 INFO [Thread-1] org.apache.catalina.core.ApplicationContext.log Destroying Spring FrameworkServlet 'dispatcher'
26-Sep-2024 17:03:13.642 INFO [Thread-1] org.apache.catalina.core.ApplicationContext.log Closing Spring root WebApplicationContext
