09-Oct-2024 11:50:38.022 INFO [main] org.apache.catalina.core.ApplicationContext.log 1 Spring WebApplicationInitializers detected on classpath
09-Oct-2024 11:50:40.323 INFO [main] org.apache.catalina.core.ApplicationContext.log Initializing Spring root WebApplicationContext
09-Oct-2024 11:50:42.331 WARNING [main] org.apache.catalina.session.StandardSession.doReadObject Cannot deserialize session attribute [scopedTarget.dashboardController] for session [5500F4B5E8A001FA02A20E6E45468DD8]
09-Oct-2024 11:50:42.344 INFO [main] org.apache.catalina.core.ApplicationContext.log Initializing Spring DispatcherServlet 'dispatcher'
09-Oct-2024 11:58:46.450 INFO [Thread-1] org.apache.catalina.core.ApplicationContext.log Destroying Spring FrameworkServlet 'dispatcher'
09-Oct-2024 11:58:46.450 WARNING [Thread-1] org.apache.catalina.session.StandardSession.doWriteObject Cannot serialize session attribute [scopedTarget.dashboardController] for session [A969C0F7E7B5AA6FA49BF656A15E0514]
	java.io.NotSerializableException: com.eastnets.call_center.service.CallCenterAgentService
		at java.base/java.io.ObjectOutputStream.writeObject0(ObjectOutputStream.java:1175)
		at java.base/java.io.ObjectOutputStream.defaultWriteFields(ObjectOutputStream.java:1543)
		at java.base/java.io.ObjectOutputStream.writeSerialData(ObjectOutputStream.java:1500)
		at java.base/java.io.ObjectOutputStream.writeOrdinaryObject(ObjectOutputStream.java:1423)
		at java.base/java.io.ObjectOutputStream.writeObject0(ObjectOutputStream.java:1169)
		at java.base/java.io.ObjectOutputStream.writeObject(ObjectOutputStream.java:345)
		at org.apache.catalina.session.StandardSession.doWriteObject(StandardSession.java:1385)
		at org.apache.catalina.session.StandardSession.writeObjectData(StandardSession.java:861)
		at org.apache.catalina.session.StandardManager.doUnload(StandardManager.java:306)
		at org.apache.catalina.session.StandardManager.unload(StandardManager.java:258)
		at org.apache.catalina.session.StandardManager.stopInternal(StandardManager.java:373)
		at org.apache.catalina.util.LifecycleBase.stop(LifecycleBase.java:231)
		at org.apache.catalina.core.StandardContext.stopInternal(StandardContext.java:4668)
		at org.apache.catalina.util.LifecycleBase.stop(LifecycleBase.java:231)
		at org.apache.catalina.core.ContainerBase$StopChild.call(ContainerBase.java:1219)
		at org.apache.catalina.core.ContainerBase$StopChild.call(ContainerBase.java:1208)
		at java.base/java.util.concurrent.FutureTask.run(FutureTask.java:264)
		at org.apache.tomcat.util.threads.InlineExecutorService.execute(InlineExecutorService.java:75)
		at java.base/java.util.concurrent.AbstractExecutorService.submit(AbstractExecutorService.java:140)
		at org.apache.catalina.core.ContainerBase.stopInternal(ContainerBase.java:814)
		at org.apache.catalina.util.LifecycleBase.stop(LifecycleBase.java:231)
		at org.apache.catalina.core.ContainerBase$StopChild.call(ContainerBase.java:1219)
		at org.apache.catalina.core.ContainerBase$StopChild.call(ContainerBase.java:1208)
		at java.base/java.util.concurrent.FutureTask.run(FutureTask.java:264)
		at org.apache.tomcat.util.threads.InlineExecutorService.execute(InlineExecutorService.java:75)
		at java.base/java.util.concurrent.AbstractExecutorService.submit(AbstractExecutorService.java:140)
		at org.apache.catalina.core.ContainerBase.stopInternal(ContainerBase.java:814)
		at org.apache.catalina.util.LifecycleBase.stop(LifecycleBase.java:231)
		at org.apache.catalina.core.StandardService.stopInternal(StandardService.java:471)
		at org.apache.catalina.util.LifecycleBase.stop(LifecycleBase.java:231)
		at org.apache.catalina.core.StandardServer.stopInternal(StandardServer.java:919)
		at org.apache.catalina.util.LifecycleBase.stop(LifecycleBase.java:231)
		at org.apache.catalina.startup.Catalina.stop(Catalina.java:810)
		at org.apache.catalina.startup.Catalina$CatalinaShutdownHook.run(Catalina.java:955)
09-Oct-2024 11:58:46.450 WARNING [Thread-1] org.apache.catalina.session.StandardSession.doWriteObject Cannot serialize session attribute [org.springframework.web.context.request.ServletRequestAttributes.DESTRUCTION_CALLBACK.scopedTarget.dashboardController] for session [A969C0F7E7B5AA6FA49BF656A15E0514]
	java.io.NotSerializableException: com.eastnets.call_center.service.CallCenterAgentService
		at java.base/java.io.ObjectOutputStream.writeObject0(ObjectOutputStream.java:1175)
		at java.base/java.io.ObjectOutputStream.defaultWriteFields(ObjectOutputStream.java:1543)
		at java.base/java.io.ObjectOutputStream.writeSerialData(ObjectOutputStream.java:1500)
		at java.base/java.io.ObjectOutputStream.writeOrdinaryObject(ObjectOutputStream.java:1423)
		at java.base/java.io.ObjectOutputStream.writeObject0(ObjectOutputStream.java:1169)
		at java.base/java.io.ObjectOutputStream.defaultWriteFields(ObjectOutputStream.java:1543)
		at java.base/java.io.ObjectOutputStream.writeSerialData(ObjectOutputStream.java:1500)
		at java.base/java.io.ObjectOutputStream.writeOrdinaryObject(ObjectOutputStream.java:1423)
		at java.base/java.io.ObjectOutputStream.writeObject0(ObjectOutputStream.java:1169)
		at java.base/java.io.ObjectOutputStream.defaultWriteFields(ObjectOutputStream.java:1543)
		at java.base/java.io.ObjectOutputStream.writeSerialData(ObjectOutputStream.java:1500)
		at java.base/java.io.ObjectOutputStream.writeOrdinaryObject(ObjectOutputStream.java:1423)
		at java.base/java.io.ObjectOutputStream.writeObject0(ObjectOutputStream.java:1169)
		at java.base/java.io.ObjectOutputStream.writeObject(ObjectOutputStream.java:345)
		at org.apache.catalina.session.StandardSession.doWriteObject(StandardSession.java:1385)
		at org.apache.catalina.session.StandardSession.writeObjectData(StandardSession.java:861)
		at org.apache.catalina.session.StandardManager.doUnload(StandardManager.java:306)
		at org.apache.catalina.session.StandardManager.unload(StandardManager.java:258)
		at org.apache.catalina.session.StandardManager.stopInternal(StandardManager.java:373)
		at org.apache.catalina.util.LifecycleBase.stop(LifecycleBase.java:231)
		at org.apache.catalina.core.StandardContext.stopInternal(StandardContext.java:4668)
		at org.apache.catalina.util.LifecycleBase.stop(LifecycleBase.java:231)
		at org.apache.catalina.core.ContainerBase$StopChild.call(ContainerBase.java:1219)
		at org.apache.catalina.core.ContainerBase$StopChild.call(ContainerBase.java:1208)
		at java.base/java.util.concurrent.FutureTask.run(FutureTask.java:264)
		at org.apache.tomcat.util.threads.InlineExecutorService.execute(InlineExecutorService.java:75)
		at java.base/java.util.concurrent.AbstractExecutorService.submit(AbstractExecutorService.java:140)
		at org.apache.catalina.core.ContainerBase.stopInternal(ContainerBase.java:814)
		at org.apache.catalina.util.LifecycleBase.stop(LifecycleBase.java:231)
		at org.apache.catalina.core.ContainerBase$StopChild.call(ContainerBase.java:1219)
		at org.apache.catalina.core.ContainerBase$StopChild.call(ContainerBase.java:1208)
		at java.base/java.util.concurrent.FutureTask.run(FutureTask.java:264)
		at org.apache.tomcat.util.threads.InlineExecutorService.execute(InlineExecutorService.java:75)
		at java.base/java.util.concurrent.AbstractExecutorService.submit(AbstractExecutorService.java:140)
		at org.apache.catalina.core.ContainerBase.stopInternal(ContainerBase.java:814)
		at org.apache.catalina.util.LifecycleBase.stop(LifecycleBase.java:231)
		at org.apache.catalina.core.StandardService.stopInternal(StandardService.java:471)
		at org.apache.catalina.util.LifecycleBase.stop(LifecycleBase.java:231)
		at org.apache.catalina.core.StandardServer.stopInternal(StandardServer.java:919)
		at org.apache.catalina.util.LifecycleBase.stop(LifecycleBase.java:231)
		at org.apache.catalina.startup.Catalina.stop(Catalina.java:810)
		at org.apache.catalina.startup.Catalina$CatalinaShutdownHook.run(Catalina.java:955)
09-Oct-2024 11:58:46.466 INFO [Thread-1] org.apache.catalina.core.ApplicationContext.log Closing Spring root WebApplicationContext
09-Oct-2024 12:24:52.768 INFO [main] org.apache.catalina.core.ApplicationContext.log 1 Spring WebApplicationInitializers detected on classpath
09-Oct-2024 12:24:54.793 INFO [main] org.apache.catalina.core.ApplicationContext.log Initializing Spring root WebApplicationContext
09-Oct-2024 12:24:56.696 WARNING [main] org.apache.catalina.session.StandardSession.doReadObject Cannot deserialize session attribute [scopedTarget.dashboardController] for session [A969C0F7E7B5AA6FA49BF656A15E0514]
09-Oct-2024 12:24:56.710 INFO [main] org.apache.catalina.core.ApplicationContext.log Initializing Spring DispatcherServlet 'dispatcher'
09-Oct-2024 12:35:13.760 INFO [Thread-1] org.apache.catalina.core.ApplicationContext.log Destroying Spring FrameworkServlet 'dispatcher'
09-Oct-2024 12:35:13.771 WARNING [Thread-1] org.apache.catalina.session.StandardSession.doWriteObject Cannot serialize session attribute [scopedTarget.dashboardController] for session [AFD5246F19A633A586D218DE6D4B3A3B]
	java.io.NotSerializableException: com.eastnets.call_center.service.CallCenterAgentService
		at java.base/java.io.ObjectOutputStream.writeObject0(ObjectOutputStream.java:1175)
		at java.base/java.io.ObjectOutputStream.defaultWriteFields(ObjectOutputStream.java:1543)
		at java.base/java.io.ObjectOutputStream.writeSerialData(ObjectOutputStream.java:1500)
		at java.base/java.io.ObjectOutputStream.writeOrdinaryObject(ObjectOutputStream.java:1423)
		at java.base/java.io.ObjectOutputStream.writeObject0(ObjectOutputStream.java:1169)
		at java.base/java.io.ObjectOutputStream.writeObject(ObjectOutputStream.java:345)
		at org.apache.catalina.session.StandardSession.doWriteObject(StandardSession.java:1385)
		at org.apache.catalina.session.StandardSession.writeObjectData(StandardSession.java:861)
		at org.apache.catalina.session.StandardManager.doUnload(StandardManager.java:306)
		at org.apache.catalina.session.StandardManager.unload(StandardManager.java:258)
		at org.apache.catalina.session.StandardManager.stopInternal(StandardManager.java:373)
		at org.apache.catalina.util.LifecycleBase.stop(LifecycleBase.java:231)
		at org.apache.catalina.core.StandardContext.stopInternal(StandardContext.java:4668)
		at org.apache.catalina.util.LifecycleBase.stop(LifecycleBase.java:231)
		at org.apache.catalina.core.ContainerBase$StopChild.call(ContainerBase.java:1219)
		at org.apache.catalina.core.ContainerBase$StopChild.call(ContainerBase.java:1208)
		at java.base/java.util.concurrent.FutureTask.run(FutureTask.java:264)
		at org.apache.tomcat.util.threads.InlineExecutorService.execute(InlineExecutorService.java:75)
		at java.base/java.util.concurrent.AbstractExecutorService.submit(AbstractExecutorService.java:140)
		at org.apache.catalina.core.ContainerBase.stopInternal(ContainerBase.java:814)
		at org.apache.catalina.util.LifecycleBase.stop(LifecycleBase.java:231)
		at org.apache.catalina.core.ContainerBase$StopChild.call(ContainerBase.java:1219)
		at org.apache.catalina.core.ContainerBase$StopChild.call(ContainerBase.java:1208)
		at java.base/java.util.concurrent.FutureTask.run(FutureTask.java:264)
		at org.apache.tomcat.util.threads.InlineExecutorService.execute(InlineExecutorService.java:75)
		at java.base/java.util.concurrent.AbstractExecutorService.submit(AbstractExecutorService.java:140)
		at org.apache.catalina.core.ContainerBase.stopInternal(ContainerBase.java:814)
		at org.apache.catalina.util.LifecycleBase.stop(LifecycleBase.java:231)
		at org.apache.catalina.core.StandardService.stopInternal(StandardService.java:471)
		at org.apache.catalina.util.LifecycleBase.stop(LifecycleBase.java:231)
		at org.apache.catalina.core.StandardServer.stopInternal(StandardServer.java:919)
		at org.apache.catalina.util.LifecycleBase.stop(LifecycleBase.java:231)
		at org.apache.catalina.startup.Catalina.stop(Catalina.java:810)
		at org.apache.catalina.startup.Catalina$CatalinaShutdownHook.run(Catalina.java:955)
09-Oct-2024 12:35:13.774 WARNING [Thread-1] org.apache.catalina.session.StandardSession.doWriteObject Cannot serialize session attribute [org.springframework.web.context.request.ServletRequestAttributes.DESTRUCTION_CALLBACK.scopedTarget.dashboardController] for session [AFD5246F19A633A586D218DE6D4B3A3B]
	java.io.NotSerializableException: com.eastnets.call_center.service.CallCenterAgentService
		at java.base/java.io.ObjectOutputStream.writeObject0(ObjectOutputStream.java:1175)
		at java.base/java.io.ObjectOutputStream.defaultWriteFields(ObjectOutputStream.java:1543)
		at java.base/java.io.ObjectOutputStream.writeSerialData(ObjectOutputStream.java:1500)
		at java.base/java.io.ObjectOutputStream.writeOrdinaryObject(ObjectOutputStream.java:1423)
		at java.base/java.io.ObjectOutputStream.writeObject0(ObjectOutputStream.java:1169)
		at java.base/java.io.ObjectOutputStream.defaultWriteFields(ObjectOutputStream.java:1543)
		at java.base/java.io.ObjectOutputStream.writeSerialData(ObjectOutputStream.java:1500)
		at java.base/java.io.ObjectOutputStream.writeOrdinaryObject(ObjectOutputStream.java:1423)
		at java.base/java.io.ObjectOutputStream.writeObject0(ObjectOutputStream.java:1169)
		at java.base/java.io.ObjectOutputStream.defaultWriteFields(ObjectOutputStream.java:1543)
		at java.base/java.io.ObjectOutputStream.writeSerialData(ObjectOutputStream.java:1500)
		at java.base/java.io.ObjectOutputStream.writeOrdinaryObject(ObjectOutputStream.java:1423)
		at java.base/java.io.ObjectOutputStream.writeObject0(ObjectOutputStream.java:1169)
		at java.base/java.io.ObjectOutputStream.writeObject(ObjectOutputStream.java:345)
		at org.apache.catalina.session.StandardSession.doWriteObject(StandardSession.java:1385)
		at org.apache.catalina.session.StandardSession.writeObjectData(StandardSession.java:861)
		at org.apache.catalina.session.StandardManager.doUnload(StandardManager.java:306)
		at org.apache.catalina.session.StandardManager.unload(StandardManager.java:258)
		at org.apache.catalina.session.StandardManager.stopInternal(StandardManager.java:373)
		at org.apache.catalina.util.LifecycleBase.stop(LifecycleBase.java:231)
		at org.apache.catalina.core.StandardContext.stopInternal(StandardContext.java:4668)
		at org.apache.catalina.util.LifecycleBase.stop(LifecycleBase.java:231)
		at org.apache.catalina.core.ContainerBase$StopChild.call(ContainerBase.java:1219)
		at org.apache.catalina.core.ContainerBase$StopChild.call(ContainerBase.java:1208)
		at java.base/java.util.concurrent.FutureTask.run(FutureTask.java:264)
		at org.apache.tomcat.util.threads.InlineExecutorService.execute(InlineExecutorService.java:75)
		at java.base/java.util.concurrent.AbstractExecutorService.submit(AbstractExecutorService.java:140)
		at org.apache.catalina.core.ContainerBase.stopInternal(ContainerBase.java:814)
		at org.apache.catalina.util.LifecycleBase.stop(LifecycleBase.java:231)
		at org.apache.catalina.core.ContainerBase$StopChild.call(ContainerBase.java:1219)
		at org.apache.catalina.core.ContainerBase$StopChild.call(ContainerBase.java:1208)
		at java.base/java.util.concurrent.FutureTask.run(FutureTask.java:264)
		at org.apache.tomcat.util.threads.InlineExecutorService.execute(InlineExecutorService.java:75)
		at java.base/java.util.concurrent.AbstractExecutorService.submit(AbstractExecutorService.java:140)
		at org.apache.catalina.core.ContainerBase.stopInternal(ContainerBase.java:814)
		at org.apache.catalina.util.LifecycleBase.stop(LifecycleBase.java:231)
		at org.apache.catalina.core.StandardService.stopInternal(StandardService.java:471)
		at org.apache.catalina.util.LifecycleBase.stop(LifecycleBase.java:231)
		at org.apache.catalina.core.StandardServer.stopInternal(StandardServer.java:919)
		at org.apache.catalina.util.LifecycleBase.stop(LifecycleBase.java:231)
		at org.apache.catalina.startup.Catalina.stop(Catalina.java:810)
		at org.apache.catalina.startup.Catalina$CatalinaShutdownHook.run(Catalina.java:955)
09-Oct-2024 12:35:13.775 INFO [Thread-1] org.apache.catalina.core.ApplicationContext.log Closing Spring root WebApplicationContext
09-Oct-2024 12:36:02.108 INFO [main] org.apache.catalina.core.ApplicationContext.log 1 Spring WebApplicationInitializers detected on classpath
09-Oct-2024 12:36:04.240 INFO [main] org.apache.catalina.core.ApplicationContext.log Initializing Spring root WebApplicationContext
09-Oct-2024 12:36:06.148 WARNING [main] org.apache.catalina.session.StandardSession.doReadObject Cannot deserialize session attribute [scopedTarget.dashboardController] for session [AFD5246F19A633A586D218DE6D4B3A3B]
09-Oct-2024 12:36:06.162 INFO [main] org.apache.catalina.core.ApplicationContext.log Initializing Spring DispatcherServlet 'dispatcher'
09-Oct-2024 12:45:16.475 INFO [Thread-1] org.apache.catalina.core.ApplicationContext.log Destroying Spring FrameworkServlet 'dispatcher'
09-Oct-2024 12:45:16.491 WARNING [Thread-1] org.apache.catalina.session.StandardSession.doWriteObject Cannot serialize session attribute [scopedTarget.dashboardController] for session [6A6D67781F0E5920A95B26F8CC240991]
	java.io.NotSerializableException: com.eastnets.call_center.service.CallCenterAgentService
		at java.base/java.io.ObjectOutputStream.writeObject0(ObjectOutputStream.java:1175)
		at java.base/java.io.ObjectOutputStream.defaultWriteFields(ObjectOutputStream.java:1543)
		at java.base/java.io.ObjectOutputStream.writeSerialData(ObjectOutputStream.java:1500)
		at java.base/java.io.ObjectOutputStream.writeOrdinaryObject(ObjectOutputStream.java:1423)
		at java.base/java.io.ObjectOutputStream.writeObject0(ObjectOutputStream.java:1169)
		at java.base/java.io.ObjectOutputStream.writeObject(ObjectOutputStream.java:345)
		at org.apache.catalina.session.StandardSession.doWriteObject(StandardSession.java:1385)
		at org.apache.catalina.session.StandardSession.writeObjectData(StandardSession.java:861)
		at org.apache.catalina.session.StandardManager.doUnload(StandardManager.java:306)
		at org.apache.catalina.session.StandardManager.unload(StandardManager.java:258)
		at org.apache.catalina.session.StandardManager.stopInternal(StandardManager.java:373)
		at org.apache.catalina.util.LifecycleBase.stop(LifecycleBase.java:231)
		at org.apache.catalina.core.StandardContext.stopInternal(StandardContext.java:4668)
		at org.apache.catalina.util.LifecycleBase.stop(LifecycleBase.java:231)
		at org.apache.catalina.core.ContainerBase$StopChild.call(ContainerBase.java:1219)
		at org.apache.catalina.core.ContainerBase$StopChild.call(ContainerBase.java:1208)
		at java.base/java.util.concurrent.FutureTask.run(FutureTask.java:264)
		at org.apache.tomcat.util.threads.InlineExecutorService.execute(InlineExecutorService.java:75)
		at java.base/java.util.concurrent.AbstractExecutorService.submit(AbstractExecutorService.java:140)
		at org.apache.catalina.core.ContainerBase.stopInternal(ContainerBase.java:814)
		at org.apache.catalina.util.LifecycleBase.stop(LifecycleBase.java:231)
		at org.apache.catalina.core.ContainerBase$StopChild.call(ContainerBase.java:1219)
		at org.apache.catalina.core.ContainerBase$StopChild.call(ContainerBase.java:1208)
		at java.base/java.util.concurrent.FutureTask.run(FutureTask.java:264)
		at org.apache.tomcat.util.threads.InlineExecutorService.execute(InlineExecutorService.java:75)
		at java.base/java.util.concurrent.AbstractExecutorService.submit(AbstractExecutorService.java:140)
		at org.apache.catalina.core.ContainerBase.stopInternal(ContainerBase.java:814)
		at org.apache.catalina.util.LifecycleBase.stop(LifecycleBase.java:231)
		at org.apache.catalina.core.StandardService.stopInternal(StandardService.java:471)
		at org.apache.catalina.util.LifecycleBase.stop(LifecycleBase.java:231)
		at org.apache.catalina.core.StandardServer.stopInternal(StandardServer.java:919)
		at org.apache.catalina.util.LifecycleBase.stop(LifecycleBase.java:231)
		at org.apache.catalina.startup.Catalina.stop(Catalina.java:810)
		at org.apache.catalina.startup.Catalina$CatalinaShutdownHook.run(Catalina.java:955)
09-Oct-2024 12:45:16.491 WARNING [Thread-1] org.apache.catalina.session.StandardSession.doWriteObject Cannot serialize session attribute [org.springframework.web.context.request.ServletRequestAttributes.DESTRUCTION_CALLBACK.scopedTarget.dashboardController] for session [6A6D67781F0E5920A95B26F8CC240991]
	java.io.NotSerializableException: com.eastnets.call_center.service.CallCenterAgentService
		at java.base/java.io.ObjectOutputStream.writeObject0(ObjectOutputStream.java:1175)
		at java.base/java.io.ObjectOutputStream.defaultWriteFields(ObjectOutputStream.java:1543)
		at java.base/java.io.ObjectOutputStream.writeSerialData(ObjectOutputStream.java:1500)
		at java.base/java.io.ObjectOutputStream.writeOrdinaryObject(ObjectOutputStream.java:1423)
		at java.base/java.io.ObjectOutputStream.writeObject0(ObjectOutputStream.java:1169)
		at java.base/java.io.ObjectOutputStream.defaultWriteFields(ObjectOutputStream.java:1543)
		at java.base/java.io.ObjectOutputStream.writeSerialData(ObjectOutputStream.java:1500)
		at java.base/java.io.ObjectOutputStream.writeOrdinaryObject(ObjectOutputStream.java:1423)
		at java.base/java.io.ObjectOutputStream.writeObject0(ObjectOutputStream.java:1169)
		at java.base/java.io.ObjectOutputStream.defaultWriteFields(ObjectOutputStream.java:1543)
		at java.base/java.io.ObjectOutputStream.writeSerialData(ObjectOutputStream.java:1500)
		at java.base/java.io.ObjectOutputStream.writeOrdinaryObject(ObjectOutputStream.java:1423)
		at java.base/java.io.ObjectOutputStream.writeObject0(ObjectOutputStream.java:1169)
		at java.base/java.io.ObjectOutputStream.writeObject(ObjectOutputStream.java:345)
		at org.apache.catalina.session.StandardSession.doWriteObject(StandardSession.java:1385)
		at org.apache.catalina.session.StandardSession.writeObjectData(StandardSession.java:861)
		at org.apache.catalina.session.StandardManager.doUnload(StandardManager.java:306)
		at org.apache.catalina.session.StandardManager.unload(StandardManager.java:258)
		at org.apache.catalina.session.StandardManager.stopInternal(StandardManager.java:373)
		at org.apache.catalina.util.LifecycleBase.stop(LifecycleBase.java:231)
		at org.apache.catalina.core.StandardContext.stopInternal(StandardContext.java:4668)
		at org.apache.catalina.util.LifecycleBase.stop(LifecycleBase.java:231)
		at org.apache.catalina.core.ContainerBase$StopChild.call(ContainerBase.java:1219)
		at org.apache.catalina.core.ContainerBase$StopChild.call(ContainerBase.java:1208)
		at java.base/java.util.concurrent.FutureTask.run(FutureTask.java:264)
		at org.apache.tomcat.util.threads.InlineExecutorService.execute(InlineExecutorService.java:75)
		at java.base/java.util.concurrent.AbstractExecutorService.submit(AbstractExecutorService.java:140)
		at org.apache.catalina.core.ContainerBase.stopInternal(ContainerBase.java:814)
		at org.apache.catalina.util.LifecycleBase.stop(LifecycleBase.java:231)
		at org.apache.catalina.core.ContainerBase$StopChild.call(ContainerBase.java:1219)
		at org.apache.catalina.core.ContainerBase$StopChild.call(ContainerBase.java:1208)
		at java.base/java.util.concurrent.FutureTask.run(FutureTask.java:264)
		at org.apache.tomcat.util.threads.InlineExecutorService.execute(InlineExecutorService.java:75)
		at java.base/java.util.concurrent.AbstractExecutorService.submit(AbstractExecutorService.java:140)
		at org.apache.catalina.core.ContainerBase.stopInternal(ContainerBase.java:814)
		at org.apache.catalina.util.LifecycleBase.stop(LifecycleBase.java:231)
		at org.apache.catalina.core.StandardService.stopInternal(StandardService.java:471)
		at org.apache.catalina.util.LifecycleBase.stop(LifecycleBase.java:231)
		at org.apache.catalina.core.StandardServer.stopInternal(StandardServer.java:919)
		at org.apache.catalina.util.LifecycleBase.stop(LifecycleBase.java:231)
		at org.apache.catalina.startup.Catalina.stop(Catalina.java:810)
		at org.apache.catalina.startup.Catalina$CatalinaShutdownHook.run(Catalina.java:955)
09-Oct-2024 12:45:16.491 INFO [Thread-1] org.apache.catalina.core.ApplicationContext.log Closing Spring root WebApplicationContext
09-Oct-2024 16:25:40.451 INFO [main] org.apache.catalina.core.ApplicationContext.log 1 Spring WebApplicationInitializers detected on classpath
09-Oct-2024 16:25:42.554 INFO [main] org.apache.catalina.core.ApplicationContext.log Initializing Spring root WebApplicationContext
09-Oct-2024 16:25:44.336 WARNING [main] org.apache.catalina.session.StandardSession.doReadObject Cannot deserialize session attribute [scopedTarget.dashboardController] for session [6A6D67781F0E5920A95B26F8CC240991]
09-Oct-2024 16:25:44.349 INFO [main] org.apache.catalina.core.ApplicationContext.log Initializing Spring DispatcherServlet 'dispatcher'
09-Oct-2024 16:27:12.597 INFO [Thread-1] org.apache.catalina.core.ApplicationContext.log Destroying Spring FrameworkServlet 'dispatcher'
09-Oct-2024 16:27:12.606 WARNING [Thread-1] org.apache.catalina.session.StandardSession.doWriteObject Cannot serialize session attribute [scopedTarget.dashboardController] for session [D823D07014E294A6D32D4D7D5DBA552A]
	java.io.NotSerializableException: com.eastnets.call_center.service.CallCenterAgentService
		at java.base/java.io.ObjectOutputStream.writeObject0(ObjectOutputStream.java:1175)
		at java.base/java.io.ObjectOutputStream.defaultWriteFields(ObjectOutputStream.java:1543)
		at java.base/java.io.ObjectOutputStream.writeSerialData(ObjectOutputStream.java:1500)
		at java.base/java.io.ObjectOutputStream.writeOrdinaryObject(ObjectOutputStream.java:1423)
		at java.base/java.io.ObjectOutputStream.writeObject0(ObjectOutputStream.java:1169)
		at java.base/java.io.ObjectOutputStream.writeObject(ObjectOutputStream.java:345)
		at org.apache.catalina.session.StandardSession.doWriteObject(StandardSession.java:1385)
		at org.apache.catalina.session.StandardSession.writeObjectData(StandardSession.java:861)
		at org.apache.catalina.session.StandardManager.doUnload(StandardManager.java:306)
		at org.apache.catalina.session.StandardManager.unload(StandardManager.java:258)
		at org.apache.catalina.session.StandardManager.stopInternal(StandardManager.java:373)
		at org.apache.catalina.util.LifecycleBase.stop(LifecycleBase.java:231)
		at org.apache.catalina.core.StandardContext.stopInternal(StandardContext.java:4668)
		at org.apache.catalina.util.LifecycleBase.stop(LifecycleBase.java:231)
		at org.apache.catalina.core.ContainerBase$StopChild.call(ContainerBase.java:1219)
		at org.apache.catalina.core.ContainerBase$StopChild.call(ContainerBase.java:1208)
		at java.base/java.util.concurrent.FutureTask.run(FutureTask.java:264)
		at org.apache.tomcat.util.threads.InlineExecutorService.execute(InlineExecutorService.java:75)
		at java.base/java.util.concurrent.AbstractExecutorService.submit(AbstractExecutorService.java:140)
		at org.apache.catalina.core.ContainerBase.stopInternal(ContainerBase.java:814)
		at org.apache.catalina.util.LifecycleBase.stop(LifecycleBase.java:231)
		at org.apache.catalina.core.ContainerBase$StopChild.call(ContainerBase.java:1219)
		at org.apache.catalina.core.ContainerBase$StopChild.call(ContainerBase.java:1208)
		at java.base/java.util.concurrent.FutureTask.run(FutureTask.java:264)
		at org.apache.tomcat.util.threads.InlineExecutorService.execute(InlineExecutorService.java:75)
		at java.base/java.util.concurrent.AbstractExecutorService.submit(AbstractExecutorService.java:140)
		at org.apache.catalina.core.ContainerBase.stopInternal(ContainerBase.java:814)
		at org.apache.catalina.util.LifecycleBase.stop(LifecycleBase.java:231)
		at org.apache.catalina.core.StandardService.stopInternal(StandardService.java:471)
		at org.apache.catalina.util.LifecycleBase.stop(LifecycleBase.java:231)
		at org.apache.catalina.core.StandardServer.stopInternal(StandardServer.java:919)
		at org.apache.catalina.util.LifecycleBase.stop(LifecycleBase.java:231)
		at org.apache.catalina.startup.Catalina.stop(Catalina.java:810)
		at org.apache.catalina.startup.Catalina$CatalinaShutdownHook.run(Catalina.java:955)
09-Oct-2024 16:27:12.610 WARNING [Thread-1] org.apache.catalina.session.StandardSession.doWriteObject Cannot serialize session attribute [org.springframework.web.context.request.ServletRequestAttributes.DESTRUCTION_CALLBACK.scopedTarget.dashboardController] for session [D823D07014E294A6D32D4D7D5DBA552A]
	java.io.NotSerializableException: com.eastnets.call_center.service.CallCenterAgentService
		at java.base/java.io.ObjectOutputStream.writeObject0(ObjectOutputStream.java:1175)
		at java.base/java.io.ObjectOutputStream.defaultWriteFields(ObjectOutputStream.java:1543)
		at java.base/java.io.ObjectOutputStream.writeSerialData(ObjectOutputStream.java:1500)
		at java.base/java.io.ObjectOutputStream.writeOrdinaryObject(ObjectOutputStream.java:1423)
		at java.base/java.io.ObjectOutputStream.writeObject0(ObjectOutputStream.java:1169)
		at java.base/java.io.ObjectOutputStream.defaultWriteFields(ObjectOutputStream.java:1543)
		at java.base/java.io.ObjectOutputStream.writeSerialData(ObjectOutputStream.java:1500)
		at java.base/java.io.ObjectOutputStream.writeOrdinaryObject(ObjectOutputStream.java:1423)
		at java.base/java.io.ObjectOutputStream.writeObject0(ObjectOutputStream.java:1169)
		at java.base/java.io.ObjectOutputStream.defaultWriteFields(ObjectOutputStream.java:1543)
		at java.base/java.io.ObjectOutputStream.writeSerialData(ObjectOutputStream.java:1500)
		at java.base/java.io.ObjectOutputStream.writeOrdinaryObject(ObjectOutputStream.java:1423)
		at java.base/java.io.ObjectOutputStream.writeObject0(ObjectOutputStream.java:1169)
		at java.base/java.io.ObjectOutputStream.writeObject(ObjectOutputStream.java:345)
		at org.apache.catalina.session.StandardSession.doWriteObject(StandardSession.java:1385)
		at org.apache.catalina.session.StandardSession.writeObjectData(StandardSession.java:861)
		at org.apache.catalina.session.StandardManager.doUnload(StandardManager.java:306)
		at org.apache.catalina.session.StandardManager.unload(StandardManager.java:258)
		at org.apache.catalina.session.StandardManager.stopInternal(StandardManager.java:373)
		at org.apache.catalina.util.LifecycleBase.stop(LifecycleBase.java:231)
		at org.apache.catalina.core.StandardContext.stopInternal(StandardContext.java:4668)
		at org.apache.catalina.util.LifecycleBase.stop(LifecycleBase.java:231)
		at org.apache.catalina.core.ContainerBase$StopChild.call(ContainerBase.java:1219)
		at org.apache.catalina.core.ContainerBase$StopChild.call(ContainerBase.java:1208)
		at java.base/java.util.concurrent.FutureTask.run(FutureTask.java:264)
		at org.apache.tomcat.util.threads.InlineExecutorService.execute(InlineExecutorService.java:75)
		at java.base/java.util.concurrent.AbstractExecutorService.submit(AbstractExecutorService.java:140)
		at org.apache.catalina.core.ContainerBase.stopInternal(ContainerBase.java:814)
		at org.apache.catalina.util.LifecycleBase.stop(LifecycleBase.java:231)
		at org.apache.catalina.core.ContainerBase$StopChild.call(ContainerBase.java:1219)
		at org.apache.catalina.core.ContainerBase$StopChild.call(ContainerBase.java:1208)
		at java.base/java.util.concurrent.FutureTask.run(FutureTask.java:264)
		at org.apache.tomcat.util.threads.InlineExecutorService.execute(InlineExecutorService.java:75)
		at java.base/java.util.concurrent.AbstractExecutorService.submit(AbstractExecutorService.java:140)
		at org.apache.catalina.core.ContainerBase.stopInternal(ContainerBase.java:814)
		at org.apache.catalina.util.LifecycleBase.stop(LifecycleBase.java:231)
		at org.apache.catalina.core.StandardService.stopInternal(StandardService.java:471)
		at org.apache.catalina.util.LifecycleBase.stop(LifecycleBase.java:231)
		at org.apache.catalina.core.StandardServer.stopInternal(StandardServer.java:919)
		at org.apache.catalina.util.LifecycleBase.stop(LifecycleBase.java:231)
		at org.apache.catalina.startup.Catalina.stop(Catalina.java:810)
		at org.apache.catalina.startup.Catalina$CatalinaShutdownHook.run(Catalina.java:955)
09-Oct-2024 16:27:12.611 INFO [Thread-1] org.apache.catalina.core.ApplicationContext.log Closing Spring root WebApplicationContext
09-Oct-2024 16:31:45.371 INFO [main] org.apache.catalina.core.ApplicationContext.log 1 Spring WebApplicationInitializers detected on classpath
09-Oct-2024 16:31:47.818 INFO [main] org.apache.catalina.core.ApplicationContext.log Initializing Spring root WebApplicationContext
09-Oct-2024 16:31:49.844 WARNING [main] org.apache.catalina.session.StandardSession.doReadObject Cannot deserialize session attribute [scopedTarget.dashboardController] for session [D823D07014E294A6D32D4D7D5DBA552A]
09-Oct-2024 16:31:49.861 INFO [main] org.apache.catalina.core.ApplicationContext.log Initializing Spring DispatcherServlet 'dispatcher'
09-Oct-2024 16:33:22.387 INFO [Thread-1] org.apache.catalina.core.ApplicationContext.log Destroying Spring FrameworkServlet 'dispatcher'
09-Oct-2024 16:33:22.400 WARNING [Thread-1] org.apache.catalina.session.StandardSession.doWriteObject Cannot serialize session attribute [scopedTarget.dashboardController] for session [E4CF315F01E0C766A5F46B285E2F98A5]
	java.io.NotSerializableException: com.eastnets.call_center.service.CallCenterAgentService
		at java.base/java.io.ObjectOutputStream.writeObject0(ObjectOutputStream.java:1175)
		at java.base/java.io.ObjectOutputStream.defaultWriteFields(ObjectOutputStream.java:1543)
		at java.base/java.io.ObjectOutputStream.writeSerialData(ObjectOutputStream.java:1500)
		at java.base/java.io.ObjectOutputStream.writeOrdinaryObject(ObjectOutputStream.java:1423)
		at java.base/java.io.ObjectOutputStream.writeObject0(ObjectOutputStream.java:1169)
		at java.base/java.io.ObjectOutputStream.writeObject(ObjectOutputStream.java:345)
		at org.apache.catalina.session.StandardSession.doWriteObject(StandardSession.java:1385)
		at org.apache.catalina.session.StandardSession.writeObjectData(StandardSession.java:861)
		at org.apache.catalina.session.StandardManager.doUnload(StandardManager.java:306)
		at org.apache.catalina.session.StandardManager.unload(StandardManager.java:258)
		at org.apache.catalina.session.StandardManager.stopInternal(StandardManager.java:373)
		at org.apache.catalina.util.LifecycleBase.stop(LifecycleBase.java:231)
		at org.apache.catalina.core.StandardContext.stopInternal(StandardContext.java:4668)
		at org.apache.catalina.util.LifecycleBase.stop(LifecycleBase.java:231)
		at org.apache.catalina.core.ContainerBase$StopChild.call(ContainerBase.java:1219)
		at org.apache.catalina.core.ContainerBase$StopChild.call(ContainerBase.java:1208)
		at java.base/java.util.concurrent.FutureTask.run(FutureTask.java:264)
		at org.apache.tomcat.util.threads.InlineExecutorService.execute(InlineExecutorService.java:75)
		at java.base/java.util.concurrent.AbstractExecutorService.submit(AbstractExecutorService.java:140)
		at org.apache.catalina.core.ContainerBase.stopInternal(ContainerBase.java:814)
		at org.apache.catalina.util.LifecycleBase.stop(LifecycleBase.java:231)
		at org.apache.catalina.core.ContainerBase$StopChild.call(ContainerBase.java:1219)
		at org.apache.catalina.core.ContainerBase$StopChild.call(ContainerBase.java:1208)
		at java.base/java.util.concurrent.FutureTask.run(FutureTask.java:264)
		at org.apache.tomcat.util.threads.InlineExecutorService.execute(InlineExecutorService.java:75)
		at java.base/java.util.concurrent.AbstractExecutorService.submit(AbstractExecutorService.java:140)
		at org.apache.catalina.core.ContainerBase.stopInternal(ContainerBase.java:814)
		at org.apache.catalina.util.LifecycleBase.stop(LifecycleBase.java:231)
		at org.apache.catalina.core.StandardService.stopInternal(StandardService.java:471)
		at org.apache.catalina.util.LifecycleBase.stop(LifecycleBase.java:231)
		at org.apache.catalina.core.StandardServer.stopInternal(StandardServer.java:919)
		at org.apache.catalina.util.LifecycleBase.stop(LifecycleBase.java:231)
		at org.apache.catalina.startup.Catalina.stop(Catalina.java:810)
		at org.apache.catalina.startup.Catalina$CatalinaShutdownHook.run(Catalina.java:955)
09-Oct-2024 16:33:22.400 WARNING [Thread-1] org.apache.catalina.session.StandardSession.doWriteObject Cannot serialize session attribute [org.springframework.web.context.request.ServletRequestAttributes.DESTRUCTION_CALLBACK.scopedTarget.dashboardController] for session [E4CF315F01E0C766A5F46B285E2F98A5]
	java.io.NotSerializableException: com.eastnets.call_center.service.CallCenterAgentService
		at java.base/java.io.ObjectOutputStream.writeObject0(ObjectOutputStream.java:1175)
		at java.base/java.io.ObjectOutputStream.defaultWriteFields(ObjectOutputStream.java:1543)
		at java.base/java.io.ObjectOutputStream.writeSerialData(ObjectOutputStream.java:1500)
		at java.base/java.io.ObjectOutputStream.writeOrdinaryObject(ObjectOutputStream.java:1423)
		at java.base/java.io.ObjectOutputStream.writeObject0(ObjectOutputStream.java:1169)
		at java.base/java.io.ObjectOutputStream.defaultWriteFields(ObjectOutputStream.java:1543)
		at java.base/java.io.ObjectOutputStream.writeSerialData(ObjectOutputStream.java:1500)
		at java.base/java.io.ObjectOutputStream.writeOrdinaryObject(ObjectOutputStream.java:1423)
		at java.base/java.io.ObjectOutputStream.writeObject0(ObjectOutputStream.java:1169)
		at java.base/java.io.ObjectOutputStream.defaultWriteFields(ObjectOutputStream.java:1543)
		at java.base/java.io.ObjectOutputStream.writeSerialData(ObjectOutputStream.java:1500)
		at java.base/java.io.ObjectOutputStream.writeOrdinaryObject(ObjectOutputStream.java:1423)
		at java.base/java.io.ObjectOutputStream.writeObject0(ObjectOutputStream.java:1169)
		at java.base/java.io.ObjectOutputStream.writeObject(ObjectOutputStream.java:345)
		at org.apache.catalina.session.StandardSession.doWriteObject(StandardSession.java:1385)
		at org.apache.catalina.session.StandardSession.writeObjectData(StandardSession.java:861)
		at org.apache.catalina.session.StandardManager.doUnload(StandardManager.java:306)
		at org.apache.catalina.session.StandardManager.unload(StandardManager.java:258)
		at org.apache.catalina.session.StandardManager.stopInternal(StandardManager.java:373)
		at org.apache.catalina.util.LifecycleBase.stop(LifecycleBase.java:231)
		at org.apache.catalina.core.StandardContext.stopInternal(StandardContext.java:4668)
		at org.apache.catalina.util.LifecycleBase.stop(LifecycleBase.java:231)
		at org.apache.catalina.core.ContainerBase$StopChild.call(ContainerBase.java:1219)
		at org.apache.catalina.core.ContainerBase$StopChild.call(ContainerBase.java:1208)
		at java.base/java.util.concurrent.FutureTask.run(FutureTask.java:264)
		at org.apache.tomcat.util.threads.InlineExecutorService.execute(InlineExecutorService.java:75)
		at java.base/java.util.concurrent.AbstractExecutorService.submit(AbstractExecutorService.java:140)
		at org.apache.catalina.core.ContainerBase.stopInternal(ContainerBase.java:814)
		at org.apache.catalina.util.LifecycleBase.stop(LifecycleBase.java:231)
		at org.apache.catalina.core.ContainerBase$StopChild.call(ContainerBase.java:1219)
		at org.apache.catalina.core.ContainerBase$StopChild.call(ContainerBase.java:1208)
		at java.base/java.util.concurrent.FutureTask.run(FutureTask.java:264)
		at org.apache.tomcat.util.threads.InlineExecutorService.execute(InlineExecutorService.java:75)
		at java.base/java.util.concurrent.AbstractExecutorService.submit(AbstractExecutorService.java:140)
		at org.apache.catalina.core.ContainerBase.stopInternal(ContainerBase.java:814)
		at org.apache.catalina.util.LifecycleBase.stop(LifecycleBase.java:231)
		at org.apache.catalina.core.StandardService.stopInternal(StandardService.java:471)
		at org.apache.catalina.util.LifecycleBase.stop(LifecycleBase.java:231)
		at org.apache.catalina.core.StandardServer.stopInternal(StandardServer.java:919)
		at org.apache.catalina.util.LifecycleBase.stop(LifecycleBase.java:231)
		at org.apache.catalina.startup.Catalina.stop(Catalina.java:810)
		at org.apache.catalina.startup.Catalina$CatalinaShutdownHook.run(Catalina.java:955)
09-Oct-2024 16:33:22.400 INFO [Thread-1] org.apache.catalina.core.ApplicationContext.log Closing Spring root WebApplicationContext
09-Oct-2024 16:35:25.419 INFO [main] org.apache.catalina.core.ApplicationContext.log 1 Spring WebApplicationInitializers detected on classpath
09-Oct-2024 16:35:27.527 INFO [main] org.apache.catalina.core.ApplicationContext.log Initializing Spring root WebApplicationContext
09-Oct-2024 16:35:29.587 WARNING [main] org.apache.catalina.session.StandardSession.doReadObject Cannot deserialize session attribute [scopedTarget.dashboardController] for session [E4CF315F01E0C766A5F46B285E2F98A5]
09-Oct-2024 16:35:29.601 INFO [main] org.apache.catalina.core.ApplicationContext.log Initializing Spring DispatcherServlet 'dispatcher'
09-Oct-2024 16:38:02.664 INFO [Thread-1] org.apache.catalina.core.ApplicationContext.log Destroying Spring FrameworkServlet 'dispatcher'
09-Oct-2024 16:38:02.664 WARNING [Thread-1] org.apache.catalina.session.StandardSession.doWriteObject Cannot serialize session attribute [scopedTarget.dashboardController] for session [B22341D3A50A9D731ECCAEC62154F0BC]
	java.io.NotSerializableException: com.eastnets.call_center.service.CallCenterAgentService
		at java.base/java.io.ObjectOutputStream.writeObject0(ObjectOutputStream.java:1175)
		at java.base/java.io.ObjectOutputStream.defaultWriteFields(ObjectOutputStream.java:1543)
		at java.base/java.io.ObjectOutputStream.writeSerialData(ObjectOutputStream.java:1500)
		at java.base/java.io.ObjectOutputStream.writeOrdinaryObject(ObjectOutputStream.java:1423)
		at java.base/java.io.ObjectOutputStream.writeObject0(ObjectOutputStream.java:1169)
		at java.base/java.io.ObjectOutputStream.writeObject(ObjectOutputStream.java:345)
		at org.apache.catalina.session.StandardSession.doWriteObject(StandardSession.java:1385)
		at org.apache.catalina.session.StandardSession.writeObjectData(StandardSession.java:861)
		at org.apache.catalina.session.StandardManager.doUnload(StandardManager.java:306)
		at org.apache.catalina.session.StandardManager.unload(StandardManager.java:258)
		at org.apache.catalina.session.StandardManager.stopInternal(StandardManager.java:373)
		at org.apache.catalina.util.LifecycleBase.stop(LifecycleBase.java:231)
		at org.apache.catalina.core.StandardContext.stopInternal(StandardContext.java:4668)
		at org.apache.catalina.util.LifecycleBase.stop(LifecycleBase.java:231)
		at org.apache.catalina.core.ContainerBase$StopChild.call(ContainerBase.java:1219)
		at org.apache.catalina.core.ContainerBase$StopChild.call(ContainerBase.java:1208)
		at java.base/java.util.concurrent.FutureTask.run(FutureTask.java:264)
		at org.apache.tomcat.util.threads.InlineExecutorService.execute(InlineExecutorService.java:75)
		at java.base/java.util.concurrent.AbstractExecutorService.submit(AbstractExecutorService.java:140)
		at org.apache.catalina.core.ContainerBase.stopInternal(ContainerBase.java:814)
		at org.apache.catalina.util.LifecycleBase.stop(LifecycleBase.java:231)
		at org.apache.catalina.core.ContainerBase$StopChild.call(ContainerBase.java:1219)
		at org.apache.catalina.core.ContainerBase$StopChild.call(ContainerBase.java:1208)
		at java.base/java.util.concurrent.FutureTask.run(FutureTask.java:264)
		at org.apache.tomcat.util.threads.InlineExecutorService.execute(InlineExecutorService.java:75)
		at java.base/java.util.concurrent.AbstractExecutorService.submit(AbstractExecutorService.java:140)
		at org.apache.catalina.core.ContainerBase.stopInternal(ContainerBase.java:814)
		at org.apache.catalina.util.LifecycleBase.stop(LifecycleBase.java:231)
		at org.apache.catalina.core.StandardService.stopInternal(StandardService.java:471)
		at org.apache.catalina.util.LifecycleBase.stop(LifecycleBase.java:231)
		at org.apache.catalina.core.StandardServer.stopInternal(StandardServer.java:919)
		at org.apache.catalina.util.LifecycleBase.stop(LifecycleBase.java:231)
		at org.apache.catalina.startup.Catalina.stop(Catalina.java:810)
		at org.apache.catalina.startup.Catalina$CatalinaShutdownHook.run(Catalina.java:955)
09-Oct-2024 16:38:02.680 WARNING [Thread-1] org.apache.catalina.session.StandardSession.doWriteObject Cannot serialize session attribute [org.springframework.web.context.request.ServletRequestAttributes.DESTRUCTION_CALLBACK.scopedTarget.dashboardController] for session [B22341D3A50A9D731ECCAEC62154F0BC]
	java.io.NotSerializableException: com.eastnets.call_center.service.CallCenterAgentService
		at java.base/java.io.ObjectOutputStream.writeObject0(ObjectOutputStream.java:1175)
		at java.base/java.io.ObjectOutputStream.defaultWriteFields(ObjectOutputStream.java:1543)
		at java.base/java.io.ObjectOutputStream.writeSerialData(ObjectOutputStream.java:1500)
		at java.base/java.io.ObjectOutputStream.writeOrdinaryObject(ObjectOutputStream.java:1423)
		at java.base/java.io.ObjectOutputStream.writeObject0(ObjectOutputStream.java:1169)
		at java.base/java.io.ObjectOutputStream.defaultWriteFields(ObjectOutputStream.java:1543)
		at java.base/java.io.ObjectOutputStream.writeSerialData(ObjectOutputStream.java:1500)
		at java.base/java.io.ObjectOutputStream.writeOrdinaryObject(ObjectOutputStream.java:1423)
		at java.base/java.io.ObjectOutputStream.writeObject0(ObjectOutputStream.java:1169)
		at java.base/java.io.ObjectOutputStream.defaultWriteFields(ObjectOutputStream.java:1543)
		at java.base/java.io.ObjectOutputStream.writeSerialData(ObjectOutputStream.java:1500)
		at java.base/java.io.ObjectOutputStream.writeOrdinaryObject(ObjectOutputStream.java:1423)
		at java.base/java.io.ObjectOutputStream.writeObject0(ObjectOutputStream.java:1169)
		at java.base/java.io.ObjectOutputStream.writeObject(ObjectOutputStream.java:345)
		at org.apache.catalina.session.StandardSession.doWriteObject(StandardSession.java:1385)
		at org.apache.catalina.session.StandardSession.writeObjectData(StandardSession.java:861)
		at org.apache.catalina.session.StandardManager.doUnload(StandardManager.java:306)
		at org.apache.catalina.session.StandardManager.unload(StandardManager.java:258)
		at org.apache.catalina.session.StandardManager.stopInternal(StandardManager.java:373)
		at org.apache.catalina.util.LifecycleBase.stop(LifecycleBase.java:231)
		at org.apache.catalina.core.StandardContext.stopInternal(StandardContext.java:4668)
		at org.apache.catalina.util.LifecycleBase.stop(LifecycleBase.java:231)
		at org.apache.catalina.core.ContainerBase$StopChild.call(ContainerBase.java:1219)
		at org.apache.catalina.core.ContainerBase$StopChild.call(ContainerBase.java:1208)
		at java.base/java.util.concurrent.FutureTask.run(FutureTask.java:264)
		at org.apache.tomcat.util.threads.InlineExecutorService.execute(InlineExecutorService.java:75)
		at java.base/java.util.concurrent.AbstractExecutorService.submit(AbstractExecutorService.java:140)
		at org.apache.catalina.core.ContainerBase.stopInternal(ContainerBase.java:814)
		at org.apache.catalina.util.LifecycleBase.stop(LifecycleBase.java:231)
		at org.apache.catalina.core.ContainerBase$StopChild.call(ContainerBase.java:1219)
		at org.apache.catalina.core.ContainerBase$StopChild.call(ContainerBase.java:1208)
		at java.base/java.util.concurrent.FutureTask.run(FutureTask.java:264)
		at org.apache.tomcat.util.threads.InlineExecutorService.execute(InlineExecutorService.java:75)
		at java.base/java.util.concurrent.AbstractExecutorService.submit(AbstractExecutorService.java:140)
		at org.apache.catalina.core.ContainerBase.stopInternal(ContainerBase.java:814)
		at org.apache.catalina.util.LifecycleBase.stop(LifecycleBase.java:231)
		at org.apache.catalina.core.StandardService.stopInternal(StandardService.java:471)
		at org.apache.catalina.util.LifecycleBase.stop(LifecycleBase.java:231)
		at org.apache.catalina.core.StandardServer.stopInternal(StandardServer.java:919)
		at org.apache.catalina.util.LifecycleBase.stop(LifecycleBase.java:231)
		at org.apache.catalina.startup.Catalina.stop(Catalina.java:810)
		at org.apache.catalina.startup.Catalina$CatalinaShutdownHook.run(Catalina.java:955)
09-Oct-2024 16:38:02.680 INFO [Thread-1] org.apache.catalina.core.ApplicationContext.log Closing Spring root WebApplicationContext
