23-Sep-2024 12:19:04.921 INFO [main] org.apache.catalina.core.ApplicationContext.log 1 Spring WebApplicationInitializers detected on classpath
23-Sep-2024 12:19:06.526 INFO [main] org.apache.catalina.core.ApplicationContext.log Initializing Spring root WebApplicationContext
23-Sep-2024 12:19:07.457 INFO [main] org.apache.catalina.core.ApplicationContext.log Initializing Spring DispatcherServlet 'dispatcher'
23-Sep-2024 12:19:10.980 SEVERE [http-nio-8080-exec-2] org.apache.catalina.core.StandardWrapperValve.invoke Servlet.service() for servlet [FacesServlet] in context with path [/call-center] threw exception [/index.xhtml: Property [username] not found on type [com.eastnets.call_center.controller.SupervisorController]] with root cause
	javax.el.ELException: /index.xhtml: Property [username] not found on type [com.eastnets.call_center.controller.SupervisorController]
		at com.sun.faces.facelets.compiler.AttributeInstruction.write(AttributeInstruction.java:95)
		at com.sun.faces.facelets.compiler.UIInstructions.encodeBegin(UIInstructions.java:83)
		at com.sun.faces.renderkit.html_basic.HtmlBasicRenderer.encodeRecursive(HtmlBasicRenderer.java:307)
		at com.sun.faces.renderkit.html_basic.GridRenderer.renderRow(GridRenderer.java:186)
		at com.sun.faces.renderkit.html_basic.GridRenderer.encodeChildren(GridRenderer.java:129)
		at javax.faces.component.UIComponentBase.encodeChildren(UIComponentBase.java:918)
		at javax.faces.component.UIComponent.encodeAll(UIComponent.java:1905)
		at javax.faces.render.Renderer.encodeChildren(Renderer.java:176)
		at javax.faces.component.UIComponentBase.encodeChildren(UIComponentBase.java:918)
		at javax.faces.component.UIComponent.encodeAll(UIComponent.java:1905)
		at javax.faces.component.UIComponent.encodeAll(UIComponent.java:1908)
		at javax.faces.component.UIComponent.encodeAll(UIComponent.java:1908)
		at com.sun.faces.application.view.FaceletViewHandlingStrategy.renderView(FaceletViewHandlingStrategy.java:491)
		at com.sun.faces.application.view.MultiViewHandler.renderView(MultiViewHandler.java:194)
		at com.sun.faces.lifecycle.RenderResponsePhase.execute(RenderResponsePhase.java:126)
		at com.sun.faces.lifecycle.Phase.doPhase(Phase.java:100)
		at com.sun.faces.lifecycle.LifecycleImpl.render(LifecycleImpl.java:223)
		at javax.faces.webapp.FacesServlet.service(FacesServlet.java:671)
		at org.apache.catalina.core.ApplicationFilterChain.internalDoFilter(ApplicationFilterChain.java:199)
		at org.apache.catalina.core.ApplicationFilterChain.doFilter(ApplicationFilterChain.java:144)
		at org.apache.tomcat.websocket.server.WsFilter.doFilter(WsFilter.java:51)
		at org.apache.catalina.core.ApplicationFilterChain.internalDoFilter(ApplicationFilterChain.java:168)
		at org.apache.catalina.core.ApplicationFilterChain.doFilter(ApplicationFilterChain.java:144)
		at org.apache.catalina.core.StandardWrapperValve.invoke(StandardWrapperValve.java:168)
		at org.apache.catalina.core.StandardContextValve.invoke(StandardContextValve.java:90)
		at org.apache.catalina.authenticator.AuthenticatorBase.invoke(AuthenticatorBase.java:482)
		at org.apache.catalina.core.StandardHostValve.invoke(StandardHostValve.java:130)
		at org.apache.catalina.valves.ErrorReportValve.invoke(ErrorReportValve.java:93)
		at org.apache.catalina.valves.AbstractAccessLogValve.invoke(AbstractAccessLogValve.java:660)
		at org.apache.catalina.core.StandardEngineValve.invoke(StandardEngineValve.java:74)
		at org.apache.catalina.connector.CoyoteAdapter.service(CoyoteAdapter.java:346)
		at org.apache.coyote.http11.Http11Processor.service(Http11Processor.java:383)
		at org.apache.coyote.AbstractProcessorLight.process(AbstractProcessorLight.java:63)
		at org.apache.coyote.AbstractProtocol$ConnectionHandler.process(AbstractProtocol.java:937)
		at org.apache.tomcat.util.net.NioEndpoint$SocketProcessor.doRun(NioEndpoint.java:1791)
		at org.apache.tomcat.util.net.SocketProcessorBase.run(SocketProcessorBase.java:52)
		at org.apache.tomcat.util.threads.ThreadPoolExecutor.runWorker(ThreadPoolExecutor.java:1190)
		at org.apache.tomcat.util.threads.ThreadPoolExecutor$Worker.run(ThreadPoolExecutor.java:659)
		at org.apache.tomcat.util.threads.TaskThread$WrappingRunnable.run(TaskThread.java:63)
		at java.base/java.lang.Thread.run(Thread.java:829)
23-Sep-2024 12:20:07.647 SEVERE [http-nio-8080-exec-6] org.apache.catalina.core.StandardWrapperValve.invoke Servlet.service() for servlet [FacesServlet] in context with path [/call-center] threw exception [/index.xhtml: Property [username] not found on type [com.eastnets.call_center.controller.SupervisorController]] with root cause
	javax.el.ELException: /index.xhtml: Property [username] not found on type [com.eastnets.call_center.controller.SupervisorController]
		at com.sun.faces.facelets.compiler.AttributeInstruction.write(AttributeInstruction.java:95)
		at com.sun.faces.facelets.compiler.UIInstructions.encodeBegin(UIInstructions.java:83)
		at com.sun.faces.renderkit.html_basic.HtmlBasicRenderer.encodeRecursive(HtmlBasicRenderer.java:307)
		at com.sun.faces.renderkit.html_basic.GridRenderer.renderRow(GridRenderer.java:186)
		at com.sun.faces.renderkit.html_basic.GridRenderer.encodeChildren(GridRenderer.java:129)
		at javax.faces.component.UIComponentBase.encodeChildren(UIComponentBase.java:918)
		at javax.faces.component.UIComponent.encodeAll(UIComponent.java:1905)
		at javax.faces.render.Renderer.encodeChildren(Renderer.java:176)
		at javax.faces.component.UIComponentBase.encodeChildren(UIComponentBase.java:918)
		at javax.faces.component.UIComponent.encodeAll(UIComponent.java:1905)
		at javax.faces.component.UIComponent.encodeAll(UIComponent.java:1908)
		at javax.faces.component.UIComponent.encodeAll(UIComponent.java:1908)
		at com.sun.faces.application.view.FaceletViewHandlingStrategy.renderView(FaceletViewHandlingStrategy.java:491)
		at com.sun.faces.application.view.MultiViewHandler.renderView(MultiViewHandler.java:194)
		at com.sun.faces.lifecycle.RenderResponsePhase.execute(RenderResponsePhase.java:126)
		at com.sun.faces.lifecycle.Phase.doPhase(Phase.java:100)
		at com.sun.faces.lifecycle.LifecycleImpl.render(LifecycleImpl.java:223)
		at javax.faces.webapp.FacesServlet.service(FacesServlet.java:671)
		at org.apache.catalina.core.ApplicationFilterChain.internalDoFilter(ApplicationFilterChain.java:199)
		at org.apache.catalina.core.ApplicationFilterChain.doFilter(ApplicationFilterChain.java:144)
		at org.apache.tomcat.websocket.server.WsFilter.doFilter(WsFilter.java:51)
		at org.apache.catalina.core.ApplicationFilterChain.internalDoFilter(ApplicationFilterChain.java:168)
		at org.apache.catalina.core.ApplicationFilterChain.doFilter(ApplicationFilterChain.java:144)
		at org.apache.catalina.core.StandardWrapperValve.invoke(StandardWrapperValve.java:168)
		at org.apache.catalina.core.StandardContextValve.invoke(StandardContextValve.java:90)
		at org.apache.catalina.authenticator.AuthenticatorBase.invoke(AuthenticatorBase.java:482)
		at org.apache.catalina.core.StandardHostValve.invoke(StandardHostValve.java:130)
		at org.apache.catalina.valves.ErrorReportValve.invoke(ErrorReportValve.java:93)
		at org.apache.catalina.valves.AbstractAccessLogValve.invoke(AbstractAccessLogValve.java:660)
		at org.apache.catalina.core.StandardEngineValve.invoke(StandardEngineValve.java:74)
		at org.apache.catalina.connector.CoyoteAdapter.service(CoyoteAdapter.java:346)
		at org.apache.coyote.http11.Http11Processor.service(Http11Processor.java:383)
		at org.apache.coyote.AbstractProcessorLight.process(AbstractProcessorLight.java:63)
		at org.apache.coyote.AbstractProtocol$ConnectionHandler.process(AbstractProtocol.java:937)
		at org.apache.tomcat.util.net.NioEndpoint$SocketProcessor.doRun(NioEndpoint.java:1791)
		at org.apache.tomcat.util.net.SocketProcessorBase.run(SocketProcessorBase.java:52)
		at org.apache.tomcat.util.threads.ThreadPoolExecutor.runWorker(ThreadPoolExecutor.java:1190)
		at org.apache.tomcat.util.threads.ThreadPoolExecutor$Worker.run(ThreadPoolExecutor.java:659)
		at org.apache.tomcat.util.threads.TaskThread$WrappingRunnable.run(TaskThread.java:63)
		at java.base/java.lang.Thread.run(Thread.java:829)
23-Sep-2024 12:20:17.696 INFO [Thread-1] org.apache.catalina.core.ApplicationContext.log Destroying Spring FrameworkServlet 'dispatcher'
23-Sep-2024 12:20:17.706 INFO [Thread-1] org.apache.catalina.core.ApplicationContext.log Closing Spring root WebApplicationContext
23-Sep-2024 12:22:56.053 INFO [main] org.apache.catalina.core.ApplicationContext.log 1 Spring WebApplicationInitializers detected on classpath
23-Sep-2024 12:22:57.715 INFO [main] org.apache.catalina.core.ApplicationContext.log Initializing Spring root WebApplicationContext
23-Sep-2024 12:22:58.735 INFO [main] org.apache.catalina.core.ApplicationContext.log Initializing Spring DispatcherServlet 'dispatcher'
23-Sep-2024 12:23:04.764 SEVERE [http-nio-8080-exec-2] org.apache.catalina.core.StandardWrapperValve.invoke Servlet.service() for servlet [FacesServlet] in context with path [/call-center] threw exception [/index.xhtml: Property [username] not found on type [com.eastnets.call_center.controller.SupervisorController]] with root cause
	javax.el.ELException: /index.xhtml: Property [username] not found on type [com.eastnets.call_center.controller.SupervisorController]
		at com.sun.faces.facelets.compiler.AttributeInstruction.write(AttributeInstruction.java:95)
		at com.sun.faces.facelets.compiler.UIInstructions.encodeBegin(UIInstructions.java:83)
		at com.sun.faces.renderkit.html_basic.HtmlBasicRenderer.encodeRecursive(HtmlBasicRenderer.java:307)
		at com.sun.faces.renderkit.html_basic.GridRenderer.renderRow(GridRenderer.java:186)
		at com.sun.faces.renderkit.html_basic.GridRenderer.encodeChildren(GridRenderer.java:129)
		at javax.faces.component.UIComponentBase.encodeChildren(UIComponentBase.java:918)
		at javax.faces.component.UIComponent.encodeAll(UIComponent.java:1905)
		at javax.faces.render.Renderer.encodeChildren(Renderer.java:176)
		at javax.faces.component.UIComponentBase.encodeChildren(UIComponentBase.java:918)
		at javax.faces.component.UIComponent.encodeAll(UIComponent.java:1905)
		at javax.faces.component.UIComponent.encodeAll(UIComponent.java:1908)
		at javax.faces.component.UIComponent.encodeAll(UIComponent.java:1908)
		at com.sun.faces.application.view.FaceletViewHandlingStrategy.renderView(FaceletViewHandlingStrategy.java:491)
		at com.sun.faces.application.view.MultiViewHandler.renderView(MultiViewHandler.java:194)
		at com.sun.faces.lifecycle.RenderResponsePhase.execute(RenderResponsePhase.java:126)
		at com.sun.faces.lifecycle.Phase.doPhase(Phase.java:100)
		at com.sun.faces.lifecycle.LifecycleImpl.render(LifecycleImpl.java:223)
		at javax.faces.webapp.FacesServlet.service(FacesServlet.java:671)
		at org.apache.catalina.core.ApplicationFilterChain.internalDoFilter(ApplicationFilterChain.java:199)
		at org.apache.catalina.core.ApplicationFilterChain.doFilter(ApplicationFilterChain.java:144)
		at org.apache.tomcat.websocket.server.WsFilter.doFilter(WsFilter.java:51)
		at org.apache.catalina.core.ApplicationFilterChain.internalDoFilter(ApplicationFilterChain.java:168)
		at org.apache.catalina.core.ApplicationFilterChain.doFilter(ApplicationFilterChain.java:144)
		at org.apache.catalina.core.StandardWrapperValve.invoke(StandardWrapperValve.java:168)
		at org.apache.catalina.core.StandardContextValve.invoke(StandardContextValve.java:90)
		at org.apache.catalina.authenticator.AuthenticatorBase.invoke(AuthenticatorBase.java:482)
		at org.apache.catalina.core.StandardHostValve.invoke(StandardHostValve.java:130)
		at org.apache.catalina.valves.ErrorReportValve.invoke(ErrorReportValve.java:93)
		at org.apache.catalina.valves.AbstractAccessLogValve.invoke(AbstractAccessLogValve.java:660)
		at org.apache.catalina.core.StandardEngineValve.invoke(StandardEngineValve.java:74)
		at org.apache.catalina.connector.CoyoteAdapter.service(CoyoteAdapter.java:346)
		at org.apache.coyote.http11.Http11Processor.service(Http11Processor.java:383)
		at org.apache.coyote.AbstractProcessorLight.process(AbstractProcessorLight.java:63)
		at org.apache.coyote.AbstractProtocol$ConnectionHandler.process(AbstractProtocol.java:937)
		at org.apache.tomcat.util.net.NioEndpoint$SocketProcessor.doRun(NioEndpoint.java:1791)
		at org.apache.tomcat.util.net.SocketProcessorBase.run(SocketProcessorBase.java:52)
		at org.apache.tomcat.util.threads.ThreadPoolExecutor.runWorker(ThreadPoolExecutor.java:1190)
		at org.apache.tomcat.util.threads.ThreadPoolExecutor$Worker.run(ThreadPoolExecutor.java:659)
		at org.apache.tomcat.util.threads.TaskThread$WrappingRunnable.run(TaskThread.java:63)
		at java.base/java.lang.Thread.run(Thread.java:829)
23-Sep-2024 12:23:47.939 INFO [Thread-1] org.apache.catalina.core.ApplicationContext.log Destroying Spring FrameworkServlet 'dispatcher'
23-Sep-2024 12:23:47.945 INFO [Thread-1] org.apache.catalina.core.ApplicationContext.log Closing Spring root WebApplicationContext
23-Sep-2024 12:24:52.339 INFO [main] org.apache.catalina.core.ApplicationContext.log 1 Spring WebApplicationInitializers detected on classpath
23-Sep-2024 12:24:53.917 INFO [main] org.apache.catalina.core.ApplicationContext.log Initializing Spring root WebApplicationContext
23-Sep-2024 12:24:54.986 INFO [main] org.apache.catalina.core.ApplicationContext.log Initializing Spring DispatcherServlet 'dispatcher'
23-Sep-2024 12:24:57.312 SEVERE [http-nio-8080-exec-2] org.apache.catalina.core.StandardWrapperValve.invoke Servlet.service() for servlet [FacesServlet] in context with path [/call-center] threw exception [/index.xhtml: Property [username] not found on type [com.eastnets.call_center.controller.SupervisorController$$EnhancerBySpringCGLIB$$43515a40]] with root cause
	javax.el.ELException: /index.xhtml: Property [username] not found on type [com.eastnets.call_center.controller.SupervisorController$$EnhancerBySpringCGLIB$$43515a40]
		at com.sun.faces.facelets.compiler.AttributeInstruction.write(AttributeInstruction.java:95)
		at com.sun.faces.facelets.compiler.UIInstructions.encodeBegin(UIInstructions.java:83)
		at com.sun.faces.renderkit.html_basic.HtmlBasicRenderer.encodeRecursive(HtmlBasicRenderer.java:307)
		at com.sun.faces.renderkit.html_basic.GridRenderer.renderRow(GridRenderer.java:186)
		at com.sun.faces.renderkit.html_basic.GridRenderer.encodeChildren(GridRenderer.java:129)
		at javax.faces.component.UIComponentBase.encodeChildren(UIComponentBase.java:918)
		at javax.faces.component.UIComponent.encodeAll(UIComponent.java:1905)
		at javax.faces.render.Renderer.encodeChildren(Renderer.java:176)
		at javax.faces.component.UIComponentBase.encodeChildren(UIComponentBase.java:918)
		at javax.faces.component.UIComponent.encodeAll(UIComponent.java:1905)
		at javax.faces.component.UIComponent.encodeAll(UIComponent.java:1908)
		at javax.faces.component.UIComponent.encodeAll(UIComponent.java:1908)
		at com.sun.faces.application.view.FaceletViewHandlingStrategy.renderView(FaceletViewHandlingStrategy.java:491)
		at com.sun.faces.application.view.MultiViewHandler.renderView(MultiViewHandler.java:194)
		at com.sun.faces.lifecycle.RenderResponsePhase.execute(RenderResponsePhase.java:126)
		at com.sun.faces.lifecycle.Phase.doPhase(Phase.java:100)
		at com.sun.faces.lifecycle.LifecycleImpl.render(LifecycleImpl.java:223)
		at javax.faces.webapp.FacesServlet.service(FacesServlet.java:671)
		at org.apache.catalina.core.ApplicationFilterChain.internalDoFilter(ApplicationFilterChain.java:199)
		at org.apache.catalina.core.ApplicationFilterChain.doFilter(ApplicationFilterChain.java:144)
		at org.apache.tomcat.websocket.server.WsFilter.doFilter(WsFilter.java:51)
		at org.apache.catalina.core.ApplicationFilterChain.internalDoFilter(ApplicationFilterChain.java:168)
		at org.apache.catalina.core.ApplicationFilterChain.doFilter(ApplicationFilterChain.java:144)
		at org.apache.catalina.core.StandardWrapperValve.invoke(StandardWrapperValve.java:168)
		at org.apache.catalina.core.StandardContextValve.invoke(StandardContextValve.java:90)
		at org.apache.catalina.authenticator.AuthenticatorBase.invoke(AuthenticatorBase.java:482)
		at org.apache.catalina.core.StandardHostValve.invoke(StandardHostValve.java:130)
		at org.apache.catalina.valves.ErrorReportValve.invoke(ErrorReportValve.java:93)
		at org.apache.catalina.valves.AbstractAccessLogValve.invoke(AbstractAccessLogValve.java:660)
		at org.apache.catalina.core.StandardEngineValve.invoke(StandardEngineValve.java:74)
		at org.apache.catalina.connector.CoyoteAdapter.service(CoyoteAdapter.java:346)
		at org.apache.coyote.http11.Http11Processor.service(Http11Processor.java:383)
		at org.apache.coyote.AbstractProcessorLight.process(AbstractProcessorLight.java:63)
		at org.apache.coyote.AbstractProtocol$ConnectionHandler.process(AbstractProtocol.java:937)
		at org.apache.tomcat.util.net.NioEndpoint$SocketProcessor.doRun(NioEndpoint.java:1791)
		at org.apache.tomcat.util.net.SocketProcessorBase.run(SocketProcessorBase.java:52)
		at org.apache.tomcat.util.threads.ThreadPoolExecutor.runWorker(ThreadPoolExecutor.java:1190)
		at org.apache.tomcat.util.threads.ThreadPoolExecutor$Worker.run(ThreadPoolExecutor.java:659)
		at org.apache.tomcat.util.threads.TaskThread$WrappingRunnable.run(TaskThread.java:63)
		at java.base/java.lang.Thread.run(Thread.java:829)
23-Sep-2024 12:26:10.618 INFO [Thread-1] org.apache.catalina.core.ApplicationContext.log Destroying Spring FrameworkServlet 'dispatcher'
23-Sep-2024 12:26:10.623 INFO [Thread-1] org.apache.catalina.core.ApplicationContext.log Closing Spring root WebApplicationContext
23-Sep-2024 12:26:44.577 INFO [main] org.apache.catalina.core.ApplicationContext.log 1 Spring WebApplicationInitializers detected on classpath
23-Sep-2024 12:26:46.058 INFO [main] org.apache.catalina.core.ApplicationContext.log Initializing Spring root WebApplicationContext
23-Sep-2024 12:26:47.205 INFO [main] org.apache.catalina.core.ApplicationContext.log Initializing Spring DispatcherServlet 'dispatcher'
23-Sep-2024 12:26:50.395 SEVERE [http-nio-8080-exec-2] org.apache.catalina.core.StandardWrapperValve.invoke Servlet.service() for servlet [FacesServlet] in context with path [/call-center] threw exception [/index.xhtml: Property [username] not found on type [com.eastnets.call_center.controller.SupervisorController$$EnhancerBySpringCGLIB$$b9e5d6c1]] with root cause
	javax.el.ELException: /index.xhtml: Property [username] not found on type [com.eastnets.call_center.controller.SupervisorController$$EnhancerBySpringCGLIB$$b9e5d6c1]
		at com.sun.faces.facelets.compiler.AttributeInstruction.write(AttributeInstruction.java:95)
		at com.sun.faces.facelets.compiler.UIInstructions.encodeBegin(UIInstructions.java:83)
		at com.sun.faces.renderkit.html_basic.HtmlBasicRenderer.encodeRecursive(HtmlBasicRenderer.java:307)
		at com.sun.faces.renderkit.html_basic.GridRenderer.renderRow(GridRenderer.java:186)
		at com.sun.faces.renderkit.html_basic.GridRenderer.encodeChildren(GridRenderer.java:129)
		at javax.faces.component.UIComponentBase.encodeChildren(UIComponentBase.java:918)
		at javax.faces.component.UIComponent.encodeAll(UIComponent.java:1905)
		at javax.faces.render.Renderer.encodeChildren(Renderer.java:176)
		at javax.faces.component.UIComponentBase.encodeChildren(UIComponentBase.java:918)
		at javax.faces.component.UIComponent.encodeAll(UIComponent.java:1905)
		at javax.faces.component.UIComponent.encodeAll(UIComponent.java:1908)
		at javax.faces.component.UIComponent.encodeAll(UIComponent.java:1908)
		at com.sun.faces.application.view.FaceletViewHandlingStrategy.renderView(FaceletViewHandlingStrategy.java:491)
		at com.sun.faces.application.view.MultiViewHandler.renderView(MultiViewHandler.java:194)
		at com.sun.faces.lifecycle.RenderResponsePhase.execute(RenderResponsePhase.java:126)
		at com.sun.faces.lifecycle.Phase.doPhase(Phase.java:100)
		at com.sun.faces.lifecycle.LifecycleImpl.render(LifecycleImpl.java:223)
		at javax.faces.webapp.FacesServlet.service(FacesServlet.java:671)
		at org.apache.catalina.core.ApplicationFilterChain.internalDoFilter(ApplicationFilterChain.java:199)
		at org.apache.catalina.core.ApplicationFilterChain.doFilter(ApplicationFilterChain.java:144)
		at org.apache.tomcat.websocket.server.WsFilter.doFilter(WsFilter.java:51)
		at org.apache.catalina.core.ApplicationFilterChain.internalDoFilter(ApplicationFilterChain.java:168)
		at org.apache.catalina.core.ApplicationFilterChain.doFilter(ApplicationFilterChain.java:144)
		at org.apache.catalina.core.StandardWrapperValve.invoke(StandardWrapperValve.java:168)
		at org.apache.catalina.core.StandardContextValve.invoke(StandardContextValve.java:90)
		at org.apache.catalina.authenticator.AuthenticatorBase.invoke(AuthenticatorBase.java:482)
		at org.apache.catalina.core.StandardHostValve.invoke(StandardHostValve.java:130)
		at org.apache.catalina.valves.ErrorReportValve.invoke(ErrorReportValve.java:93)
		at org.apache.catalina.valves.AbstractAccessLogValve.invoke(AbstractAccessLogValve.java:660)
		at org.apache.catalina.core.StandardEngineValve.invoke(StandardEngineValve.java:74)
		at org.apache.catalina.connector.CoyoteAdapter.service(CoyoteAdapter.java:346)
		at org.apache.coyote.http11.Http11Processor.service(Http11Processor.java:383)
		at org.apache.coyote.AbstractProcessorLight.process(AbstractProcessorLight.java:63)
		at org.apache.coyote.AbstractProtocol$ConnectionHandler.process(AbstractProtocol.java:937)
		at org.apache.tomcat.util.net.NioEndpoint$SocketProcessor.doRun(NioEndpoint.java:1791)
		at org.apache.tomcat.util.net.SocketProcessorBase.run(SocketProcessorBase.java:52)
		at org.apache.tomcat.util.threads.ThreadPoolExecutor.runWorker(ThreadPoolExecutor.java:1190)
		at org.apache.tomcat.util.threads.ThreadPoolExecutor$Worker.run(ThreadPoolExecutor.java:659)
		at org.apache.tomcat.util.threads.TaskThread$WrappingRunnable.run(TaskThread.java:63)
		at java.base/java.lang.Thread.run(Thread.java:829)
23-Sep-2024 12:26:59.531 INFO [Thread-1] org.apache.catalina.core.ApplicationContext.log Destroying Spring FrameworkServlet 'dispatcher'
23-Sep-2024 12:26:59.546 INFO [Thread-1] org.apache.catalina.core.ApplicationContext.log Closing Spring root WebApplicationContext
23-Sep-2024 12:32:09.700 INFO [main] org.apache.catalina.core.ApplicationContext.log 1 Spring WebApplicationInitializers detected on classpath
23-Sep-2024 12:32:11.166 INFO [main] org.apache.catalina.core.ApplicationContext.log Initializing Spring root WebApplicationContext
23-Sep-2024 12:32:12.221 INFO [main] org.apache.catalina.core.ApplicationContext.log Initializing Spring DispatcherServlet 'dispatcher'
23-Sep-2024 12:32:14.584 SEVERE [http-nio-8080-exec-2] org.apache.catalina.core.StandardWrapperValve.invoke Servlet.service() for servlet [FacesServlet] in context with path [/call-center] threw exception [/index.xhtml: Property [username] not found on type [com.eastnets.call_center.controller.SupervisorController$$EnhancerBySpringCGLIB$$68a635df]] with root cause
	javax.el.ELException: /index.xhtml: Property [username] not found on type [com.eastnets.call_center.controller.SupervisorController$$EnhancerBySpringCGLIB$$68a635df]
		at com.sun.faces.facelets.compiler.AttributeInstruction.write(AttributeInstruction.java:95)
		at com.sun.faces.facelets.compiler.UIInstructions.encodeBegin(UIInstructions.java:83)
		at com.sun.faces.renderkit.html_basic.HtmlBasicRenderer.encodeRecursive(HtmlBasicRenderer.java:307)
		at com.sun.faces.renderkit.html_basic.GridRenderer.renderRow(GridRenderer.java:186)
		at com.sun.faces.renderkit.html_basic.GridRenderer.encodeChildren(GridRenderer.java:129)
		at javax.faces.component.UIComponentBase.encodeChildren(UIComponentBase.java:918)
		at javax.faces.component.UIComponent.encodeAll(UIComponent.java:1905)
		at javax.faces.render.Renderer.encodeChildren(Renderer.java:176)
		at javax.faces.component.UIComponentBase.encodeChildren(UIComponentBase.java:918)
		at javax.faces.component.UIComponent.encodeAll(UIComponent.java:1905)
		at javax.faces.component.UIComponent.encodeAll(UIComponent.java:1908)
		at javax.faces.component.UIComponent.encodeAll(UIComponent.java:1908)
		at com.sun.faces.application.view.FaceletViewHandlingStrategy.renderView(FaceletViewHandlingStrategy.java:491)
		at com.sun.faces.application.view.MultiViewHandler.renderView(MultiViewHandler.java:194)
		at com.sun.faces.lifecycle.RenderResponsePhase.execute(RenderResponsePhase.java:126)
		at com.sun.faces.lifecycle.Phase.doPhase(Phase.java:100)
		at com.sun.faces.lifecycle.LifecycleImpl.render(LifecycleImpl.java:223)
		at javax.faces.webapp.FacesServlet.service(FacesServlet.java:671)
		at org.apache.catalina.core.ApplicationFilterChain.internalDoFilter(ApplicationFilterChain.java:199)
		at org.apache.catalina.core.ApplicationFilterChain.doFilter(ApplicationFilterChain.java:144)
		at org.apache.tomcat.websocket.server.WsFilter.doFilter(WsFilter.java:51)
		at org.apache.catalina.core.ApplicationFilterChain.internalDoFilter(ApplicationFilterChain.java:168)
		at org.apache.catalina.core.ApplicationFilterChain.doFilter(ApplicationFilterChain.java:144)
		at org.apache.catalina.core.StandardWrapperValve.invoke(StandardWrapperValve.java:168)
		at org.apache.catalina.core.StandardContextValve.invoke(StandardContextValve.java:90)
		at org.apache.catalina.authenticator.AuthenticatorBase.invoke(AuthenticatorBase.java:482)
		at org.apache.catalina.core.StandardHostValve.invoke(StandardHostValve.java:130)
		at org.apache.catalina.valves.ErrorReportValve.invoke(ErrorReportValve.java:93)
		at org.apache.catalina.valves.AbstractAccessLogValve.invoke(AbstractAccessLogValve.java:660)
		at org.apache.catalina.core.StandardEngineValve.invoke(StandardEngineValve.java:74)
		at org.apache.catalina.connector.CoyoteAdapter.service(CoyoteAdapter.java:346)
		at org.apache.coyote.http11.Http11Processor.service(Http11Processor.java:383)
		at org.apache.coyote.AbstractProcessorLight.process(AbstractProcessorLight.java:63)
		at org.apache.coyote.AbstractProtocol$ConnectionHandler.process(AbstractProtocol.java:937)
		at org.apache.tomcat.util.net.NioEndpoint$SocketProcessor.doRun(NioEndpoint.java:1791)
		at org.apache.tomcat.util.net.SocketProcessorBase.run(SocketProcessorBase.java:52)
		at org.apache.tomcat.util.threads.ThreadPoolExecutor.runWorker(ThreadPoolExecutor.java:1190)
		at org.apache.tomcat.util.threads.ThreadPoolExecutor$Worker.run(ThreadPoolExecutor.java:659)
		at org.apache.tomcat.util.threads.TaskThread$WrappingRunnable.run(TaskThread.java:63)
		at java.base/java.lang.Thread.run(Thread.java:829)
23-Sep-2024 12:32:20.458 INFO [Thread-1] org.apache.catalina.core.ApplicationContext.log Destroying Spring FrameworkServlet 'dispatcher'
23-Sep-2024 12:32:20.464 INFO [Thread-1] org.apache.catalina.core.ApplicationContext.log Closing Spring root WebApplicationContext
23-Sep-2024 12:33:58.297 INFO [main] org.apache.catalina.core.ApplicationContext.log 1 Spring WebApplicationInitializers detected on classpath
23-Sep-2024 12:34:00.478 INFO [main] org.apache.catalina.core.ApplicationContext.log Initializing Spring root WebApplicationContext
23-Sep-2024 12:34:01.693 INFO [main] org.apache.catalina.core.ApplicationContext.log Initializing Spring DispatcherServlet 'dispatcher'
23-Sep-2024 12:34:04.194 SEVERE [http-nio-8080-exec-2] org.apache.catalina.core.StandardWrapperValve.invoke Servlet.service() for servlet [FacesServlet] in context with path [/call-center] threw exception [/index.xhtml @13,103 value="#{supervisorController.username}": Property [username] not found on type [com.eastnets.call_center.controller.SupervisorController$$EnhancerBySpringCGLIB$$73ecad33]] with root cause
	javax.el.PropertyNotFoundException: Property [username] not found on type [com.eastnets.call_center.controller.SupervisorController$$EnhancerBySpringCGLIB$$73ecad33]
		at javax.el.BeanELResolver$BeanProperties.get(BeanELResolver.java:253)
		at javax.el.BeanELResolver$BeanProperties.access$300(BeanELResolver.java:206)
		at javax.el.BeanELResolver.property(BeanELResolver.java:322)
		at javax.el.BeanELResolver.getValue(BeanELResolver.java:93)
		at com.sun.faces.el.DemuxCompositeELResolver._getValue(DemuxCompositeELResolver.java:180)
		at com.sun.faces.el.DemuxCompositeELResolver.getValue(DemuxCompositeELResolver.java:208)
		at org.apache.el.parser.AstValue.getValue(AstValue.java:160)
		at org.apache.el.ValueExpressionImpl.getValue(ValueExpressionImpl.java:151)
		at com.sun.faces.facelets.el.TagValueExpression.getValue(TagValueExpression.java:115)
		at javax.faces.component.ComponentStateHelper.eval(ComponentStateHelper.java:200)
		at javax.faces.component.ComponentStateHelper.eval(ComponentStateHelper.java:187)
		at javax.faces.component.UIOutput.getValue(UIOutput.java:179)
		at javax.faces.component.UIInput.getValue(UIInput.java:311)
		at org.primefaces.util.ComponentUtils.getValueToRender(ComponentUtils.java:104)
		at org.primefaces.util.ComponentUtils.getValueToRender(ComponentUtils.java:68)
		at org.primefaces.component.inputtext.InputTextRenderer.encodeMarkup(InputTextRenderer.java:96)
		at org.primefaces.component.inputtext.InputTextRenderer.encodeEnd(InputTextRenderer.java:67)
		at javax.faces.component.UIComponentBase.encodeEnd(UIComponentBase.java:949)
		at com.sun.faces.renderkit.html_basic.HtmlBasicRenderer.encodeRecursive(HtmlBasicRenderer.java:317)
		at com.sun.faces.renderkit.html_basic.GridRenderer.renderRow(GridRenderer.java:186)
		at com.sun.faces.renderkit.html_basic.GridRenderer.encodeChildren(GridRenderer.java:129)
		at javax.faces.component.UIComponentBase.encodeChildren(UIComponentBase.java:918)
		at org.primefaces.renderkit.CoreRenderer.renderChild(CoreRenderer.java:80)
		at org.primefaces.renderkit.CoreRenderer.renderChildren(CoreRenderer.java:67)
		at org.primefaces.component.panel.PanelRenderer.encodeContent(PanelRenderer.java:218)
		at org.primefaces.component.panel.PanelRenderer.encodeMarkup(PanelRenderer.java:132)
		at org.primefaces.component.panel.PanelRenderer.encodeEnd(PanelRenderer.java:68)
		at javax.faces.component.UIComponentBase.encodeEnd(UIComponentBase.java:949)
		at javax.faces.component.UIComponent.encodeAll(UIComponent.java:1912)
		at javax.faces.render.Renderer.encodeChildren(Renderer.java:176)
		at javax.faces.component.UIComponentBase.encodeChildren(UIComponentBase.java:918)
		at javax.faces.component.UIComponent.encodeAll(UIComponent.java:1905)
		at javax.faces.component.UIComponent.encodeAll(UIComponent.java:1908)
		at javax.faces.component.UIComponent.encodeAll(UIComponent.java:1908)
		at com.sun.faces.application.view.FaceletViewHandlingStrategy.renderView(FaceletViewHandlingStrategy.java:491)
		at com.sun.faces.application.view.MultiViewHandler.renderView(MultiViewHandler.java:194)
		at com.sun.faces.lifecycle.RenderResponsePhase.execute(RenderResponsePhase.java:126)
		at com.sun.faces.lifecycle.Phase.doPhase(Phase.java:100)
		at com.sun.faces.lifecycle.LifecycleImpl.render(LifecycleImpl.java:223)
		at javax.faces.webapp.FacesServlet.service(FacesServlet.java:671)
		at org.apache.catalina.core.ApplicationFilterChain.internalDoFilter(ApplicationFilterChain.java:199)
		at org.apache.catalina.core.ApplicationFilterChain.doFilter(ApplicationFilterChain.java:144)
		at org.apache.tomcat.websocket.server.WsFilter.doFilter(WsFilter.java:51)
		at org.apache.catalina.core.ApplicationFilterChain.internalDoFilter(ApplicationFilterChain.java:168)
		at org.apache.catalina.core.ApplicationFilterChain.doFilter(ApplicationFilterChain.java:144)
		at org.apache.catalina.core.StandardWrapperValve.invoke(StandardWrapperValve.java:168)
		at org.apache.catalina.core.StandardContextValve.invoke(StandardContextValve.java:90)
		at org.apache.catalina.authenticator.AuthenticatorBase.invoke(AuthenticatorBase.java:482)
		at org.apache.catalina.core.StandardHostValve.invoke(StandardHostValve.java:130)
		at org.apache.catalina.valves.ErrorReportValve.invoke(ErrorReportValve.java:93)
		at org.apache.catalina.valves.AbstractAccessLogValve.invoke(AbstractAccessLogValve.java:660)
		at org.apache.catalina.core.StandardEngineValve.invoke(StandardEngineValve.java:74)
		at org.apache.catalina.connector.CoyoteAdapter.service(CoyoteAdapter.java:346)
		at org.apache.coyote.http11.Http11Processor.service(Http11Processor.java:383)
		at org.apache.coyote.AbstractProcessorLight.process(AbstractProcessorLight.java:63)
		at org.apache.coyote.AbstractProtocol$ConnectionHandler.process(AbstractProtocol.java:937)
		at org.apache.tomcat.util.net.NioEndpoint$SocketProcessor.doRun(NioEndpoint.java:1791)
		at org.apache.tomcat.util.net.SocketProcessorBase.run(SocketProcessorBase.java:52)
		at org.apache.tomcat.util.threads.ThreadPoolExecutor.runWorker(ThreadPoolExecutor.java:1190)
		at org.apache.tomcat.util.threads.ThreadPoolExecutor$Worker.run(ThreadPoolExecutor.java:659)
		at org.apache.tomcat.util.threads.TaskThread$WrappingRunnable.run(TaskThread.java:63)
		at java.base/java.lang.Thread.run(Thread.java:829)
23-Sep-2024 12:37:07.219 INFO [main] org.apache.catalina.core.ApplicationContext.log 1 Spring WebApplicationInitializers detected on classpath
23-Sep-2024 12:37:09.207 INFO [main] org.apache.catalina.core.ApplicationContext.log Initializing Spring root WebApplicationContext
23-Sep-2024 12:37:10.255 INFO [main] org.apache.catalina.core.ApplicationContext.log Initializing Spring DispatcherServlet 'dispatcher'
23-Sep-2024 12:37:13.176 SEVERE [http-nio-8080-exec-3] org.apache.catalina.core.StandardWrapperValve.invoke Servlet.service() for servlet [FacesServlet] in context with path [/call-center] threw exception [/index.xhtml @13,103 value="#{supervisorController.username}": Property [username] not found on type [com.eastnets.call_center.controller.SupervisorController$$EnhancerBySpringCGLIB$$a4f89848]] with root cause
	javax.el.PropertyNotFoundException: Property [username] not found on type [com.eastnets.call_center.controller.SupervisorController$$EnhancerBySpringCGLIB$$a4f89848]
		at javax.el.BeanELResolver$BeanProperties.get(BeanELResolver.java:253)
		at javax.el.BeanELResolver$BeanProperties.access$300(BeanELResolver.java:206)
		at javax.el.BeanELResolver.property(BeanELResolver.java:322)
		at javax.el.BeanELResolver.getValue(BeanELResolver.java:93)
		at com.sun.faces.el.DemuxCompositeELResolver._getValue(DemuxCompositeELResolver.java:180)
		at com.sun.faces.el.DemuxCompositeELResolver.getValue(DemuxCompositeELResolver.java:208)
		at org.apache.el.parser.AstValue.getValue(AstValue.java:160)
		at org.apache.el.ValueExpressionImpl.getValue(ValueExpressionImpl.java:151)
		at com.sun.faces.facelets.el.TagValueExpression.getValue(TagValueExpression.java:115)
		at javax.faces.component.ComponentStateHelper.eval(ComponentStateHelper.java:200)
		at javax.faces.component.ComponentStateHelper.eval(ComponentStateHelper.java:187)
		at javax.faces.component.UIOutput.getValue(UIOutput.java:179)
		at javax.faces.component.UIInput.getValue(UIInput.java:311)
		at org.primefaces.util.ComponentUtils.getValueToRender(ComponentUtils.java:104)
		at org.primefaces.util.ComponentUtils.getValueToRender(ComponentUtils.java:68)
		at org.primefaces.component.inputtext.InputTextRenderer.encodeMarkup(InputTextRenderer.java:96)
		at org.primefaces.component.inputtext.InputTextRenderer.encodeEnd(InputTextRenderer.java:67)
		at javax.faces.component.UIComponentBase.encodeEnd(UIComponentBase.java:949)
		at com.sun.faces.renderkit.html_basic.HtmlBasicRenderer.encodeRecursive(HtmlBasicRenderer.java:317)
		at com.sun.faces.renderkit.html_basic.GridRenderer.renderRow(GridRenderer.java:186)
		at com.sun.faces.renderkit.html_basic.GridRenderer.encodeChildren(GridRenderer.java:129)
		at javax.faces.component.UIComponentBase.encodeChildren(UIComponentBase.java:918)
		at org.primefaces.renderkit.CoreRenderer.renderChild(CoreRenderer.java:80)
		at org.primefaces.renderkit.CoreRenderer.renderChildren(CoreRenderer.java:67)
		at org.primefaces.component.panel.PanelRenderer.encodeContent(PanelRenderer.java:218)
		at org.primefaces.component.panel.PanelRenderer.encodeMarkup(PanelRenderer.java:132)
		at org.primefaces.component.panel.PanelRenderer.encodeEnd(PanelRenderer.java:68)
		at javax.faces.component.UIComponentBase.encodeEnd(UIComponentBase.java:949)
		at javax.faces.component.UIComponent.encodeAll(UIComponent.java:1912)
		at javax.faces.render.Renderer.encodeChildren(Renderer.java:176)
		at javax.faces.component.UIComponentBase.encodeChildren(UIComponentBase.java:918)
		at javax.faces.component.UIComponent.encodeAll(UIComponent.java:1905)
		at javax.faces.component.UIComponent.encodeAll(UIComponent.java:1908)
		at javax.faces.component.UIComponent.encodeAll(UIComponent.java:1908)
		at com.sun.faces.application.view.FaceletViewHandlingStrategy.renderView(FaceletViewHandlingStrategy.java:491)
		at com.sun.faces.application.view.MultiViewHandler.renderView(MultiViewHandler.java:194)
		at com.sun.faces.lifecycle.RenderResponsePhase.execute(RenderResponsePhase.java:126)
		at com.sun.faces.lifecycle.Phase.doPhase(Phase.java:100)
		at com.sun.faces.lifecycle.LifecycleImpl.render(LifecycleImpl.java:223)
		at javax.faces.webapp.FacesServlet.service(FacesServlet.java:671)
		at org.apache.catalina.core.ApplicationFilterChain.internalDoFilter(ApplicationFilterChain.java:199)
		at org.apache.catalina.core.ApplicationFilterChain.doFilter(ApplicationFilterChain.java:144)
		at org.apache.tomcat.websocket.server.WsFilter.doFilter(WsFilter.java:51)
		at org.apache.catalina.core.ApplicationFilterChain.internalDoFilter(ApplicationFilterChain.java:168)
		at org.apache.catalina.core.ApplicationFilterChain.doFilter(ApplicationFilterChain.java:144)
		at org.apache.catalina.core.StandardWrapperValve.invoke(StandardWrapperValve.java:168)
		at org.apache.catalina.core.StandardContextValve.invoke(StandardContextValve.java:90)
		at org.apache.catalina.authenticator.AuthenticatorBase.invoke(AuthenticatorBase.java:482)
		at org.apache.catalina.core.StandardHostValve.invoke(StandardHostValve.java:130)
		at org.apache.catalina.valves.ErrorReportValve.invoke(ErrorReportValve.java:93)
		at org.apache.catalina.valves.AbstractAccessLogValve.invoke(AbstractAccessLogValve.java:660)
		at org.apache.catalina.core.StandardEngineValve.invoke(StandardEngineValve.java:74)
		at org.apache.catalina.connector.CoyoteAdapter.service(CoyoteAdapter.java:346)
		at org.apache.coyote.http11.Http11Processor.service(Http11Processor.java:383)
		at org.apache.coyote.AbstractProcessorLight.process(AbstractProcessorLight.java:63)
		at org.apache.coyote.AbstractProtocol$ConnectionHandler.process(AbstractProtocol.java:937)
		at org.apache.tomcat.util.net.NioEndpoint$SocketProcessor.doRun(NioEndpoint.java:1791)
		at org.apache.tomcat.util.net.SocketProcessorBase.run(SocketProcessorBase.java:52)
		at org.apache.tomcat.util.threads.ThreadPoolExecutor.runWorker(ThreadPoolExecutor.java:1190)
		at org.apache.tomcat.util.threads.ThreadPoolExecutor$Worker.run(ThreadPoolExecutor.java:659)
		at org.apache.tomcat.util.threads.TaskThread$WrappingRunnable.run(TaskThread.java:63)
		at java.base/java.lang.Thread.run(Thread.java:829)
23-Sep-2024 12:37:19.883 INFO [Thread-1] org.apache.catalina.core.ApplicationContext.log Destroying Spring FrameworkServlet 'dispatcher'
23-Sep-2024 12:37:19.883 INFO [Thread-1] org.apache.catalina.core.ApplicationContext.log Closing Spring root WebApplicationContext
23-Sep-2024 12:42:03.663 INFO [main] org.apache.catalina.core.ApplicationContext.log 1 Spring WebApplicationInitializers detected on classpath
23-Sep-2024 12:42:05.504 INFO [main] org.apache.catalina.core.ApplicationContext.log Initializing Spring root WebApplicationContext
23-Sep-2024 12:42:06.546 INFO [main] org.apache.catalina.core.ApplicationContext.log Initializing Spring DispatcherServlet 'dispatcher'
23-Sep-2024 12:42:36.399 INFO [Thread-1] org.apache.catalina.core.ApplicationContext.log Destroying Spring FrameworkServlet 'dispatcher'
23-Sep-2024 12:42:36.414 INFO [Thread-1] org.apache.catalina.core.ApplicationContext.log Closing Spring root WebApplicationContext
23-Sep-2024 12:46:00.365 INFO [main] org.apache.catalina.core.ApplicationContext.log 1 Spring WebApplicationInitializers detected on classpath
23-Sep-2024 12:46:02.116 INFO [main] org.apache.catalina.core.ApplicationContext.log Initializing Spring root WebApplicationContext
23-Sep-2024 12:46:03.152 INFO [main] org.apache.catalina.core.ApplicationContext.log Initializing Spring DispatcherServlet 'dispatcher'
23-Sep-2024 12:46:41.749 INFO [Thread-1] org.apache.catalina.core.ApplicationContext.log Destroying Spring FrameworkServlet 'dispatcher'
23-Sep-2024 12:46:41.749 INFO [Thread-1] org.apache.catalina.core.ApplicationContext.log Closing Spring root WebApplicationContext
23-Sep-2024 15:04:48.280 INFO [main] org.apache.catalina.core.ApplicationContext.log 1 Spring WebApplicationInitializers detected on classpath
23-Sep-2024 15:04:50.116 INFO [main] org.apache.catalina.core.ApplicationContext.log Initializing Spring root WebApplicationContext
23-Sep-2024 15:04:51.147 INFO [main] org.apache.catalina.core.ApplicationContext.log Initializing Spring DispatcherServlet 'dispatcher'
23-Sep-2024 15:06:26.398 INFO [Thread-1] org.apache.catalina.core.ApplicationContext.log Destroying Spring FrameworkServlet 'dispatcher'
23-Sep-2024 15:06:26.403 INFO [Thread-1] org.apache.catalina.core.ApplicationContext.log Closing Spring root WebApplicationContext
